#
# There is insufficient memory for the Java Runtime Environment to continue.
# Native memory allocation (malloc) failed to allocate 872096 bytes. Error detail: Chunk::new
# Possible reasons:
#   The system is out of physical RAM or swap space
#   This process is running with CompressedOops enabled, and the Java Heap may be blocking the growth of the native heap
# Possible solutions:
#   Reduce memory load on the system
#   Increase physical memory or swap space
#   Check if swap backing store is full
#   Decrease Java heap size (-Xmx/-Xms)
#   Decrease number of Java threads
#   Decrease Java thread stack sizes (-Xss)
#   Set larger code cache with -XX:ReservedCodeCacheSize=
#   JVM is running with Unscaled Compressed Oops mode in which the Java heap is
#     placed in the first 4GB address space. The Java Heap base address is the
#     maximum limit for the native heap growth. Please use -XX:HeapBaseMinAddress
#     to set the Java Heap base and to place the Java Heap above 4GB virtual address.
# This output file may be truncated or incomplete.
#
#  Out of Memory Error (arena.cpp:168), pid=19324, tid=17776
#
# JRE version: OpenJDK Runtime Environment Temurin-21.0.8+9 (21.0.8+9) (build 21.0.8+9-LTS)
# Java VM: OpenJDK 64-Bit Server VM Temurin-21.0.8+9 (21.0.8+9-LTS, mixed mode, sharing, tiered, compressed oops, compressed class ptrs, g1 gc, windows-amd64)
# No core dump will be written. Minidumps are not enabled by default on client versions of Windows
#

---------------  S U M M A R Y ------------

Command Line: --module-path=C:\Users\user\Downloads\openjfx-21.0.9_windows-x64_bin-sdk\javafx-sdk-21.0.9\lib --add-modules=javafx.controls,javafx.fxml -Dfile.encoding=UTF-8 -Dstdout.encoding=UTF-8 -Dstderr.encoding=UTF-8 --module-path=C:\Users\user\Downloads\openjfx-21.0.9_windows-x64_bin-sdk\javafx-sdk-21.0.9\lib\javafx-swt.jar;C:\Users\user\Downloads\openjfx-21.0.9_windows-x64_bin-sdk\javafx-sdk-21.0.9\lib\javafx.base.jar;C:\Users\user\Downloads\openjfx-21.0.9_windows-x64_bin-sdk\javafx-sdk-21.0.9\lib\javafx.controls.jar;C:\Users\user\Downloads\openjfx-21.0.9_windows-x64_bin-sdk\javafx-sdk-21.0.9\lib\javafx.fxml.jar;C:\Users\user\Downloads\openjfx-21.0.9_windows-x64_bin-sdk\javafx-sdk-21.0.9\lib\javafx.graphics.jar;C:\Users\user\Downloads\openjfx-21.0.9_windows-x64_bin-sdk\javafx-sdk-21.0.9\lib\javafx.media.jar;C:\Users\user\Downloads\openjfx-21.0.9_windows-x64_bin-sdk\javafx-sdk-21.0.9\lib\javafx.swing.jar;C:\Users\user\Downloads\openjfx-21.0.9_windows-x64_bin-sdk\javafx-sdk-21.0.9\lib\javafx.web.jar;C:\Users\user\.p2\pool\plugins\org.eclipse.fx.ide.css.jfx8_3.8.0.202204150904.jar -XX:+ShowCodeDetailsInExceptionMessages application.Main

Host: 11th Gen Intel(R) Core(TM) i3-1115G4 @ 3.00GHz, 4 cores, 3G,  Windows 11 , 64 bit Build 26100 (10.0.26100.7309)
Time: Wed Dec 31 13:33:46 2025 Pacific Standard Time elapsed time: 55.453921 seconds (0d 0h 0m 55s)

---------------  T H R E A D  ---------------

Current thread (0x0000028c1dd49ea0):  JavaThread "C2 CompilerThread0" daemon [_thread_in_native, id=17776, stack(0x000000a276c00000,0x000000a276d00000) (1024K)]


Current CompileTask:
C2:55454 8115       4       com.sun.javafx.css.SelectorPartitioning::match (696 bytes)

Stack: [0x000000a276c00000,0x000000a276d00000]
Native frames: (J=compiled Java code, j=interpreted, Vv=VM code, C=native code)
V  [jvm.dll+0x6d2449]
V  [jvm.dll+0x8ae341]
V  [jvm.dll+0x8b08be]
V  [jvm.dll+0x8b0fa3]
V  [jvm.dll+0x280c96]
V  [jvm.dll+0xc581d]
V  [jvm.dll+0xc5d53]
V  [jvm.dll+0x2f539d]
V  [jvm.dll+0x5fa00a]
V  [jvm.dll+0x252092]
V  [jvm.dll+0x24a85c]
V  [jvm.dll+0x2483a4]
V  [jvm.dll+0x1c89ee]
V  [jvm.dll+0x257d4d]
V  [jvm.dll+0x2562ea]
V  [jvm.dll+0x3f2d16]
V  [jvm.dll+0x857e6b]
V  [jvm.dll+0x6d0b0d]
C  [ucrtbase.dll+0x37b0]
C  [KERNEL32.DLL+0x2e8d7]
C  [ntdll.dll+0x8c53c]


---------------  P R O C E S S  ---------------

Threads class SMR info:
_java_thread_list=0x0000028c699ff800, length=19, elements={
0x0000028c058b5160, 0x0000028c1dd3f060, 0x0000028c1dd44010, 0x0000028c1dd45220,
0x0000028c1dd45c70, 0x0000028c1dd466c0, 0x0000028c1dd47110, 0x0000028c1dd49ea0,
0x0000028c1ddc3ee0, 0x0000028c07d56540, 0x0000028c633f71c0, 0x0000028c636dfb90,
0x0000028c63885de0, 0x0000028c63886440, 0x0000028c63ba9ca0, 0x0000028c63aaf640,
0x0000028c68d8fa20, 0x0000028c63166e60, 0x0000028c633c14f0
}

Java Threads: ( => current thread )
  0x0000028c058b5160 JavaThread "main"                              [_thread_blocked, id=14088, stack(0x000000a275e00000,0x000000a275f00000) (1024K)]
  0x0000028c1dd3f060 JavaThread "Reference Handler"          daemon [_thread_blocked, id=16276, stack(0x000000a276600000,0x000000a276700000) (1024K)]
  0x0000028c1dd44010 JavaThread "Finalizer"                  daemon [_thread_blocked, id=3212, stack(0x000000a276700000,0x000000a276800000) (1024K)]
  0x0000028c1dd45220 JavaThread "Signal Dispatcher"          daemon [_thread_blocked, id=17256, stack(0x000000a276800000,0x000000a276900000) (1024K)]
  0x0000028c1dd45c70 JavaThread "Attach Listener"            daemon [_thread_blocked, id=16200, stack(0x000000a276900000,0x000000a276a00000) (1024K)]
  0x0000028c1dd466c0 JavaThread "Service Thread"             daemon [_thread_blocked, id=14152, stack(0x000000a276a00000,0x000000a276b00000) (1024K)]
  0x0000028c1dd47110 JavaThread "Monitor Deflation Thread"   daemon [_thread_blocked, id=6848, stack(0x000000a276b00000,0x000000a276c00000) (1024K)]
=>0x0000028c1dd49ea0 JavaThread "C2 CompilerThread0"         daemon [_thread_in_native, id=17776, stack(0x000000a276c00000,0x000000a276d00000) (1024K)]
  0x0000028c1ddc3ee0 JavaThread "C1 CompilerThread0"         daemon [_thread_blocked, id=1276, stack(0x000000a276d00000,0x000000a276e00000) (1024K)]
  0x0000028c07d56540 JavaThread "Common-Cleaner"             daemon [_thread_blocked, id=2556, stack(0x000000a276e00000,0x000000a276f00000) (1024K)]
  0x0000028c633f71c0 JavaThread "Notification Thread"        daemon [_thread_blocked, id=11216, stack(0x000000a276f00000,0x000000a277000000) (1024K)]
  0x0000028c636dfb90 JavaThread "QuantumRenderer-0"          daemon [_thread_in_native, id=11616, stack(0x000000a277000000,0x000000a277100000) (1024K)]
  0x0000028c63885de0 JavaThread "InvokeLaterDispatcher"      daemon [_thread_blocked, id=3488, stack(0x000000a277400000,0x000000a277500000) (1024K)]
  0x0000028c63886440 JavaThread "JavaFX Application Thread"         [_thread_in_native, id=6468, stack(0x000000a277500000,0x000000a277600000) (1024K)]
  0x0000028c63ba9ca0 JavaThread "JavaFX-Launcher"                   [_thread_blocked, id=4004, stack(0x000000a277a00000,0x000000a277b00000) (1024K)]
  0x0000028c63aaf640 JavaThread "Thread-2"                   daemon [_thread_in_native, id=16664, stack(0x000000a277900000,0x000000a277a00000) (1024K)]
  0x0000028c68d8fa20 JavaThread "Prism Font Disposer"        daemon [_thread_blocked, id=6076, stack(0x000000a277b00000,0x000000a277c00000) (1024K)]
  0x0000028c63166e60 JavaThread "Cleaner-0"                  daemon [_thread_blocked, id=14160, stack(0x000000a278000000,0x000000a278100000) (1024K)]
  0x0000028c633c14f0 JavaThread "mysql-cj-abandoned-connection-cleanup" daemon [_thread_blocked, id=14816, stack(0x000000a278200000,0x000000a278300000) (1024K)]
Total: 19

Other Threads:
  0x0000028c1dd28c80 VMThread "VM Thread"                           [id=17520, stack(0x000000a276500000,0x000000a276600000) (1024K)]
  0x0000028c07d4d8e0 WatcherThread "VM Periodic Task Thread"        [id=17820, stack(0x000000a276400000,0x000000a276500000) (1024K)]
  0x0000028c07cd4010 WorkerThread "GC Thread#0"                     [id=6680, stack(0x000000a275f00000,0x000000a276000000) (1024K)]
  0x0000028c635b2490 WorkerThread "GC Thread#1"                     [id=19088, stack(0x000000a277100000,0x000000a277200000) (1024K)]
  0x0000028c635eb860 WorkerThread "GC Thread#2"                     [id=2148, stack(0x000000a277200000,0x000000a277300000) (1024K)]
  0x0000028c635ebc00 WorkerThread "GC Thread#3"                     [id=4108, stack(0x000000a277300000,0x000000a277400000) (1024K)]
  0x0000028c07cdc580 ConcurrentGCThread "G1 Main Marker"            [id=3744, stack(0x000000a276000000,0x000000a276100000) (1024K)]
  0x0000028c07cde5b0 WorkerThread "G1 Conc#0"                       [id=13864, stack(0x000000a276100000,0x000000a276200000) (1024K)]
  0x0000028c07d34b20 ConcurrentGCThread "G1 Refine#0"               [id=3512, stack(0x000000a276200000,0x000000a276300000) (1024K)]
  0x0000028c07d36bc0 ConcurrentGCThread "G1 Service"                [id=14612, stack(0x000000a276300000,0x000000a276400000) (1024K)]
Total: 10

Threads with active compile tasks:
C2 CompilerThread0  55534 8115       4       com.sun.javafx.css.SelectorPartitioning::match (696 bytes)
Total: 1

VM state: not at safepoint (normal execution)

VM Mutex/Monitor currently owned by a thread: None

Heap address: 0x00000000c4c00000, size: 948 MB, Compressed Oops mode: 32-bit

CDS archive(s) mapped at: [0x0000028c1e000000-0x0000028c1ec80000-0x0000028c1ec80000), size 13107200, SharedBaseAddress: 0x0000028c1e000000, ArchiveRelocationMode: 1.
Compressed class space mapped at: 0x0000028c1f000000-0x0000028c5f000000, reserved size: 1073741824
Narrow klass base: 0x0000028c1e000000, Narrow klass shift: 0, Narrow klass range: 0x100000000

GC Precious Log:
 CardTable entry size: 512
 Card Set container configuration: InlinePtr #cards 5 size 8 Array Of Cards #cards 12 size 40 Howl #buckets 4 coarsen threshold 1843 Howl Bitmap #cards 512 size 80 coarsen threshold 460 Card regions per heap region 1 cards per card region 2048
 CPUs: 4 total, 4 available
 Memory: 3790M
 Large Page Support: Disabled
 NUMA Support: Disabled
 Compressed Oops: Enabled (32-bit)
 Heap Region Size: 1M
 Heap Min Capacity: 8M
 Heap Initial Capacity: 60M
 Heap Max Capacity: 948M
 Pre-touch: Disabled
 Parallel Workers: 4
 Concurrent Workers: 1
 Concurrent Refinement Workers: 4
 Periodic GC: Disabled

Heap:
 garbage-first heap   total 182272K, used 105091K [0x00000000c4c00000, 0x0000000100000000)
  region size 1024K, 54 young (55296K), 3 survivors (3072K)
 Metaspace       used 33344K, committed 33728K, reserved 1114112K
  class space    used 4674K, committed 4864K, reserved 1048576K

Heap Regions: E=young(eden), S=young(survivor), O=old, HS=humongous(starts), HC=humongous(continues), CS=collection set, F=free, TAMS=top-at-mark-start, PB=parsable bottom
|   0|0x00000000c4c00000, 0x00000000c4d00000, 0x00000000c4d00000|100%| O|  |TAMS 0x00000000c4c00000| PB 0x00000000c4c00000| Untracked 
|   1|0x00000000c4d00000, 0x00000000c4e00000, 0x00000000c4e00000|100%| O|  |TAMS 0x00000000c4d00000| PB 0x00000000c4d00000| Untracked 
|   2|0x00000000c4e00000, 0x00000000c4f00000, 0x00000000c4f00000|100%| O|  |TAMS 0x00000000c4e00000| PB 0x00000000c4e00000| Untracked 
|   3|0x00000000c4f00000, 0x00000000c5000000, 0x00000000c5000000|100%| O|  |TAMS 0x00000000c4f00000| PB 0x00000000c4f00000| Untracked 
|   4|0x00000000c5000000, 0x00000000c5100000, 0x00000000c5100000|100%| O|  |TAMS 0x00000000c5000000| PB 0x00000000c5000000| Untracked 
|   5|0x00000000c5100000, 0x00000000c5200000, 0x00000000c5200000|100%| O|  |TAMS 0x00000000c5100000| PB 0x00000000c5100000| Untracked 
|   6|0x00000000c5200000, 0x00000000c5300000, 0x00000000c5300000|100%| O|  |TAMS 0x00000000c5200000| PB 0x00000000c5200000| Untracked 
|   7|0x00000000c5300000, 0x00000000c5400000, 0x00000000c5400000|100%|HS|  |TAMS 0x00000000c5300000| PB 0x00000000c5300000| Complete 
|   8|0x00000000c5400000, 0x00000000c5500000, 0x00000000c5500000|100%|HC|  |TAMS 0x00000000c5400000| PB 0x00000000c5400000| Complete 
|   9|0x00000000c5500000, 0x00000000c5600000, 0x00000000c5600000|100%|HS|  |TAMS 0x00000000c5500000| PB 0x00000000c5500000| Complete 
|  10|0x00000000c5600000, 0x00000000c5700000, 0x00000000c5700000|100%|HC|  |TAMS 0x00000000c5600000| PB 0x00000000c5600000| Complete 
|  11|0x00000000c5700000, 0x00000000c5800000, 0x00000000c5800000|100%|HC|  |TAMS 0x00000000c5700000| PB 0x00000000c5700000| Complete 
|  12|0x00000000c5800000, 0x00000000c5900000, 0x00000000c5900000|100%|HS|  |TAMS 0x00000000c5800000| PB 0x00000000c5800000| Complete 
|  13|0x00000000c5900000, 0x00000000c5a00000, 0x00000000c5a00000|100%|HC|  |TAMS 0x00000000c5900000| PB 0x00000000c5900000| Complete 
|  14|0x00000000c5a00000, 0x00000000c5b00000, 0x00000000c5b00000|100%|HS|  |TAMS 0x00000000c5a00000| PB 0x00000000c5a00000| Complete 
|  15|0x00000000c5b00000, 0x00000000c5c00000, 0x00000000c5c00000|100%|HC|  |TAMS 0x00000000c5b00000| PB 0x00000000c5b00000| Complete 
|  16|0x00000000c5c00000, 0x00000000c5d00000, 0x00000000c5d00000|100%|HS|  |TAMS 0x00000000c5c00000| PB 0x00000000c5c00000| Complete 
|  17|0x00000000c5d00000, 0x00000000c5e00000, 0x00000000c5e00000|100%|HC|  |TAMS 0x00000000c5d00000| PB 0x00000000c5d00000| Complete 
|  18|0x00000000c5e00000, 0x00000000c5f00000, 0x00000000c5f00000|100%|HS|  |TAMS 0x00000000c5e00000| PB 0x00000000c5e00000| Complete 
|  19|0x00000000c5f00000, 0x00000000c6000000, 0x00000000c6000000|100%|HC|  |TAMS 0x00000000c5f00000| PB 0x00000000c5f00000| Complete 
|  20|0x00000000c6000000, 0x00000000c6100000, 0x00000000c6100000|100%| O|  |TAMS 0x00000000c6000000| PB 0x00000000c6000000| Untracked 
|  21|0x00000000c6100000, 0x00000000c6200000, 0x00000000c6200000|100%| O|  |TAMS 0x00000000c6100000| PB 0x00000000c6100000| Untracked 
|  22|0x00000000c6200000, 0x00000000c6300000, 0x00000000c6300000|100%| O|  |TAMS 0x00000000c6200000| PB 0x00000000c6200000| Untracked 
|  23|0x00000000c6300000, 0x00000000c6400000, 0x00000000c6400000|100%| O|  |TAMS 0x00000000c6300000| PB 0x00000000c6300000| Untracked 
|  24|0x00000000c6400000, 0x00000000c6500000, 0x00000000c6500000|100%| O|  |TAMS 0x00000000c6400000| PB 0x00000000c6400000| Untracked 
|  25|0x00000000c6500000, 0x00000000c6600000, 0x00000000c6600000|100%| O|  |TAMS 0x00000000c6500000| PB 0x00000000c6500000| Untracked 
|  26|0x00000000c6600000, 0x00000000c6700000, 0x00000000c6700000|100%| O|  |TAMS 0x00000000c6600000| PB 0x00000000c6600000| Untracked 
|  27|0x00000000c6700000, 0x00000000c6800000, 0x00000000c6800000|100%| O|  |TAMS 0x00000000c6700000| PB 0x00000000c6700000| Untracked 
|  28|0x00000000c6800000, 0x00000000c6900000, 0x00000000c6900000|100%| O|  |TAMS 0x00000000c6800000| PB 0x00000000c6800000| Untracked 
|  29|0x00000000c6900000, 0x00000000c6a00000, 0x00000000c6a00000|100%| O|  |TAMS 0x00000000c6900000| PB 0x00000000c6900000| Untracked 
|  30|0x00000000c6a00000, 0x00000000c6b00000, 0x00000000c6b00000|100%| O|  |TAMS 0x00000000c6a00000| PB 0x00000000c6a00000| Untracked 
|  31|0x00000000c6b00000, 0x00000000c6c00000, 0x00000000c6c00000|100%| O|  |TAMS 0x00000000c6b00000| PB 0x00000000c6b00000| Untracked 
|  32|0x00000000c6c00000, 0x00000000c6d00000, 0x00000000c6d00000|100%| O|  |TAMS 0x00000000c6c00000| PB 0x00000000c6c00000| Untracked 
|  33|0x00000000c6d00000, 0x00000000c6e00000, 0x00000000c6e00000|100%| O|  |TAMS 0x00000000c6d00000| PB 0x00000000c6d00000| Untracked 
|  34|0x00000000c6e00000, 0x00000000c6f00000, 0x00000000c6f00000|100%| O|  |TAMS 0x00000000c6e00000| PB 0x00000000c6e00000| Untracked 
|  35|0x00000000c6f00000, 0x00000000c7000000, 0x00000000c7000000|100%| O|  |TAMS 0x00000000c6f00000| PB 0x00000000c6f00000| Untracked 
|  36|0x00000000c7000000, 0x00000000c7100000, 0x00000000c7100000|100%| O|  |TAMS 0x00000000c7000000| PB 0x00000000c7000000| Untracked 
|  37|0x00000000c7100000, 0x00000000c7100000, 0x00000000c7200000|  0%| F|  |TAMS 0x00000000c7100000| PB 0x00000000c7100000| Untracked 
|  38|0x00000000c7200000, 0x00000000c7300000, 0x00000000c7300000|100%| O|  |TAMS 0x00000000c7200000| PB 0x00000000c7200000| Untracked 
|  39|0x00000000c7300000, 0x00000000c7400000, 0x00000000c7400000|100%| O|  |TAMS 0x00000000c7300000| PB 0x00000000c7300000| Untracked 
|  40|0x00000000c7400000, 0x00000000c7500000, 0x00000000c7500000|100%| O|  |TAMS 0x00000000c7400000| PB 0x00000000c7400000| Untracked 
|  41|0x00000000c7500000, 0x00000000c7600000, 0x00000000c7600000|100%| O|  |TAMS 0x00000000c7500000| PB 0x00000000c7500000| Untracked 
|  42|0x00000000c7600000, 0x00000000c7700000, 0x00000000c7700000|100%| O|  |TAMS 0x00000000c7600000| PB 0x00000000c7600000| Untracked 
|  43|0x00000000c7700000, 0x00000000c7800000, 0x00000000c7800000|100%| O|  |TAMS 0x00000000c7700000| PB 0x00000000c7700000| Untracked 
|  44|0x00000000c7800000, 0x00000000c7900000, 0x00000000c7900000|100%| O|  |TAMS 0x00000000c7800000| PB 0x00000000c7800000| Untracked 
|  45|0x00000000c7900000, 0x00000000c7a00000, 0x00000000c7a00000|100%| O|  |TAMS 0x00000000c7900000| PB 0x00000000c7900000| Untracked 
|  46|0x00000000c7a00000, 0x00000000c7b00000, 0x00000000c7b00000|100%| O|  |TAMS 0x00000000c7a00000| PB 0x00000000c7a00000| Untracked 
|  47|0x00000000c7b00000, 0x00000000c7c00000, 0x00000000c7c00000|100%| O|  |TAMS 0x00000000c7b00000| PB 0x00000000c7b00000| Untracked 
|  48|0x00000000c7c00000, 0x00000000c7d00000, 0x00000000c7d00000|100%| O|  |TAMS 0x00000000c7c00000| PB 0x00000000c7c00000| Untracked 
|  49|0x00000000c7d00000, 0x00000000c7da0c70, 0x00000000c7e00000| 62%| O|  |TAMS 0x00000000c7d00000| PB 0x00000000c7d00000| Untracked 
|  50|0x00000000c7e00000, 0x00000000c7e00000, 0x00000000c7f00000|  0%| F|  |TAMS 0x00000000c7e00000| PB 0x00000000c7e00000| Untracked 
|  51|0x00000000c7f00000, 0x00000000c7f00000, 0x00000000c8000000|  0%| F|  |TAMS 0x00000000c7f00000| PB 0x00000000c7f00000| Untracked 
|  52|0x00000000c8000000, 0x00000000c8000000, 0x00000000c8100000|  0%| F|  |TAMS 0x00000000c8000000| PB 0x00000000c8000000| Untracked 
|  53|0x00000000c8100000, 0x00000000c8100000, 0x00000000c8200000|  0%| F|  |TAMS 0x00000000c8100000| PB 0x00000000c8100000| Untracked 
|  54|0x00000000c8200000, 0x00000000c8200000, 0x00000000c8300000|  0%| F|  |TAMS 0x00000000c8200000| PB 0x00000000c8200000| Untracked 
|  55|0x00000000c8300000, 0x00000000c8300000, 0x00000000c8400000|  0%| F|  |TAMS 0x00000000c8300000| PB 0x00000000c8300000| Untracked 
|  56|0x00000000c8400000, 0x00000000c8500000, 0x00000000c8500000|100%| S|CS|TAMS 0x00000000c8400000| PB 0x00000000c8400000| Complete 
|  57|0x00000000c8500000, 0x00000000c8600000, 0x00000000c8600000|100%| S|CS|TAMS 0x00000000c8500000| PB 0x00000000c8500000| Complete 
|  58|0x00000000c8600000, 0x00000000c8700000, 0x00000000c8700000|100%| S|CS|TAMS 0x00000000c8600000| PB 0x00000000c8600000| Complete 
|  59|0x00000000c8700000, 0x00000000c8700000, 0x00000000c8800000|  0%| F|  |TAMS 0x00000000c8700000| PB 0x00000000c8700000| Untracked 
|  60|0x00000000c8800000, 0x00000000c8800000, 0x00000000c8900000|  0%| F|  |TAMS 0x00000000c8800000| PB 0x00000000c8800000| Untracked 
|  61|0x00000000c8900000, 0x00000000c8900000, 0x00000000c8a00000|  0%| F|  |TAMS 0x00000000c8900000| PB 0x00000000c8900000| Untracked 
|  62|0x00000000c8a00000, 0x00000000c8a00000, 0x00000000c8b00000|  0%| F|  |TAMS 0x00000000c8a00000| PB 0x00000000c8a00000| Untracked 
|  63|0x00000000c8b00000, 0x00000000c8b00000, 0x00000000c8c00000|  0%| F|  |TAMS 0x00000000c8b00000| PB 0x00000000c8b00000| Untracked 
|  64|0x00000000c8c00000, 0x00000000c8c00000, 0x00000000c8d00000|  0%| F|  |TAMS 0x00000000c8c00000| PB 0x00000000c8c00000| Untracked 
|  65|0x00000000c8d00000, 0x00000000c8d00000, 0x00000000c8e00000|  0%| F|  |TAMS 0x00000000c8d00000| PB 0x00000000c8d00000| Untracked 
|  66|0x00000000c8e00000, 0x00000000c8e00000, 0x00000000c8f00000|  0%| F|  |TAMS 0x00000000c8e00000| PB 0x00000000c8e00000| Untracked 
|  67|0x00000000c8f00000, 0x00000000c8f00000, 0x00000000c9000000|  0%| F|  |TAMS 0x00000000c8f00000| PB 0x00000000c8f00000| Untracked 
|  68|0x00000000c9000000, 0x00000000c9000000, 0x00000000c9100000|  0%| F|  |TAMS 0x00000000c9000000| PB 0x00000000c9000000| Untracked 
|  69|0x00000000c9100000, 0x00000000c9100000, 0x00000000c9200000|  0%| F|  |TAMS 0x00000000c9100000| PB 0x00000000c9100000| Untracked 
|  70|0x00000000c9200000, 0x00000000c9200000, 0x00000000c9300000|  0%| F|  |TAMS 0x00000000c9200000| PB 0x00000000c9200000| Untracked 
|  71|0x00000000c9300000, 0x00000000c9300000, 0x00000000c9400000|  0%| F|  |TAMS 0x00000000c9300000| PB 0x00000000c9300000| Untracked 
|  72|0x00000000c9400000, 0x00000000c9400000, 0x00000000c9500000|  0%| F|  |TAMS 0x00000000c9400000| PB 0x00000000c9400000| Untracked 
|  73|0x00000000c9500000, 0x00000000c9500000, 0x00000000c9600000|  0%| F|  |TAMS 0x00000000c9500000| PB 0x00000000c9500000| Untracked 
|  74|0x00000000c9600000, 0x00000000c9600000, 0x00000000c9700000|  0%| F|  |TAMS 0x00000000c9600000| PB 0x00000000c9600000| Untracked 
|  75|0x00000000c9700000, 0x00000000c9700000, 0x00000000c9800000|  0%| F|  |TAMS 0x00000000c9700000| PB 0x00000000c9700000| Untracked 
|  76|0x00000000c9800000, 0x00000000c9800000, 0x00000000c9900000|  0%| F|  |TAMS 0x00000000c9800000| PB 0x00000000c9800000| Untracked 
|  77|0x00000000c9900000, 0x00000000c9900000, 0x00000000c9a00000|  0%| F|  |TAMS 0x00000000c9900000| PB 0x00000000c9900000| Untracked 
|  78|0x00000000c9a00000, 0x00000000c9a00000, 0x00000000c9b00000|  0%| F|  |TAMS 0x00000000c9a00000| PB 0x00000000c9a00000| Untracked 
|  79|0x00000000c9b00000, 0x00000000c9b00000, 0x00000000c9c00000|  0%| F|  |TAMS 0x00000000c9b00000| PB 0x00000000c9b00000| Untracked 
|  80|0x00000000c9c00000, 0x00000000c9c00000, 0x00000000c9d00000|  0%| F|  |TAMS 0x00000000c9c00000| PB 0x00000000c9c00000| Untracked 
|  81|0x00000000c9d00000, 0x00000000c9d00000, 0x00000000c9e00000|  0%| F|  |TAMS 0x00000000c9d00000| PB 0x00000000c9d00000| Untracked 
|  82|0x00000000c9e00000, 0x00000000c9e00000, 0x00000000c9f00000|  0%| F|  |TAMS 0x00000000c9e00000| PB 0x00000000c9e00000| Untracked 
|  83|0x00000000c9f00000, 0x00000000c9f00000, 0x00000000ca000000|  0%| F|  |TAMS 0x00000000c9f00000| PB 0x00000000c9f00000| Untracked 
|  84|0x00000000ca000000, 0x00000000ca000000, 0x00000000ca100000|  0%| F|  |TAMS 0x00000000ca000000| PB 0x00000000ca000000| Untracked 
|  85|0x00000000ca100000, 0x00000000ca100000, 0x00000000ca200000|  0%| F|  |TAMS 0x00000000ca100000| PB 0x00000000ca100000| Untracked 
|  86|0x00000000ca200000, 0x00000000ca200000, 0x00000000ca300000|  0%| F|  |TAMS 0x00000000ca200000| PB 0x00000000ca200000| Untracked 
|  87|0x00000000ca300000, 0x00000000ca300000, 0x00000000ca400000|  0%| F|  |TAMS 0x00000000ca300000| PB 0x00000000ca300000| Untracked 
|  88|0x00000000ca400000, 0x00000000ca400000, 0x00000000ca500000|  0%| F|  |TAMS 0x00000000ca400000| PB 0x00000000ca400000| Untracked 
|  89|0x00000000ca500000, 0x00000000ca500000, 0x00000000ca600000|  0%| F|  |TAMS 0x00000000ca500000| PB 0x00000000ca500000| Untracked 
|  90|0x00000000ca600000, 0x00000000ca600000, 0x00000000ca700000|  0%| F|  |TAMS 0x00000000ca600000| PB 0x00000000ca600000| Untracked 
|  91|0x00000000ca700000, 0x00000000ca700000, 0x00000000ca800000|  0%| F|  |TAMS 0x00000000ca700000| PB 0x00000000ca700000| Untracked 
|  92|0x00000000ca800000, 0x00000000ca800000, 0x00000000ca900000|  0%| F|  |TAMS 0x00000000ca800000| PB 0x00000000ca800000| Untracked 
|  93|0x00000000ca900000, 0x00000000ca900000, 0x00000000caa00000|  0%| F|  |TAMS 0x00000000ca900000| PB 0x00000000ca900000| Untracked 
|  94|0x00000000caa00000, 0x00000000caa00000, 0x00000000cab00000|  0%| F|  |TAMS 0x00000000caa00000| PB 0x00000000caa00000| Untracked 
|  95|0x00000000cab00000, 0x00000000cab00000, 0x00000000cac00000|  0%| F|  |TAMS 0x00000000cab00000| PB 0x00000000cab00000| Untracked 
|  96|0x00000000cac00000, 0x00000000cac00000, 0x00000000cad00000|  0%| F|  |TAMS 0x00000000cac00000| PB 0x00000000cac00000| Untracked 
|  97|0x00000000cad00000, 0x00000000cad00000, 0x00000000cae00000|  0%| F|  |TAMS 0x00000000cad00000| PB 0x00000000cad00000| Untracked 
|  98|0x00000000cae00000, 0x00000000cae00000, 0x00000000caf00000|  0%| F|  |TAMS 0x00000000cae00000| PB 0x00000000cae00000| Untracked 
|  99|0x00000000caf00000, 0x00000000caf00000, 0x00000000cb000000|  0%| F|  |TAMS 0x00000000caf00000| PB 0x00000000caf00000| Untracked 
| 100|0x00000000cb000000, 0x00000000cb000000, 0x00000000cb100000|  0%| F|  |TAMS 0x00000000cb000000| PB 0x00000000cb000000| Untracked 
| 101|0x00000000cb100000, 0x00000000cb100000, 0x00000000cb200000|  0%| F|  |TAMS 0x00000000cb100000| PB 0x00000000cb100000| Untracked 
| 102|0x00000000cb200000, 0x00000000cb200000, 0x00000000cb300000|  0%| F|  |TAMS 0x00000000cb200000| PB 0x00000000cb200000| Untracked 
| 103|0x00000000cb300000, 0x00000000cb300000, 0x00000000cb400000|  0%| F|  |TAMS 0x00000000cb300000| PB 0x00000000cb300000| Untracked 
| 104|0x00000000cb400000, 0x00000000cb400000, 0x00000000cb500000|  0%| F|  |TAMS 0x00000000cb400000| PB 0x00000000cb400000| Untracked 
| 105|0x00000000cb500000, 0x00000000cb500000, 0x00000000cb600000|  0%| F|  |TAMS 0x00000000cb500000| PB 0x00000000cb500000| Untracked 
| 106|0x00000000cb600000, 0x00000000cb600000, 0x00000000cb700000|  0%| F|  |TAMS 0x00000000cb600000| PB 0x00000000cb600000| Untracked 
| 107|0x00000000cb700000, 0x00000000cb700000, 0x00000000cb800000|  0%| F|  |TAMS 0x00000000cb700000| PB 0x00000000cb700000| Untracked 
| 108|0x00000000cb800000, 0x00000000cb800000, 0x00000000cb900000|  0%| F|  |TAMS 0x00000000cb800000| PB 0x00000000cb800000| Untracked 
| 109|0x00000000cb900000, 0x00000000cb900000, 0x00000000cba00000|  0%| F|  |TAMS 0x00000000cb900000| PB 0x00000000cb900000| Untracked 
| 110|0x00000000cba00000, 0x00000000cba00000, 0x00000000cbb00000|  0%| F|  |TAMS 0x00000000cba00000| PB 0x00000000cba00000| Untracked 
| 111|0x00000000cbb00000, 0x00000000cbb00000, 0x00000000cbc00000|  0%| F|  |TAMS 0x00000000cbb00000| PB 0x00000000cbb00000| Untracked 
| 112|0x00000000cbc00000, 0x00000000cbc00000, 0x00000000cbd00000|  0%| F|  |TAMS 0x00000000cbc00000| PB 0x00000000cbc00000| Untracked 
| 113|0x00000000cbd00000, 0x00000000cbd00000, 0x00000000cbe00000|  0%| F|  |TAMS 0x00000000cbd00000| PB 0x00000000cbd00000| Untracked 
| 114|0x00000000cbe00000, 0x00000000cbe00000, 0x00000000cbf00000|  0%| F|  |TAMS 0x00000000cbe00000| PB 0x00000000cbe00000| Untracked 
| 115|0x00000000cbf00000, 0x00000000cbf00000, 0x00000000cc000000|  0%| F|  |TAMS 0x00000000cbf00000| PB 0x00000000cbf00000| Untracked 
| 116|0x00000000cc000000, 0x00000000cc000000, 0x00000000cc100000|  0%| F|  |TAMS 0x00000000cc000000| PB 0x00000000cc000000| Untracked 
| 117|0x00000000cc100000, 0x00000000cc100000, 0x00000000cc200000|  0%| F|  |TAMS 0x00000000cc100000| PB 0x00000000cc100000| Untracked 
| 118|0x00000000cc200000, 0x00000000cc200000, 0x00000000cc300000|  0%| F|  |TAMS 0x00000000cc200000| PB 0x00000000cc200000| Untracked 
| 119|0x00000000cc300000, 0x00000000cc300000, 0x00000000cc400000|  0%| F|  |TAMS 0x00000000cc300000| PB 0x00000000cc300000| Untracked 
| 120|0x00000000cc400000, 0x00000000cc400000, 0x00000000cc500000|  0%| F|  |TAMS 0x00000000cc400000| PB 0x00000000cc400000| Untracked 
| 121|0x00000000cc500000, 0x00000000cc500000, 0x00000000cc600000|  0%| F|  |TAMS 0x00000000cc500000| PB 0x00000000cc500000| Untracked 
| 122|0x00000000cc600000, 0x00000000cc600000, 0x00000000cc700000|  0%| F|  |TAMS 0x00000000cc600000| PB 0x00000000cc600000| Untracked 
| 123|0x00000000cc700000, 0x00000000cc700000, 0x00000000cc800000|  0%| F|  |TAMS 0x00000000cc700000| PB 0x00000000cc700000| Untracked 
| 124|0x00000000cc800000, 0x00000000cc800000, 0x00000000cc900000|  0%| F|  |TAMS 0x00000000cc800000| PB 0x00000000cc800000| Untracked 
| 125|0x00000000cc900000, 0x00000000cc980ca8, 0x00000000cca00000| 50%| E|  |TAMS 0x00000000cc900000| PB 0x00000000cc900000| Complete 
| 126|0x00000000cca00000, 0x00000000ccb00000, 0x00000000ccb00000|100%| E|CS|TAMS 0x00000000cca00000| PB 0x00000000cca00000| Complete 
| 127|0x00000000ccb00000, 0x00000000ccc00000, 0x00000000ccc00000|100%| E|CS|TAMS 0x00000000ccb00000| PB 0x00000000ccb00000| Complete 
| 128|0x00000000ccc00000, 0x00000000ccd00000, 0x00000000ccd00000|100%| E|CS|TAMS 0x00000000ccc00000| PB 0x00000000ccc00000| Complete 
| 129|0x00000000ccd00000, 0x00000000cce00000, 0x00000000cce00000|100%| E|CS|TAMS 0x00000000ccd00000| PB 0x00000000ccd00000| Complete 
| 130|0x00000000cce00000, 0x00000000ccf00000, 0x00000000ccf00000|100%| E|CS|TAMS 0x00000000cce00000| PB 0x00000000cce00000| Complete 
| 131|0x00000000ccf00000, 0x00000000cd000000, 0x00000000cd000000|100%| E|CS|TAMS 0x00000000ccf00000| PB 0x00000000ccf00000| Complete 
| 132|0x00000000cd000000, 0x00000000cd100000, 0x00000000cd100000|100%| E|CS|TAMS 0x00000000cd000000| PB 0x00000000cd000000| Complete 
| 133|0x00000000cd100000, 0x00000000cd200000, 0x00000000cd200000|100%| E|CS|TAMS 0x00000000cd100000| PB 0x00000000cd100000| Complete 
| 134|0x00000000cd200000, 0x00000000cd300000, 0x00000000cd300000|100%| E|CS|TAMS 0x00000000cd200000| PB 0x00000000cd200000| Complete 
| 135|0x00000000cd300000, 0x00000000cd400000, 0x00000000cd400000|100%| E|CS|TAMS 0x00000000cd300000| PB 0x00000000cd300000| Complete 
| 136|0x00000000cd400000, 0x00000000cd500000, 0x00000000cd500000|100%| E|CS|TAMS 0x00000000cd400000| PB 0x00000000cd400000| Complete 
| 137|0x00000000cd500000, 0x00000000cd600000, 0x00000000cd600000|100%| E|CS|TAMS 0x00000000cd500000| PB 0x00000000cd500000| Complete 
| 138|0x00000000cd600000, 0x00000000cd700000, 0x00000000cd700000|100%| E|  |TAMS 0x00000000cd600000| PB 0x00000000cd600000| Complete 
| 139|0x00000000cd700000, 0x00000000cd800000, 0x00000000cd800000|100%| E|CS|TAMS 0x00000000cd700000| PB 0x00000000cd700000| Complete 
| 140|0x00000000cd800000, 0x00000000cd900000, 0x00000000cd900000|100%| E|CS|TAMS 0x00000000cd800000| PB 0x00000000cd800000| Complete 
| 141|0x00000000cd900000, 0x00000000cda00000, 0x00000000cda00000|100%| E|CS|TAMS 0x00000000cd900000| PB 0x00000000cd900000| Complete 
| 142|0x00000000cda00000, 0x00000000cdb00000, 0x00000000cdb00000|100%| E|CS|TAMS 0x00000000cda00000| PB 0x00000000cda00000| Complete 
| 143|0x00000000cdb00000, 0x00000000cdc00000, 0x00000000cdc00000|100%| E|CS|TAMS 0x00000000cdb00000| PB 0x00000000cdb00000| Complete 
| 144|0x00000000cdc00000, 0x00000000cdd00000, 0x00000000cdd00000|100%| E|CS|TAMS 0x00000000cdc00000| PB 0x00000000cdc00000| Complete 
| 145|0x00000000cdd00000, 0x00000000cde00000, 0x00000000cde00000|100%| E|CS|TAMS 0x00000000cdd00000| PB 0x00000000cdd00000| Complete 
| 146|0x00000000cde00000, 0x00000000cdf00000, 0x00000000cdf00000|100%| E|CS|TAMS 0x00000000cde00000| PB 0x00000000cde00000| Complete 
| 147|0x00000000cdf00000, 0x00000000ce000000, 0x00000000ce000000|100%| E|CS|TAMS 0x00000000cdf00000| PB 0x00000000cdf00000| Complete 
| 148|0x00000000ce000000, 0x00000000ce100000, 0x00000000ce100000|100%| E|CS|TAMS 0x00000000ce000000| PB 0x00000000ce000000| Complete 
| 149|0x00000000ce100000, 0x00000000ce200000, 0x00000000ce200000|100%| E|CS|TAMS 0x00000000ce100000| PB 0x00000000ce100000| Complete 
| 150|0x00000000ce200000, 0x00000000ce300000, 0x00000000ce300000|100%| E|CS|TAMS 0x00000000ce200000| PB 0x00000000ce200000| Complete 
| 151|0x00000000ce300000, 0x00000000ce400000, 0x00000000ce400000|100%| E|CS|TAMS 0x00000000ce300000| PB 0x00000000ce300000| Complete 
| 152|0x00000000ce400000, 0x00000000ce500000, 0x00000000ce500000|100%| E|CS|TAMS 0x00000000ce400000| PB 0x00000000ce400000| Complete 
| 153|0x00000000ce500000, 0x00000000ce600000, 0x00000000ce600000|100%| E|CS|TAMS 0x00000000ce500000| PB 0x00000000ce500000| Complete 
| 154|0x00000000ce600000, 0x00000000ce700000, 0x00000000ce700000|100%| E|CS|TAMS 0x00000000ce600000| PB 0x00000000ce600000| Complete 
| 155|0x00000000ce700000, 0x00000000ce800000, 0x00000000ce800000|100%| E|CS|TAMS 0x00000000ce700000| PB 0x00000000ce700000| Complete 
| 156|0x00000000ce800000, 0x00000000ce900000, 0x00000000ce900000|100%| E|CS|TAMS 0x00000000ce800000| PB 0x00000000ce800000| Complete 
| 157|0x00000000ce900000, 0x00000000cea00000, 0x00000000cea00000|100%| E|CS|TAMS 0x00000000ce900000| PB 0x00000000ce900000| Complete 
| 158|0x00000000cea00000, 0x00000000ceb00000, 0x00000000ceb00000|100%| E|CS|TAMS 0x00000000cea00000| PB 0x00000000cea00000| Complete 
| 159|0x00000000ceb00000, 0x00000000cec00000, 0x00000000cec00000|100%| E|CS|TAMS 0x00000000ceb00000| PB 0x00000000ceb00000| Complete 
| 160|0x00000000cec00000, 0x00000000ced00000, 0x00000000ced00000|100%| E|CS|TAMS 0x00000000cec00000| PB 0x00000000cec00000| Complete 
| 161|0x00000000ced00000, 0x00000000cee00000, 0x00000000cee00000|100%| E|CS|TAMS 0x00000000ced00000| PB 0x00000000ced00000| Complete 
| 162|0x00000000cee00000, 0x00000000cef00000, 0x00000000cef00000|100%| E|CS|TAMS 0x00000000cee00000| PB 0x00000000cee00000| Complete 
| 163|0x00000000cef00000, 0x00000000cf000000, 0x00000000cf000000|100%| E|CS|TAMS 0x00000000cef00000| PB 0x00000000cef00000| Complete 
| 164|0x00000000cf000000, 0x00000000cf100000, 0x00000000cf100000|100%| E|CS|TAMS 0x00000000cf000000| PB 0x00000000cf000000| Complete 
| 165|0x00000000cf100000, 0x00000000cf200000, 0x00000000cf200000|100%| E|CS|TAMS 0x00000000cf100000| PB 0x00000000cf100000| Complete 
| 166|0x00000000cf200000, 0x00000000cf300000, 0x00000000cf300000|100%| E|CS|TAMS 0x00000000cf200000| PB 0x00000000cf200000| Complete 
| 167|0x00000000cf300000, 0x00000000cf400000, 0x00000000cf400000|100%| E|CS|TAMS 0x00000000cf300000| PB 0x00000000cf300000| Complete 
| 168|0x00000000cf400000, 0x00000000cf500000, 0x00000000cf500000|100%| E|CS|TAMS 0x00000000cf400000| PB 0x00000000cf400000| Complete 
| 169|0x00000000cf500000, 0x00000000cf600000, 0x00000000cf600000|100%| E|CS|TAMS 0x00000000cf500000| PB 0x00000000cf500000| Complete 
| 170|0x00000000cf600000, 0x00000000cf700000, 0x00000000cf700000|100%| E|CS|TAMS 0x00000000cf600000| PB 0x00000000cf600000| Complete 
| 171|0x00000000cf700000, 0x00000000cf800000, 0x00000000cf800000|100%| E|CS|TAMS 0x00000000cf700000| PB 0x00000000cf700000| Complete 
| 172|0x00000000cf800000, 0x00000000cf900000, 0x00000000cf900000|100%| E|CS|TAMS 0x00000000cf800000| PB 0x00000000cf800000| Complete 
| 173|0x00000000cf900000, 0x00000000cfa00000, 0x00000000cfa00000|100%| E|CS|TAMS 0x00000000cf900000| PB 0x00000000cf900000| Complete 
| 174|0x00000000cfa00000, 0x00000000cfb00000, 0x00000000cfb00000|100%| E|CS|TAMS 0x00000000cfa00000| PB 0x00000000cfa00000| Complete 
| 175|0x00000000cfb00000, 0x00000000cfc00000, 0x00000000cfc00000|100%| E|CS|TAMS 0x00000000cfb00000| PB 0x00000000cfb00000| Complete 
| 946|0x00000000ffe00000, 0x00000000fff00000, 0x00000000fff00000|100%| O|  |TAMS 0x00000000ffe00000| PB 0x00000000ffe00000| Untracked 
| 947|0x00000000fff00000, 0x0000000100000000, 0x0000000100000000|100%| O|  |TAMS 0x00000000fff00000| PB 0x00000000fff00000| Untracked 

Card table byte_map: [0x0000028c1a820000,0x0000028c1aa00000] _byte_map_base: 0x0000028c1a1fa000

Marking Bits: (CMBitMap*) 0x0000028c07cd4620
 Bits: [0x0000028c1aa00000, 0x0000028c1b8d0000)

Polling page: 0x0000028c05ab0000

Metaspace:

Usage:
  Non-class:     28.00 MB used.
      Class:      4.57 MB used.
       Both:     32.56 MB used.

Virtual space:
  Non-class space:       64.00 MB reserved,      28.19 MB ( 44%) committed,  1 nodes.
      Class space:        1.00 GB reserved,       4.75 MB ( <1%) committed,  1 nodes.
             Both:        1.06 GB reserved,      32.94 MB (  3%) committed. 

Chunk freelists:
   Non-Class:  3.19 MB
       Class:  11.30 MB
        Both:  14.48 MB

MaxMetaspaceSize: unlimited
CompressedClassSpaceSize: 1.00 GB
Initial GC threshold: 21.00 MB
Current GC threshold: 52.94 MB
CDS: on
 - commit_granule_bytes: 65536.
 - commit_granule_words: 8192.
 - virtual_space_node_default_size: 8388608.
 - enlarge_chunks_in_place: 1.
 - use_allocation_guard: 0.


Internal statistics:

num_allocs_failed_limit: 3.
num_arena_births: 492.
num_arena_deaths: 0.
num_vsnodes_births: 2.
num_vsnodes_deaths: 0.
num_space_committed: 527.
num_space_uncommitted: 0.
num_chunks_returned_to_freelist: 3.
num_chunks_taken_from_freelist: 1529.
num_chunk_merges: 3.
num_chunk_splits: 1061.
num_chunks_enlarged: 790.
num_inconsistent_stats: 0.

CodeHeap 'non-profiled nmethods': size=120000Kb used=3949Kb max_used=3949Kb free=116050Kb
 bounds [0x0000028c13110000, 0x0000028c134f0000, 0x0000028c1a640000]
CodeHeap 'profiled nmethods': size=120000Kb used=15258Kb max_used=15258Kb free=104741Kb
 bounds [0x0000028c0b640000, 0x0000028c0c530000, 0x0000028c12b70000]
CodeHeap 'non-nmethods': size=5760Kb used=2242Kb max_used=2311Kb free=3517Kb
 bounds [0x0000028c12b70000, 0x0000028c12de0000, 0x0000028c13110000]
CodeCache: size=245760Kb, used=21449Kb, max_used=21518Kb, free=224308Kb
 total_blobs=8433, nmethods=7490, adapters=847, full_count=0
Compilation: enabled, stopped_count=0, restarted_count=0

Compilation events (20 events):
Event: 55.247 Thread 0x0000028c1ddc3ee0 nmethod 8143 0x0000028c0c513690 code [0x0000028c0c513a80, 0x0000028c0c515d60]
Event: 55.248 Thread 0x0000028c1ddc3ee0 8144       3       javafx.scene.control.IndexedCell$1::invalidated (63 bytes)
Event: 55.248 Thread 0x0000028c1ddc3ee0 nmethod 8144 0x0000028c0c516510 code [0x0000028c0c516700, 0x0000028c0c516c48]
Event: 55.251 Thread 0x0000028c1ddc3ee0 8145       1       javafx.scene.control.Cell::itemProperty (5 bytes)
Event: 55.251 Thread 0x0000028c1ddc3ee0 nmethod 8145 0x0000028c134eb390 code [0x0000028c134eb520, 0x0000028c134eb5f0]
Event: 55.251 Thread 0x0000028c1ddc3ee0 8146       3       javafx.scene.control.TableRow::tableViewPropertyImpl (24 bytes)
Event: 55.251 Thread 0x0000028c1ddc3ee0 nmethod 8146 0x0000028c0c516e10 code [0x0000028c0c517000, 0x0000028c0c5174f8]
Event: 55.260 Thread 0x0000028c1ddc3ee0 8148       3       javafx.scene.Node::managedProperty (25 bytes)
Event: 55.260 Thread 0x0000028c1ddc3ee0 nmethod 8148 0x0000028c0c517690 code [0x0000028c0c517860, 0x0000028c0c517c08]
Event: 55.266 Thread 0x0000028c1ddc3ee0 8149       2       javafx.scene.control.skin.VirtualFlow::setCellIndex (70 bytes)
Event: 55.267 Thread 0x0000028c1ddc3ee0 nmethod 8149 0x0000028c0c517d90 code [0x0000028c0c517fa0, 0x0000028c0c518588]
Event: 55.267 Thread 0x0000028c1ddc3ee0 8150       3       javafx.scene.text.Text$$Lambda/0x0000028c1f110b08::invalidated (9 bytes)
Event: 55.267 Thread 0x0000028c1ddc3ee0 nmethod 8150 0x0000028c0c518810 code [0x0000028c0c5189c0, 0x0000028c0c518b60]
Event: 55.270 Thread 0x0000028c1ddc3ee0 8151       3       javafx.scene.layout.Region::heightProperty (31 bytes)
Event: 55.270 Thread 0x0000028c1ddc3ee0 nmethod 8151 0x0000028c0c518c90 code [0x0000028c0c518ea0, 0x0000028c0c519688]
Event: 55.271 Thread 0x0000028c1ddc3ee0 8152       3       javafx.scene.control.skin.LabeledSkinBase::computeMinHeight (13 bytes)
Event: 55.271 Thread 0x0000028c1ddc3ee0 nmethod 8152 0x0000028c0c519910 code [0x0000028c0c519ac0, 0x0000028c0c519bf8]
Event: 55.278 Thread 0x0000028c1ddc3ee0 8154       3       javafx.scene.control.TableCell::updateEditing (75 bytes)
Event: 55.444 Thread 0x0000028c1ddc3ee0 nmethod 8154 0x0000028c0c519d10 code [0x0000028c0c51a100, 0x0000028c0c51c570]
Event: 55.444 Thread 0x0000028c1ddc3ee0 8155       3       com.sun.javafx.scene.layout.RegionHelper::computeLayoutBoundsImpl (10 bytes)

GC Heap History (20 events):
Event: 4.633 GC heap before
{Heap before GC invocations=1 (full 0):
 garbage-first heap   total 61440K, used 27328K [0x00000000c4c00000, 0x0000000100000000)
  region size 1024K, 25 young (25600K), 2 survivors (2048K)
 Metaspace       used 8414K, committed 8704K, reserved 1114112K
  class space    used 1097K, committed 1216K, reserved 1048576K
}
Event: 4.639 GC heap after
{Heap after GC invocations=2 (full 0):
 garbage-first heap   total 61440K, used 8421K [0x00000000c4c00000, 0x0000000100000000)
  region size 1024K, 4 young (4096K), 4 survivors (4096K)
 Metaspace       used 8414K, committed 8704K, reserved 1114112K
  class space    used 1097K, committed 1216K, reserved 1048576K
}
Event: 10.488 GC heap before
{Heap before GC invocations=2 (full 0):
 garbage-first heap   total 61440K, used 55525K [0x00000000c4c00000, 0x0000000100000000)
  region size 1024K, 36 young (36864K), 4 survivors (4096K)
 Metaspace       used 15219K, committed 15552K, reserved 1114112K
  class space    used 2167K, committed 2304K, reserved 1048576K
}
Event: 10.518 GC heap after
{Heap after GC invocations=3 (full 0):
 garbage-first heap   total 65536K, used 27818K [0x00000000c4c00000, 0x0000000100000000)
  region size 1024K, 4 young (4096K), 4 survivors (4096K)
 Metaspace       used 15219K, committed 15552K, reserved 1114112K
  class space    used 2167K, committed 2304K, reserved 1048576K
}
Event: 20.529 GC heap before
{Heap before GC invocations=3 (full 0):
 garbage-first heap   total 65536K, used 44202K [0x00000000c4c00000, 0x0000000100000000)
  region size 1024K, 22 young (22528K), 4 survivors (4096K)
 Metaspace       used 21133K, committed 21504K, reserved 1114112K
  class space    used 2957K, committed 3072K, reserved 1048576K
}
Event: 20.535 GC heap after
{Heap after GC invocations=4 (full 0):
 garbage-first heap   total 65536K, used 30613K [0x00000000c4c00000, 0x0000000100000000)
  region size 1024K, 3 young (3072K), 3 survivors (3072K)
 Metaspace       used 21133K, committed 21504K, reserved 1114112K
  class space    used 2957K, committed 3072K, reserved 1048576K
}
Event: 21.448 GC heap before
{Heap before GC invocations=5 (full 0):
 garbage-first heap   total 65536K, used 54165K [0x00000000c4c00000, 0x0000000100000000)
  region size 1024K, 27 young (27648K), 3 survivors (3072K)
 Metaspace       used 28053K, committed 28480K, reserved 1114112K
  class space    used 3985K, committed 4160K, reserved 1048576K
}
Event: 21.453 GC heap after
{Heap after GC invocations=6 (full 0):
 garbage-first heap   total 65536K, used 33872K [0x00000000c4c00000, 0x0000000100000000)
  region size 1024K, 4 young (4096K), 4 survivors (4096K)
 Metaspace       used 28053K, committed 28480K, reserved 1114112K
  class space    used 3985K, committed 4160K, reserved 1048576K
}
Event: 21.990 GC heap before
{Heap before GC invocations=6 (full 0):
 garbage-first heap   total 65536K, used 55376K [0x00000000c4c00000, 0x0000000100000000)
  region size 1024K, 25 young (25600K), 4 survivors (4096K)
 Metaspace       used 30733K, committed 31168K, reserved 1114112K
  class space    used 4476K, committed 4672K, reserved 1048576K
}
Event: 22.000 GC heap after
{Heap after GC invocations=7 (full 0):
 garbage-first heap   total 65536K, used 36865K [0x00000000c4c00000, 0x0000000100000000)
  region size 1024K, 4 young (4096K), 4 survivors (4096K)
 Metaspace       used 30733K, committed 31168K, reserved 1114112K
  class space    used 4476K, committed 4672K, reserved 1048576K
}
Event: 22.287 GC heap before
{Heap before GC invocations=8 (full 0):
 garbage-first heap   total 65536K, used 50177K [0x00000000c4c00000, 0x0000000100000000)
  region size 1024K, 22 young (22528K), 4 survivors (4096K)
 Metaspace       used 31259K, committed 31680K, reserved 1114112K
  class space    used 4542K, committed 4736K, reserved 1048576K
}
Event: 22.299 GC heap after
{Heap after GC invocations=9 (full 0):
 garbage-first heap   total 65536K, used 36864K [0x00000000c4c00000, 0x0000000100000000)
  region size 1024K, 3 young (3072K), 3 survivors (3072K)
 Metaspace       used 31259K, committed 31680K, reserved 1114112K
  class space    used 4542K, committed 4736K, reserved 1048576K
}
Event: 22.549 GC heap before
{Heap before GC invocations=9 (full 0):
 garbage-first heap   total 65536K, used 55296K [0x00000000c4c00000, 0x0000000100000000)
  region size 1024K, 21 young (21504K), 3 survivors (3072K)
 Metaspace       used 31859K, committed 32256K, reserved 1114112K
  class space    used 4630K, committed 4800K, reserved 1048576K
}
Event: 22.562 GC heap after
{Heap after GC invocations=10 (full 0):
 garbage-first heap   total 65536K, used 42870K [0x00000000c4c00000, 0x0000000100000000)
  region size 1024K, 3 young (3072K), 3 survivors (3072K)
 Metaspace       used 31859K, committed 32256K, reserved 1114112K
  class space    used 4630K, committed 4800K, reserved 1048576K
}
Event: 22.691 GC heap before
{Heap before GC invocations=10 (full 0):
 garbage-first heap   total 65536K, used 56182K [0x00000000c4c00000, 0x0000000100000000)
  region size 1024K, 16 young (16384K), 3 survivors (3072K)
 Metaspace       used 32049K, committed 32448K, reserved 1114112K
  class space    used 4634K, committed 4800K, reserved 1048576K
}
Event: 22.700 GC heap after
{Heap after GC invocations=11 (full 0):
 garbage-first heap   total 65536K, used 47673K [0x00000000c4c00000, 0x0000000100000000)
  region size 1024K, 2 young (2048K), 2 survivors (2048K)
 Metaspace       used 32049K, committed 32448K, reserved 1114112K
  class space    used 4634K, committed 4800K, reserved 1048576K
}
Event: 22.790 GC heap before
{Heap before GC invocations=12 (full 0):
 garbage-first heap   total 80896K, used 56889K [0x00000000c4c00000, 0x0000000100000000)
  region size 1024K, 11 young (11264K), 2 survivors (2048K)
 Metaspace       used 32111K, committed 32512K, reserved 1114112K
  class space    used 4637K, committed 4800K, reserved 1048576K
}
Event: 22.798 GC heap after
{Heap after GC invocations=13 (full 0):
 garbage-first heap   total 80896K, used 51200K [0x00000000c4c00000, 0x0000000100000000)
  region size 1024K, 2 young (2048K), 2 survivors (2048K)
 Metaspace       used 32111K, committed 32512K, reserved 1114112K
  class space    used 4637K, committed 4800K, reserved 1048576K
}
Event: 23.199 GC heap before
{Heap before GC invocations=13 (full 0):
 garbage-first heap   total 80896K, used 66560K [0x00000000c4c00000, 0x0000000100000000)
  region size 1024K, 18 young (18432K), 2 survivors (2048K)
 Metaspace       used 32536K, committed 32896K, reserved 1114112K
  class space    used 4661K, committed 4800K, reserved 1048576K
}
Event: 23.209 GC heap after
{Heap after GC invocations=14 (full 0):
 garbage-first heap   total 182272K, used 54915K [0x00000000c4c00000, 0x0000000100000000)
  region size 1024K, 3 young (3072K), 3 survivors (3072K)
 Metaspace       used 32536K, committed 32896K, reserved 1114112K
  class space    used 4661K, committed 4800K, reserved 1048576K
}

Dll operation events (20 events):
Event: 3.161 Loaded shared library C:\Users\user\Downloads\openjfx-21.0.9_windows-x64_bin-sdk\javafx-sdk-21.0.9\bin\api-ms-win-crt-private-l1-1-0.dll
Event: 3.172 Loaded shared library C:\Users\user\Downloads\openjfx-21.0.9_windows-x64_bin-sdk\javafx-sdk-21.0.9\bin\api-ms-win-crt-process-l1-1-0.dll
Event: 3.178 Loaded shared library C:\Users\user\Downloads\openjfx-21.0.9_windows-x64_bin-sdk\javafx-sdk-21.0.9\bin\api-ms-win-crt-runtime-l1-1-0.dll
Event: 3.185 Loaded shared library C:\Users\user\Downloads\openjfx-21.0.9_windows-x64_bin-sdk\javafx-sdk-21.0.9\bin\api-ms-win-crt-stdio-l1-1-0.dll
Event: 3.191 Loaded shared library C:\Users\user\Downloads\openjfx-21.0.9_windows-x64_bin-sdk\javafx-sdk-21.0.9\bin\api-ms-win-crt-string-l1-1-0.dll
Event: 3.201 Loaded shared library C:\Users\user\Downloads\openjfx-21.0.9_windows-x64_bin-sdk\javafx-sdk-21.0.9\bin\api-ms-win-crt-time-l1-1-0.dll
Event: 3.206 Loaded shared library C:\Users\user\Downloads\openjfx-21.0.9_windows-x64_bin-sdk\javafx-sdk-21.0.9\bin\api-ms-win-crt-utility-l1-1-0.dll
Event: 3.226 Loaded shared library C:\Users\user\Downloads\openjfx-21.0.9_windows-x64_bin-sdk\javafx-sdk-21.0.9\bin\ucrtbase.dll
Event: 3.234 Loaded shared library C:\Users\user\Downloads\openjfx-21.0.9_windows-x64_bin-sdk\javafx-sdk-21.0.9\bin\vcruntime140.dll
Event: 3.240 Loaded shared library C:\Users\user\Downloads\openjfx-21.0.9_windows-x64_bin-sdk\javafx-sdk-21.0.9\bin\vcruntime140_1.dll
Event: 3.259 Loaded shared library C:\Users\user\Downloads\openjfx-21.0.9_windows-x64_bin-sdk\javafx-sdk-21.0.9\bin\msvcp140.dll
Event: 3.268 Loaded shared library C:\Users\user\Downloads\openjfx-21.0.9_windows-x64_bin-sdk\javafx-sdk-21.0.9\bin\msvcp140_1.dll
Event: 3.291 Loaded shared library C:\Users\user\Downloads\openjfx-21.0.9_windows-x64_bin-sdk\javafx-sdk-21.0.9\bin\msvcp140_2.dll
Event: 3.460 Loaded shared library C:\Users\user\Downloads\openjfx-21.0.9_windows-x64_bin-sdk\javafx-sdk-21.0.9\bin\prism_d3d.dll
Event: 3.775 Loaded shared library C:\Users\user\Downloads\openjfx-21.0.9_windows-x64_bin-sdk\javafx-sdk-21.0.9\bin\glass.dll
Event: 3.991 Loaded shared library C:\Users\user\.p2\pool\plugins\org.eclipse.justj.openjdk.hotspot.jre.full.win32.x86_64_21.0.8.v20250724-1412\jre\bin\jimage.dll
Event: 4.329 Loaded shared library C:\Users\user\Downloads\openjfx-21.0.9_windows-x64_bin-sdk\javafx-sdk-21.0.9\bin\javafx_iio.dll
Event: 4.493 Loaded shared library C:\Users\user\Downloads\openjfx-21.0.9_windows-x64_bin-sdk\javafx-sdk-21.0.9\bin\javafx_font.dll
Event: 20.336 Loaded shared library C:\Users\user\.p2\pool\plugins\org.eclipse.justj.openjdk.hotspot.jre.full.win32.x86_64_21.0.8.v20250724-1412\jre\bin\extnet.dll
Event: 20.577 Loaded shared library C:\Users\user\.p2\pool\plugins\org.eclipse.justj.openjdk.hotspot.jre.full.win32.x86_64_21.0.8.v20250724-1412\jre\bin\sunmscapi.dll

Deoptimization events (20 events):
Event: 55.193 Thread 0x0000028c63886440 DEOPT PACKING pc=0x0000028c134d6c88 sp=0x000000a2775fdf40
Event: 55.193 Thread 0x0000028c63886440 DEOPT UNPACKING pc=0x0000028c12bc7da2 sp=0x000000a2775fded8 mode 2
Event: 55.195 Thread 0x0000028c63886440 Uncommon trap: trap_request=0xffffffbe fr.pc=0x0000028c134d6c88 relative=0x00000000000074a8
Event: 55.195 Thread 0x0000028c63886440 Uncommon trap: reason=profile_predicate action=maybe_recompile pc=0x0000028c134d6c88 method=javafx.scene.CssStyleHelper.transitionToState(Ljavafx/scene/Node;)V @ 291 c2
Event: 55.195 Thread 0x0000028c63886440 DEOPT PACKING pc=0x0000028c134d6c88 sp=0x000000a2775fd590
Event: 55.195 Thread 0x0000028c63886440 DEOPT UNPACKING pc=0x0000028c12bc7da2 sp=0x000000a2775fd528 mode 2
Event: 55.199 Thread 0x0000028c63886440 DEOPT PACKING pc=0x0000028c0bfcd6a0 sp=0x000000a2775fca60
Event: 55.199 Thread 0x0000028c63886440 DEOPT UNPACKING pc=0x0000028c12bc88e2 sp=0x000000a2775fbf50 mode 0
Event: 55.201 Thread 0x0000028c63886440 Uncommon trap: trap_request=0xffffffbe fr.pc=0x0000028c134bb2d0 relative=0x00000000000000b0
Event: 55.201 Thread 0x0000028c63886440 Uncommon trap: reason=profile_predicate action=maybe_recompile pc=0x0000028c134bb2d0 method=java.util.TimSort.binarySort([Ljava/lang/Object;IIILjava/util/Comparator;)V @ 34 c2
Event: 55.201 Thread 0x0000028c63886440 DEOPT PACKING pc=0x0000028c134bb2d0 sp=0x000000a2775fcf00
Event: 55.201 Thread 0x0000028c63886440 DEOPT UNPACKING pc=0x0000028c12bc7da2 sp=0x000000a2775fceb0 mode 2
Event: 55.201 Thread 0x0000028c63886440 Uncommon trap: trap_request=0xffffffbe fr.pc=0x0000028c134bb2d0 relative=0x00000000000000b0
Event: 55.201 Thread 0x0000028c63886440 Uncommon trap: reason=profile_predicate action=maybe_recompile pc=0x0000028c134bb2d0 method=java.util.TimSort.binarySort([Ljava/lang/Object;IIILjava/util/Comparator;)V @ 34 c2
Event: 55.201 Thread 0x0000028c63886440 DEOPT PACKING pc=0x0000028c134bb2d0 sp=0x000000a2775fcf00
Event: 55.201 Thread 0x0000028c63886440 DEOPT UNPACKING pc=0x0000028c12bc7da2 sp=0x000000a2775fceb0 mode 2
Event: 55.202 Thread 0x0000028c63886440 Uncommon trap: trap_request=0xffffffbe fr.pc=0x0000028c134bb2d0 relative=0x00000000000000b0
Event: 55.202 Thread 0x0000028c63886440 Uncommon trap: reason=profile_predicate action=maybe_recompile pc=0x0000028c134bb2d0 method=java.util.TimSort.binarySort([Ljava/lang/Object;IIILjava/util/Comparator;)V @ 34 c2
Event: 55.202 Thread 0x0000028c63886440 DEOPT PACKING pc=0x0000028c134bb2d0 sp=0x000000a2775fcf00
Event: 55.202 Thread 0x0000028c63886440 DEOPT UNPACKING pc=0x0000028c12bc7da2 sp=0x000000a2775fceb0 mode 2

Classes loaded (20 events):
Event: 22.635 Loading class sun/util/locale/provider/BreakIteratorProviderImpl$GraphemeBreakIterator
Event: 22.635 Loading class sun/util/locale/provider/BreakIteratorProviderImpl$GraphemeBreakIterator done
Event: 22.635 Loading class java/text/StringCharacterIterator
Event: 22.635 Loading class java/text/StringCharacterIterator done
Event: 22.635 Loading class sun/util/locale/provider/BreakIteratorProviderImpl$CharacterIteratorCharSequence
Event: 22.635 Loading class sun/util/locale/provider/BreakIteratorProviderImpl$CharacterIteratorCharSequence done
Event: 22.635 Loading class java/text/BreakIterator$BreakIteratorCache
Event: 22.635 Loading class java/text/BreakIterator$BreakIteratorCache done
Event: 22.635 Loading class jdk/internal/util/regex/Grapheme
Event: 22.636 Loading class jdk/internal/util/regex/Grapheme done
Event: 22.780 Loading class java/time/format/DateTimeFormatterBuilder$LocalizedPrinterParser
Event: 22.780 Loading class java/time/format/DateTimeFormatterBuilder$LocalizedPrinterParser done
Event: 22.783 Loading class sun/util/locale/provider/JavaTimeDateTimePatternImpl
Event: 22.783 Loading class sun/util/locale/provider/JavaTimeDateTimePatternImpl done
Event: 22.970 Loading class java/lang/FdLibm$Atan2
Event: 22.970 Loading class java/lang/FdLibm$Atan2 done
Event: 22.970 Loading class java/lang/FdLibm$Atan
Event: 22.970 Loading class java/lang/FdLibm$Atan done
Event: 23.078 Loading class java/lang/FdLibm$Acos
Event: 23.078 Loading class java/lang/FdLibm$Acos done

Classes unloaded (0 events):
No events

Classes redefined (0 events):
No events

Internal exceptions (20 events):
Event: 21.046 Thread 0x0000028c63886440 Exception <a 'java/lang/NoSuchMethodError'{0x00000000c80099f0}: 'java.lang.Object java.lang.invoke.DelegatingMethodHandle$Holder.reinvoke_L(java.lang.Object, double, java.lang.Object)'> (0x00000000c80099f0) 
thrown [s\src\hotspot\share\interpreter\linkResolver.cpp, line 773]
Event: 21.048 Thread 0x0000028c63886440 Exception <a 'java/lang/NoSuchMethodError'{0x00000000c80251f8}: 'java.lang.Object java.lang.invoke.DelegatingMethodHandle$Holder.reinvoke_L(java.lang.Object, double, double, double, double, int, java.lang.Object, java.lang.Object)'> (0x00000000c80251f8) 
thrown [s\src\hotspot\share\interpreter\linkResolver.cpp, line 773]
Event: 21.274 Thread 0x0000028c63886440 Exception <a 'java/lang/NoSuchMethodError'{0x00000000c72000f0}: 'java.lang.Object java.lang.invoke.DirectMethodHandle$Holder.newInvokeSpecial(java.lang.Object, double)'> (0x00000000c72000f0) 
thrown [s\src\hotspot\share\interpreter\linkResolver.cpp, line 773]
Event: 21.503 Thread 0x0000028c63886440 Implicit null exception at 0x0000028c13262744 to 0x0000028c13262e10
Event: 21.503 Thread 0x0000028c63886440 Implicit null exception at 0x0000028c13261740 to 0x0000028c13261e04
Event: 21.505 Thread 0x0000028c63886440 Exception <a 'java/lang/NoSuchMethodError'{0x00000000c880a138}: 'java.lang.Object java.lang.invoke.DirectMethodHandle$Holder.newInvokeSpecial(java.lang.Object, java.lang.Object, java.lang.Object, double)'> (0x00000000c880a138) 
thrown [s\src\hotspot\share\interpreter\linkResolver.cpp, line 773]
Event: 21.506 Thread 0x0000028c63886440 Exception <a 'java/lang/NoSuchMethodError'{0x00000000c880e590}: 'java.lang.Object java.lang.invoke.DirectMethodHandle$Holder.invokeSpecial(java.lang.Object, java.lang.Object, java.lang.Object, java.lang.Object, double)'> (0x00000000c880e590) 
thrown [s\src\hotspot\share\interpreter\linkResolver.cpp, line 773]
Event: 21.506 Thread 0x0000028c63886440 Exception <a 'java/lang/NoSuchMethodError'{0x00000000c88121a0}: 'java.lang.Object java.lang.invoke.Invokers$Holder.linkToTargetMethod(java.lang.Object, java.lang.Object, double, java.lang.Object)'> (0x00000000c88121a0) 
thrown [s\src\hotspot\share\interpreter\linkResolver.cpp, line 773]
Event: 21.510 Thread 0x0000028c63886440 Exception <a 'java/lang/NoSuchMethodError'{0x00000000c884cda8}: 'void java.lang.invoke.DirectMethodHandle$Holder.invokeSpecialIFC(java.lang.Object, java.lang.Object, java.lang.Object)'> (0x00000000c884cda8) 
thrown [s\src\hotspot\share\interpreter\linkResolver.cpp, line 773]
Event: 21.877 Thread 0x0000028c63886440 Exception <a 'java/lang/NoSuchMethodError'{0x00000000c7b5de28}: 'int java.lang.invoke.DirectMethodHandle$Holder.invokeVirtual(java.lang.Object, java.lang.Object)'> (0x00000000c7b5de28) 
thrown [s\src\hotspot\share\interpreter\linkResolver.cpp, line 773]
Event: 21.919 Thread 0x0000028c63886440 Exception <a 'java/lang/ClassNotFoundException'{0x00000000c7804ea0}: com/sun/javafx/scene/control/skin/resources/controls-nt> (0x00000000c7804ea0) 
thrown [s\src\hotspot\share\prims\jni.cpp, line 539]
Event: 21.920 Thread 0x0000028c63886440 Exception <a 'java/lang/ClassNotFoundException'{0x00000000c780da38}: com/sun/javafx/scene/control/skin/resources/controls-nt_en> (0x00000000c780da38) 
thrown [s\src\hotspot\share\prims\jni.cpp, line 539]
Event: 21.920 Thread 0x0000028c63886440 Exception <a 'java/lang/ClassNotFoundException'{0x00000000c780f500}: com/sun/javafx/scene/control/skin/resources/controls-nt_en_US> (0x00000000c780f500) 
thrown [s\src\hotspot\share\prims\jni.cpp, line 539]
Event: 22.070 Thread 0x0000028c63886440 Exception <a 'java/lang/NoSuchMethodError'{0x00000000c8679690}: 'double java.lang.invoke.DirectMethodHandle$Holder.invokeVirtual(java.lang.Object, java.lang.Object)'> (0x00000000c8679690) 
thrown [s\src\hotspot\share\interpreter\linkResolver.cpp, line 773]
Event: 22.070 Thread 0x0000028c63886440 Exception <a 'java/lang/NoSuchMethodError'{0x00000000c867dba8}: 'double java.lang.invoke.DelegatingMethodHandle$Holder.reinvoke_L(java.lang.Object, java.lang.Object)'> (0x00000000c867dba8) 
thrown [s\src\hotspot\share\interpreter\linkResolver.cpp, line 773]
Event: 22.541 Thread 0x0000028c63886440 Exception <a 'java/lang/NoSuchMethodError'{0x00000000c78db7e0}: 'void java.lang.invoke.DirectMethodHandle$Holder.invokeSpecial(java.lang.Object, java.lang.Object, int, int)'> (0x00000000c78db7e0) 
thrown [s\src\hotspot\share\interpreter\linkResolver.cpp, line 773]
Event: 22.541 Thread 0x0000028c63886440 Exception <a 'java/lang/NoSuchMethodError'{0x00000000c78e1bb8}: 'java.lang.Object java.lang.invoke.DirectMethodHandle$Holder.newInvokeSpecial(java.lang.Object, java.lang.Object, int, int)'> (0x00000000c78e1bb8) 
thrown [s\src\hotspot\share\interpreter\linkResolver.cpp, line 773]
Event: 22.542 Thread 0x0000028c63886440 Exception <a 'java/lang/NoSuchMethodError'{0x00000000c78e60b8}: 'java.lang.Object java.lang.invoke.DirectMethodHandle$Holder.invokeSpecial(java.lang.Object, java.lang.Object, java.lang.Object, int, int)'> (0x00000000c78e60b8) 
thrown [s\src\hotspot\share\interpreter\linkResolver.cpp, line 773]
Event: 28.597 Thread 0x0000028c63886440 Implicit null exception at 0x0000028c133abe4c to 0x0000028c133b4080
Event: 38.796 Thread 0x0000028c63886440 Implicit null exception at 0x0000028c1344646e to 0x0000028c13446fa0

ZGC Phase Switch (0 events):
No events

VM Operations (20 events):
Event: 43.593 Executing VM operation: Cleanup
Event: 43.593 Executing VM operation: Cleanup done
Event: 44.593 Executing VM operation: Cleanup
Event: 44.593 Executing VM operation: Cleanup done
Event: 45.594 Executing VM operation: Cleanup
Event: 45.594 Executing VM operation: Cleanup done
Event: 47.595 Executing VM operation: Cleanup
Event: 47.595 Executing VM operation: Cleanup done
Event: 49.595 Executing VM operation: Cleanup
Event: 49.595 Executing VM operation: Cleanup done
Event: 50.596 Executing VM operation: Cleanup
Event: 50.596 Executing VM operation: Cleanup done
Event: 51.597 Executing VM operation: Cleanup
Event: 51.597 Executing VM operation: Cleanup done
Event: 52.597 Executing VM operation: Cleanup
Event: 52.597 Executing VM operation: Cleanup done
Event: 53.598 Executing VM operation: Cleanup
Event: 53.598 Executing VM operation: Cleanup done
Event: 54.599 Executing VM operation: Cleanup
Event: 54.599 Executing VM operation: Cleanup done

Memory protections (0 events):
No events

Nmethod flushes (20 events):
Event: 22.763 Thread 0x0000028c1dd28c80 flushing  nmethod 0x0000028c0bcd7590
Event: 22.763 Thread 0x0000028c1dd28c80 flushing  nmethod 0x0000028c0bcd7890
Event: 22.763 Thread 0x0000028c1dd28c80 flushing  nmethod 0x0000028c0bcd7b90
Event: 22.763 Thread 0x0000028c1dd28c80 flushing  nmethod 0x0000028c0bcd8190
Event: 22.763 Thread 0x0000028c1dd28c80 flushing  nmethod 0x0000028c0bcd9110
Event: 22.763 Thread 0x0000028c1dd28c80 flushing  nmethod 0x0000028c0bce3790
Event: 22.763 Thread 0x0000028c1dd28c80 flushing  nmethod 0x0000028c0bce7810
Event: 22.763 Thread 0x0000028c1dd28c80 flushing  nmethod 0x0000028c0bcead10
Event: 22.763 Thread 0x0000028c1dd28c80 flushing  nmethod 0x0000028c0bcec310
Event: 22.763 Thread 0x0000028c1dd28c80 flushing  nmethod 0x0000028c0bd0c690
Event: 22.763 Thread 0x0000028c1dd28c80 flushing  nmethod 0x0000028c0bd10990
Event: 22.763 Thread 0x0000028c1dd28c80 flushing  nmethod 0x0000028c0bd10e10
Event: 22.763 Thread 0x0000028c1dd28c80 flushing  nmethod 0x0000028c0bd48410
Event: 22.763 Thread 0x0000028c1dd28c80 flushing  nmethod 0x0000028c0bd48a10
Event: 22.763 Thread 0x0000028c1dd28c80 flushing  nmethod 0x0000028c0bd72910
Event: 22.763 Thread 0x0000028c1dd28c80 flushing  nmethod 0x0000028c0bf0b210
Event: 22.763 Thread 0x0000028c1dd28c80 flushing  nmethod 0x0000028c0c009b90
Event: 22.763 Thread 0x0000028c1dd28c80 flushing  nmethod 0x0000028c0c048010
Event: 22.763 Thread 0x0000028c1dd28c80 flushing  nmethod 0x0000028c0c048390
Event: 22.763 Thread 0x0000028c1dd28c80 flushing  nmethod 0x0000028c0c048710

Events (20 events):
Event: 0.277 Thread 0x0000028c058b5160 Thread added: 0x0000028c1dd466c0
Event: 0.278 Thread 0x0000028c058b5160 Thread added: 0x0000028c1dd47110
Event: 0.278 Thread 0x0000028c058b5160 Thread added: 0x0000028c1dd49ea0
Event: 0.300 Thread 0x0000028c058b5160 Thread added: 0x0000028c1ddc3ee0
Event: 0.545 Thread 0x0000028c058b5160 Thread added: 0x0000028c07d56540
Event: 1.307 Thread 0x0000028c058b5160 Thread added: 0x0000028c633f71c0
Event: 3.406 Thread 0x0000028c058b5160 Thread added: 0x0000028c636dfb90
Event: 3.781 Thread 0x0000028c058b5160 Thread added: 0x0000028c63885de0
Event: 3.785 Thread 0x0000028c058b5160 Thread added: 0x0000028c63886440
Event: 3.966 Thread 0x0000028c058b5160 Thread added: 0x0000028c63ba9ca0
Event: 3.974 Thread 0x0000028c63aaf640 Thread added: 0x0000028c63aaf640
Event: 5.948 Thread 0x0000028c63886440 Thread added: 0x0000028c68d8fa20
Event: 6.904 Thread 0x0000028c636dfb90 Thread added: 0x0000028c63166e60
Event: 20.161 Thread 0x0000028c63886440 Thread added: 0x0000028c633c14f0
Event: 38.804 Thread 0x0000028c1ddc3ee0 Thread added: 0x0000028c69a52460
Event: 39.511 Thread 0x0000028c69a52460 Thread exited: 0x0000028c69a52460
Event: 44.965 Thread 0x0000028c1ddc3ee0 Thread added: 0x0000028c69a53fa0
Event: 45.177 Thread 0x0000028c69a53fa0 Thread exited: 0x0000028c69a53fa0
Event: 53.108 Thread 0x0000028c1dd49ea0 Thread added: 0x0000028c69a54d40
Event: 54.853 Thread 0x0000028c69a54d40 Thread exited: 0x0000028c69a54d40


Dynamic libraries:
0x00007ff696680000 - 0x00007ff69668e000 	C:\Users\user\.p2\pool\plugins\org.eclipse.justj.openjdk.hotspot.jre.full.win32.x86_64_21.0.8.v20250724-1412\jre\bin\javaw.exe
0x00007ffc5c2c0000 - 0x00007ffc5c527000 	C:\WINDOWS\SYSTEM32\ntdll.dll
0x00007ffc5b460000 - 0x00007ffc5b529000 	C:\WINDOWS\System32\KERNEL32.DLL
0x00007ffc596b0000 - 0x00007ffc59a9f000 	C:\WINDOWS\System32\KERNELBASE.dll
0x00007ffc59b70000 - 0x00007ffc59cbb000 	C:\WINDOWS\System32\ucrtbase.dll
0x00007ffc2aaa0000 - 0x00007ffc2aab8000 	C:\Users\user\.p2\pool\plugins\org.eclipse.justj.openjdk.hotspot.jre.full.win32.x86_64_21.0.8.v20250724-1412\jre\bin\jli.dll
0x00007ffc2aa80000 - 0x00007ffc2aa9e000 	C:\Users\user\.p2\pool\plugins\org.eclipse.justj.openjdk.hotspot.jre.full.win32.x86_64_21.0.8.v20250724-1412\jre\bin\VCRUNTIME140.dll
0x00007ffc5beb0000 - 0x00007ffc5c075000 	C:\WINDOWS\System32\USER32.dll
0x00007ffc59b40000 - 0x00007ffc59b67000 	C:\WINDOWS\System32\win32u.dll
0x00007ffc5b7f0000 - 0x00007ffc5b81b000 	C:\WINDOWS\System32\GDI32.dll
0x00007ffc594c0000 - 0x00007ffc595ec000 	C:\WINDOWS\System32\gdi32full.dll
0x00007ffc59410000 - 0x00007ffc594b3000 	C:\WINDOWS\System32\msvcp_win.dll
0x00007ffc41680000 - 0x00007ffc41913000 	C:\WINDOWS\WinSxS\amd64_microsoft.windows.common-controls_6595b64144ccf1df_6.0.26100.7309_none_3e05feeae336a044\COMCTL32.dll
0x00007ffc5c180000 - 0x00007ffc5c229000 	C:\WINDOWS\System32\msvcrt.dll
0x00007ffc5a060000 - 0x00007ffc5a091000 	C:\WINDOWS\System32\IMM32.DLL
0x00007ffc2aa70000 - 0x00007ffc2aa7c000 	C:\Users\user\.p2\pool\plugins\org.eclipse.justj.openjdk.hotspot.jre.full.win32.x86_64_21.0.8.v20250724-1412\jre\bin\vcruntime140_1.dll
0x00007ffc2a9e0000 - 0x00007ffc2aa6d000 	C:\Users\user\.p2\pool\plugins\org.eclipse.justj.openjdk.hotspot.jre.full.win32.x86_64_21.0.8.v20250724-1412\jre\bin\msvcp140.dll
0x00007ffb9fd00000 - 0x00007ffba0a97000 	C:\Users\user\.p2\pool\plugins\org.eclipse.justj.openjdk.hotspot.jre.full.win32.x86_64_21.0.8.v20250724-1412\jre\bin\server\jvm.dll
0x00007ffc5a0a0000 - 0x00007ffc5a154000 	C:\WINDOWS\System32\ADVAPI32.dll
0x00007ffc5bae0000 - 0x00007ffc5bb86000 	C:\WINDOWS\System32\sechost.dll
0x00007ffc5b9c0000 - 0x00007ffc5bad8000 	C:\WINDOWS\System32\RPCRT4.dll
0x00007ffc5b930000 - 0x00007ffc5b9a4000 	C:\WINDOWS\System32\WS2_32.dll
0x00007ffc58b30000 - 0x00007ffc58b8e000 	C:\WINDOWS\SYSTEM32\POWRPROF.dll
0x00007ffc44a90000 - 0x00007ffc44a9b000 	C:\WINDOWS\SYSTEM32\VERSION.dll
0x00007ffc4e960000 - 0x00007ffc4e995000 	C:\WINDOWS\SYSTEM32\WINMM.dll
0x00007ffc58ab0000 - 0x00007ffc58ac4000 	C:\WINDOWS\SYSTEM32\UMPDC.dll
0x00007ffc581c0000 - 0x00007ffc581db000 	C:\WINDOWS\SYSTEM32\kernel.appcore.dll
0x00007ffc56230000 - 0x00007ffc5623a000 	C:\Users\user\.p2\pool\plugins\org.eclipse.justj.openjdk.hotspot.jre.full.win32.x86_64_21.0.8.v20250724-1412\jre\bin\jimage.dll
0x00007ffc55650000 - 0x00007ffc55892000 	C:\WINDOWS\SYSTEM32\DBGHELP.DLL
0x00007ffc5b0d0000 - 0x00007ffc5b455000 	C:\WINDOWS\System32\combase.dll
0x00007ffc5b850000 - 0x00007ffc5b926000 	C:\WINDOWS\System32\OLEAUT32.dll
0x00007ffc37b80000 - 0x00007ffc37bbc000 	C:\WINDOWS\SYSTEM32\dbgcore.DLL
0x00007ffc59fb0000 - 0x00007ffc5a055000 	C:\WINDOWS\System32\bcryptPrimitives.dll
0x00007ffc517a0000 - 0x00007ffc517bf000 	C:\Users\user\.p2\pool\plugins\org.eclipse.justj.openjdk.hotspot.jre.full.win32.x86_64_21.0.8.v20250724-1412\jre\bin\java.dll
0x00007ffc5a1e0000 - 0x00007ffc5a933000 	C:\WINDOWS\System32\SHELL32.dll
0x00007ffc59e40000 - 0x00007ffc59faa000 	C:\WINDOWS\System32\wintypes.dll
0x00007ffc56ff0000 - 0x00007ffc5784e000 	C:\WINDOWS\SYSTEM32\windows.storage.dll
0x00007ffc5bd70000 - 0x00007ffc5be65000 	C:\WINDOWS\System32\SHCORE.dll
0x00007ffc5abd0000 - 0x00007ffc5ac36000 	C:\WINDOWS\System32\shlwapi.dll
0x00007ffc59330000 - 0x00007ffc59359000 	C:\WINDOWS\SYSTEM32\profapi.dll
0x00007ffc51780000 - 0x00007ffc51798000 	C:\Users\user\.p2\pool\plugins\org.eclipse.justj.openjdk.hotspot.jre.full.win32.x86_64_21.0.8.v20250724-1412\jre\bin\zip.dll
0x00007ffc56220000 - 0x00007ffc56230000 	C:\Users\user\.p2\pool\plugins\org.eclipse.justj.openjdk.hotspot.jre.full.win32.x86_64_21.0.8.v20250724-1412\jre\bin\net.dll
0x00007ffc496b0000 - 0x00007ffc497d8000 	C:\WINDOWS\SYSTEM32\WINHTTP.dll
0x00007ffc587a0000 - 0x00007ffc5880b000 	C:\WINDOWS\system32\mswsock.dll
0x00007ffc51760000 - 0x00007ffc51776000 	C:\Users\user\.p2\pool\plugins\org.eclipse.justj.openjdk.hotspot.jre.full.win32.x86_64_21.0.8.v20250724-1412\jre\bin\nio.dll
0x0000028c05b10000 - 0x0000028c05b13000 	C:\Users\user\Downloads\openjfx-21.0.9_windows-x64_bin-sdk\javafx-sdk-21.0.9\bin\api-ms-win-core-console-l1-1-0.dll
0x0000028c05b20000 - 0x0000028c05b23000 	C:\Users\user\Downloads\openjfx-21.0.9_windows-x64_bin-sdk\javafx-sdk-21.0.9\bin\api-ms-win-core-console-l1-2-0.dll
0x0000028c05b30000 - 0x0000028c05b33000 	C:\Users\user\Downloads\openjfx-21.0.9_windows-x64_bin-sdk\javafx-sdk-21.0.9\bin\api-ms-win-core-datetime-l1-1-0.dll
0x0000028c05b40000 - 0x0000028c05b43000 	C:\Users\user\Downloads\openjfx-21.0.9_windows-x64_bin-sdk\javafx-sdk-21.0.9\bin\api-ms-win-core-debug-l1-1-0.dll
0x0000028c05ef0000 - 0x0000028c05ef3000 	C:\Users\user\Downloads\openjfx-21.0.9_windows-x64_bin-sdk\javafx-sdk-21.0.9\bin\api-ms-win-core-errorhandling-l1-1-0.dll
0x0000028c05f00000 - 0x0000028c05f04000 	C:\Users\user\Downloads\openjfx-21.0.9_windows-x64_bin-sdk\javafx-sdk-21.0.9\bin\api-ms-win-core-file-l1-1-0.dll
0x0000028c05f10000 - 0x0000028c05f13000 	C:\Users\user\Downloads\openjfx-21.0.9_windows-x64_bin-sdk\javafx-sdk-21.0.9\bin\api-ms-win-core-file-l1-2-0.dll
0x0000028c05f20000 - 0x0000028c05f23000 	C:\Users\user\Downloads\openjfx-21.0.9_windows-x64_bin-sdk\javafx-sdk-21.0.9\bin\api-ms-win-core-file-l2-1-0.dll
0x0000028c07ba0000 - 0x0000028c07ba3000 	C:\Users\user\Downloads\openjfx-21.0.9_windows-x64_bin-sdk\javafx-sdk-21.0.9\bin\api-ms-win-core-handle-l1-1-0.dll
0x0000028c07bb0000 - 0x0000028c07bb3000 	C:\Users\user\Downloads\openjfx-21.0.9_windows-x64_bin-sdk\javafx-sdk-21.0.9\bin\api-ms-win-core-heap-l1-1-0.dll
0x0000028c07bc0000 - 0x0000028c07bc3000 	C:\Users\user\Downloads\openjfx-21.0.9_windows-x64_bin-sdk\javafx-sdk-21.0.9\bin\api-ms-win-core-interlocked-l1-1-0.dll
0x0000028c07bd0000 - 0x0000028c07bd3000 	C:\Users\user\Downloads\openjfx-21.0.9_windows-x64_bin-sdk\javafx-sdk-21.0.9\bin\api-ms-win-core-libraryloader-l1-1-0.dll
0x0000028c07be0000 - 0x0000028c07be3000 	C:\Users\user\Downloads\openjfx-21.0.9_windows-x64_bin-sdk\javafx-sdk-21.0.9\bin\api-ms-win-core-localization-l1-2-0.dll
0x0000028c07bf0000 - 0x0000028c07bf3000 	C:\Users\user\Downloads\openjfx-21.0.9_windows-x64_bin-sdk\javafx-sdk-21.0.9\bin\api-ms-win-core-memory-l1-1-0.dll
0x0000028c07c00000 - 0x0000028c07c03000 	C:\Users\user\Downloads\openjfx-21.0.9_windows-x64_bin-sdk\javafx-sdk-21.0.9\bin\api-ms-win-core-namedpipe-l1-1-0.dll
0x0000028c07c10000 - 0x0000028c07c13000 	C:\Users\user\Downloads\openjfx-21.0.9_windows-x64_bin-sdk\javafx-sdk-21.0.9\bin\api-ms-win-core-processenvironment-l1-1-0.dll
0x0000028c07c20000 - 0x0000028c07c23000 	C:\Users\user\Downloads\openjfx-21.0.9_windows-x64_bin-sdk\javafx-sdk-21.0.9\bin\api-ms-win-core-processthreads-l1-1-0.dll
0x0000028c07c30000 - 0x0000028c07c33000 	C:\Users\user\Downloads\openjfx-21.0.9_windows-x64_bin-sdk\javafx-sdk-21.0.9\bin\api-ms-win-core-processthreads-l1-1-1.dll
0x0000028c07c40000 - 0x0000028c07c43000 	C:\Users\user\Downloads\openjfx-21.0.9_windows-x64_bin-sdk\javafx-sdk-21.0.9\bin\api-ms-win-core-profile-l1-1-0.dll
0x0000028c07c50000 - 0x0000028c07c53000 	C:\Users\user\Downloads\openjfx-21.0.9_windows-x64_bin-sdk\javafx-sdk-21.0.9\bin\api-ms-win-core-rtlsupport-l1-1-0.dll
0x0000028c1de00000 - 0x0000028c1de03000 	C:\Users\user\Downloads\openjfx-21.0.9_windows-x64_bin-sdk\javafx-sdk-21.0.9\bin\api-ms-win-core-string-l1-1-0.dll
0x0000028c1de10000 - 0x0000028c1de13000 	C:\Users\user\Downloads\openjfx-21.0.9_windows-x64_bin-sdk\javafx-sdk-21.0.9\bin\api-ms-win-core-synch-l1-1-0.dll
0x0000028c1de20000 - 0x0000028c1de23000 	C:\Users\user\Downloads\openjfx-21.0.9_windows-x64_bin-sdk\javafx-sdk-21.0.9\bin\api-ms-win-core-synch-l1-2-0.dll
0x0000028c1de30000 - 0x0000028c1de33000 	C:\Users\user\Downloads\openjfx-21.0.9_windows-x64_bin-sdk\javafx-sdk-21.0.9\bin\api-ms-win-core-sysinfo-l1-1-0.dll
0x0000028c1de40000 - 0x0000028c1de43000 	C:\Users\user\Downloads\openjfx-21.0.9_windows-x64_bin-sdk\javafx-sdk-21.0.9\bin\api-ms-win-core-timezone-l1-1-0.dll
0x0000028c1de50000 - 0x0000028c1de53000 	C:\Users\user\Downloads\openjfx-21.0.9_windows-x64_bin-sdk\javafx-sdk-21.0.9\bin\api-ms-win-core-util-l1-1-0.dll
0x0000028c1de60000 - 0x0000028c1de63000 	C:\Users\user\Downloads\openjfx-21.0.9_windows-x64_bin-sdk\javafx-sdk-21.0.9\bin\api-ms-win-crt-conio-l1-1-0.dll
0x0000028c1de70000 - 0x0000028c1de74000 	C:\Users\user\Downloads\openjfx-21.0.9_windows-x64_bin-sdk\javafx-sdk-21.0.9\bin\api-ms-win-crt-convert-l1-1-0.dll
0x0000028c1de80000 - 0x0000028c1de83000 	C:\Users\user\Downloads\openjfx-21.0.9_windows-x64_bin-sdk\javafx-sdk-21.0.9\bin\api-ms-win-crt-environment-l1-1-0.dll
0x0000028c1de90000 - 0x0000028c1de93000 	C:\Users\user\Downloads\openjfx-21.0.9_windows-x64_bin-sdk\javafx-sdk-21.0.9\bin\api-ms-win-crt-filesystem-l1-1-0.dll
0x0000028c1dea0000 - 0x0000028c1dea3000 	C:\Users\user\Downloads\openjfx-21.0.9_windows-x64_bin-sdk\javafx-sdk-21.0.9\bin\api-ms-win-crt-heap-l1-1-0.dll
0x0000028c1deb0000 - 0x0000028c1deb3000 	C:\Users\user\Downloads\openjfx-21.0.9_windows-x64_bin-sdk\javafx-sdk-21.0.9\bin\api-ms-win-crt-locale-l1-1-0.dll
0x0000028c1dec0000 - 0x0000028c1dec5000 	C:\Users\user\Downloads\openjfx-21.0.9_windows-x64_bin-sdk\javafx-sdk-21.0.9\bin\api-ms-win-crt-math-l1-1-0.dll
0x0000028c1ded0000 - 0x0000028c1ded5000 	C:\Users\user\Downloads\openjfx-21.0.9_windows-x64_bin-sdk\javafx-sdk-21.0.9\bin\api-ms-win-crt-multibyte-l1-1-0.dll
0x0000028c1dee0000 - 0x0000028c1def0000 	C:\Users\user\Downloads\openjfx-21.0.9_windows-x64_bin-sdk\javafx-sdk-21.0.9\bin\api-ms-win-crt-private-l1-1-0.dll
0x0000028c1def0000 - 0x0000028c1def3000 	C:\Users\user\Downloads\openjfx-21.0.9_windows-x64_bin-sdk\javafx-sdk-21.0.9\bin\api-ms-win-crt-process-l1-1-0.dll
0x0000028c1df00000 - 0x0000028c1df04000 	C:\Users\user\Downloads\openjfx-21.0.9_windows-x64_bin-sdk\javafx-sdk-21.0.9\bin\api-ms-win-crt-runtime-l1-1-0.dll
0x0000028c1df10000 - 0x0000028c1df14000 	C:\Users\user\Downloads\openjfx-21.0.9_windows-x64_bin-sdk\javafx-sdk-21.0.9\bin\api-ms-win-crt-stdio-l1-1-0.dll
0x0000028c1df20000 - 0x0000028c1df24000 	C:\Users\user\Downloads\openjfx-21.0.9_windows-x64_bin-sdk\javafx-sdk-21.0.9\bin\api-ms-win-crt-string-l1-1-0.dll
0x0000028c1df30000 - 0x0000028c1df33000 	C:\Users\user\Downloads\openjfx-21.0.9_windows-x64_bin-sdk\javafx-sdk-21.0.9\bin\api-ms-win-crt-time-l1-1-0.dll
0x0000028c1df40000 - 0x0000028c1df43000 	C:\Users\user\Downloads\openjfx-21.0.9_windows-x64_bin-sdk\javafx-sdk-21.0.9\bin\api-ms-win-crt-utility-l1-1-0.dll
0x00007ffc1b650000 - 0x00007ffc1b74c000 	C:\Users\user\Downloads\openjfx-21.0.9_windows-x64_bin-sdk\javafx-sdk-21.0.9\bin\ucrtbase.dll
0x00007ffc47750000 - 0x00007ffc4776b000 	C:\Users\user\Downloads\openjfx-21.0.9_windows-x64_bin-sdk\javafx-sdk-21.0.9\bin\vcruntime140.dll
0x00007ffc47740000 - 0x00007ffc4774c000 	C:\Users\user\Downloads\openjfx-21.0.9_windows-x64_bin-sdk\javafx-sdk-21.0.9\bin\vcruntime140_1.dll
0x00007ffc476b0000 - 0x00007ffc4773e000 	C:\Users\user\Downloads\openjfx-21.0.9_windows-x64_bin-sdk\javafx-sdk-21.0.9\bin\msvcp140.dll
0x00007ffc47620000 - 0x00007ffc47629000 	C:\Users\user\Downloads\openjfx-21.0.9_windows-x64_bin-sdk\javafx-sdk-21.0.9\bin\msvcp140_1.dll
0x00007ffc3f0f0000 - 0x00007ffc3f131000 	C:\Users\user\Downloads\openjfx-21.0.9_windows-x64_bin-sdk\javafx-sdk-21.0.9\bin\msvcp140_2.dll
0x00007ffc475f0000 - 0x00007ffc47620000 	C:\Users\user\Downloads\openjfx-21.0.9_windows-x64_bin-sdk\javafx-sdk-21.0.9\bin\prism_d3d.dll
0x00007ffbd61c0000 - 0x00007ffbd6373000 	C:\WINDOWS\system32\d3d9.dll
0x00007ffc568d0000 - 0x00007ffc56900000 	C:\WINDOWS\SYSTEM32\dwmapi.dll
0x00007ffc56910000 - 0x00007ffc56954000 	C:\WINDOWS\SYSTEM32\dxcore.dll
0x00007ffc56650000 - 0x00007ffc566fb000 	C:\WINDOWS\system32\uxtheme.dll
0x00007ffc0c000000 - 0x00007ffc0c21c000 	C:\WINDOWS\System32\DriverStore\FileRepository\iigd_dch.inf_amd64_9741ef1f4093481f\igdumdim64.dll
0x00007ffc5b530000 - 0x00007ffc5b6c7000 	C:\WINDOWS\System32\ole32.dll
0x00007ffbabac0000 - 0x00007ffbace33000 	C:\WINDOWS\System32\DriverStore\FileRepository\iigd_dch.inf_amd64_9741ef1f4093481f\igd9dxva64.dll
0x00007ffc5ac40000 - 0x00007ffc5b0ca000 	C:\WINDOWS\System32\SETUPAPI.dll
0x00007ffc590a0000 - 0x00007ffc590f7000 	C:\WINDOWS\SYSTEM32\cfgmgr32.dll
0x00007ffc0fb30000 - 0x00007ffc11850000 	C:\WINDOWS\System32\DriverStore\FileRepository\iigd_dch.inf_amd64_9741ef1f4093481f\media_bin_64.dll
0x00007ffc4e250000 - 0x00007ffc4e667000 	C:\WINDOWS\System32\DriverStore\FileRepository\iigd_dch.inf_amd64_9741ef1f4093481f\igdgmm64.dll
0x00007ffc51600000 - 0x00007ffc51663000 	C:\WINDOWS\SYSTEM32\directxdatabasehelper.dll
0x00007ffc3db00000 - 0x00007ffc3db42000 	C:\Users\user\Downloads\openjfx-21.0.9_windows-x64_bin-sdk\javafx-sdk-21.0.9\bin\glass.dll
0x00007ffc5c080000 - 0x00007ffc5c170000 	C:\WINDOWS\System32\COMDLG32.dll
0x00007ffc5a9e0000 - 0x00007ffc5ab3e000 	C:\WINDOWS\System32\MSCTF.dll
0x00007ffc56180000 - 0x00007ffc561a7000 	C:\WINDOWS\System32\DriverStore\FileRepository\iigd_dch.inf_amd64_9741ef1f4093481f\igdinfo64.dll
0x00007ffc4a530000 - 0x00007ffc4e22c000 	C:\WINDOWS\System32\DriverStore\FileRepository\iigd_dch.inf_amd64_9741ef1f4093481f\igc64.dll
0x00007ffc3f0c0000 - 0x00007ffc3f0ed000 	C:\Users\user\Downloads\openjfx-21.0.9_windows-x64_bin-sdk\javafx-sdk-21.0.9\bin\javafx_iio.dll
0x00007ffc3dae0000 - 0x00007ffc3daf5000 	C:\Users\user\Downloads\openjfx-21.0.9_windows-x64_bin-sdk\javafx-sdk-21.0.9\bin\javafx_font.dll
0x00007ffc54a70000 - 0x00007ffc54cd7000 	C:\WINDOWS\SYSTEM32\dwrite.dll
0x00007ffc58a80000 - 0x00007ffc58a9b000 	C:\WINDOWS\SYSTEM32\CRYPTSP.dll
0x00007ffc58120000 - 0x00007ffc5815a000 	C:\WINDOWS\system32\rsaenh.dll
0x00007ffc58850000 - 0x00007ffc5887b000 	C:\WINDOWS\SYSTEM32\USERENV.dll
0x00007ffc59300000 - 0x00007ffc5932a000 	C:\WINDOWS\SYSTEM32\bcrypt.dll
0x00007ffc58aa0000 - 0x00007ffc58aac000 	C:\WINDOWS\SYSTEM32\CRYPTBASE.dll
0x00007ffc57c60000 - 0x00007ffc57c94000 	C:\WINDOWS\SYSTEM32\IPHLPAPI.DLL
0x00007ffc5b9b0000 - 0x00007ffc5b9ba000 	C:\WINDOWS\System32\NSI.dll
0x00007ffc5b6d0000 - 0x00007ffc5b780000 	C:\WINDOWS\System32\clbcatq.dll
0x00007ffc54830000 - 0x00007ffc54a60000 	C:\WINDOWS\SYSTEM32\WindowsCodecs.dll
0x00007ffc220e0000 - 0x00007ffc2213a000 	C:\WINDOWS\system32\dataexchange.dll
0x00007ffc464c0000 - 0x00007ffc46704000 	C:\WINDOWS\system32\twinapi.appcore.dll
0x00007ffc3dab0000 - 0x00007ffc3dadc000 	C:\Program Files\Common Files\Microsoft Shared\Ink\rtscom.dll
0x00007ffc42110000 - 0x00007ffc42258000 	C:\WINDOWS\SYSTEM32\textinputframework.dll
0x00007ffc55f10000 - 0x00007ffc56037000 	C:\WINDOWS\SYSTEM32\CoreMessaging.dll
0x00007ffc50b50000 - 0x00007ffc50e32000 	C:\WINDOWS\SYSTEM32\CoreUIComponents.dll

JVMTI agents: none

dbghelp: loaded successfully - version: 4.0.5 - missing functions: none
symbol engine: initialized successfully - sym options: 0x614 - pdb path: .;C:\Users\user\.p2\pool\plugins\org.eclipse.justj.openjdk.hotspot.jre.full.win32.x86_64_21.0.8.v20250724-1412\jre\bin;C:\WINDOWS\SYSTEM32;C:\WINDOWS\WinSxS\amd64_microsoft.windows.common-controls_6595b64144ccf1df_6.0.26100.7309_none_3e05feeae336a044;C:\Users\user\.p2\pool\plugins\org.eclipse.justj.openjdk.hotspot.jre.full.win32.x86_64_21.0.8.v20250724-1412\jre\bin\server;C:\Users\user\Downloads\openjfx-21.0.9_windows-x64_bin-sdk\javafx-sdk-21.0.9\bin;C:\WINDOWS\System32\DriverStore\FileRepository\iigd_dch.inf_amd64_9741ef1f4093481f;C:\Program Files\Common Files\Microsoft Shared\Ink

VM Arguments:
jvm_args: --module-path=C:\Users\user\Downloads\openjfx-21.0.9_windows-x64_bin-sdk\javafx-sdk-21.0.9\lib --add-modules=javafx.controls,javafx.fxml -Dfile.encoding=UTF-8 -Dstdout.encoding=UTF-8 -Dstderr.encoding=UTF-8 --module-path=C:\Users\user\Downloads\openjfx-21.0.9_windows-x64_bin-sdk\javafx-sdk-21.0.9\lib\javafx-swt.jar;C:\Users\user\Downloads\openjfx-21.0.9_windows-x64_bin-sdk\javafx-sdk-21.0.9\lib\javafx.base.jar;C:\Users\user\Downloads\openjfx-21.0.9_windows-x64_bin-sdk\javafx-sdk-21.0.9\lib\javafx.controls.jar;C:\Users\user\Downloads\openjfx-21.0.9_windows-x64_bin-sdk\javafx-sdk-21.0.9\lib\javafx.fxml.jar;C:\Users\user\Downloads\openjfx-21.0.9_windows-x64_bin-sdk\javafx-sdk-21.0.9\lib\javafx.graphics.jar;C:\Users\user\Downloads\openjfx-21.0.9_windows-x64_bin-sdk\javafx-sdk-21.0.9\lib\javafx.media.jar;C:\Users\user\Downloads\openjfx-21.0.9_windows-x64_bin-sdk\javafx-sdk-21.0.9\lib\javafx.swing.jar;C:\Users\user\Downloads\openjfx-21.0.9_windows-x64_bin-sdk\javafx-sdk-21.0.9\lib\javafx.web.jar;C:\Users\user\.p2\pool\plugins\org.eclipse.fx.ide.css.jfx8_3.8.0.202204150904.jar -XX:+ShowCodeDetailsInExceptionMessages 
java_command: application.Main
java_class_path (initial): C:\Users\user\git\repository\CinemaTicketing\bin;C:\Users\user\Downloads\core-3.5.3.jar;C:\Users\user\Downloads\openjfx-21.0.9_windows-x64_bin-sdk\javafx-sdk-21.0.9\lib\javafx.base.jar;C:\Users\user\Downloads\openjfx-21.0.9_windows-x64_bin-sdk\javafx-sdk-21.0.9\lib\javafx.controls.jar;C:\Users\user\Downloads\openjfx-21.0.9_windows-x64_bin-sdk\javafx-sdk-21.0.9\lib\javafx.fxml.jar;C:\Users\user\Downloads\openjfx-21.0.9_windows-x64_bin-sdk\javafx-sdk-21.0.9\lib\javafx.graphics.jar;C:\Users\user\Downloads\openjfx-21.0.9_windows-x64_bin-sdk\javafx-sdk-21.0.9\lib\javafx.media.jar;C:\Users\user\Downloads\openjfx-21.0.9_windows-x64_bin-sdk\javafx-sdk-21.0.9\lib\javafx.swing.jar;C:\Users\user\Downloads\openjfx-21.0.9_windows-x64_bin-sdk\javafx-sdk-21.0.9\lib\javafx.web.jar;C:\Users\user\Downloads\openjfx-21.0.9_windows-x64_bin-sdk\javafx-sdk-21.0.9\lib\javafx-swt.jar;C:\Users\user\Downloads\javase-3.5.3.jar;C:\Users\user\Downloads\mysql-connector-j-9.5.0\mysql-connector-j-9.5.0\mysql-connector-j-9.5.0.jar;C:\Users\user\Downloads\jfoenix-9.0.10.jar;C:\Users\user\Downloads\mysql-connector-j-9.4.0\mysql-connector-j-9.4.0\mysql-connector-j-9.4.0.jar;C:\Users\user\Downloads\fontawesomefx-8.2.jar;C:\Users\user\Downloads\jbcrypt-0.4.jar
Launcher Type: SUN_STANDARD

[Global flags]
     intx CICompilerCount                          = 3                                         {product} {ergonomic}
     uint ConcGCThreads                            = 1                                         {product} {ergonomic}
     uint G1ConcRefinementThreads                  = 4                                         {product} {ergonomic}
   size_t G1HeapRegionSize                         = 1048576                                   {product} {ergonomic}
    uintx GCDrainStackTargetSize                   = 64                                        {product} {ergonomic}
   size_t InitialHeapSize                          = 62914560                                  {product} {ergonomic}
   size_t MarkStackSize                            = 4194304                                   {product} {ergonomic}
   size_t MaxHeapSize                              = 994050048                                 {product} {ergonomic}
   size_t MaxNewSize                               = 595591168                                 {product} {ergonomic}
   size_t MinHeapDeltaBytes                        = 1048576                                   {product} {ergonomic}
   size_t MinHeapSize                              = 8388608                                   {product} {ergonomic}
    uintx NonNMethodCodeHeapSize                   = 5832780                                {pd product} {ergonomic}
    uintx NonProfiledCodeHeapSize                  = 122912730                              {pd product} {ergonomic}
    uintx ProfiledCodeHeapSize                     = 122912730                              {pd product} {ergonomic}
    uintx ReservedCodeCacheSize                    = 251658240                              {pd product} {ergonomic}
     bool SegmentedCodeCache                       = true                                      {product} {ergonomic}
     bool ShowCodeDetailsInExceptionMessages       = true                                   {manageable} {command line}
   size_t SoftMaxHeapSize                          = 994050048                              {manageable} {ergonomic}
     bool UseCompressedOops                        = true                           {product lp64_product} {ergonomic}
     bool UseG1GC                                  = true                                      {product} {ergonomic}
     bool UseLargePagesIndividualAllocation        = false                                  {pd product} {ergonomic}

Logging:
Log output configuration:
 #0: stdout all=warning uptime,level,tags foldmultilines=false
 #1: stderr all=off uptime,level,tags foldmultilines=false

Environment Variables:
PATH=C:/Users/user/.p2/pool/plugins/org.eclipse.justj.openjdk.hotspot.jre.full.win32.x86_64_21.0.9.v20251105-0741/jre/bin/server;C:/Users/user/.p2/pool/plugins/org.eclipse.justj.openjdk.hotspot.jre.full.win32.x86_64_21.0.9.v20251105-0741/jre/bin;C:\Program Files\Common Files\Oracle\Java\javapath;C:\WINDOWS\system32;C:\WINDOWS;C:\WINDOWS\System32\Wbem;C:\WINDOWS\System32\WindowsPowerShell\v1.0\;C:\WINDOWS\System32\OpenSSH\;C:\Program Files\Microsoft VS Code\bin;C:\Program Files\Java\jdk-24\bin;C:\Program Files\Java\jdk-24\bin;C:\Program Files (x86)\Microsoft SQL Server\160\DTS\Binn\;C:\Program Files (x86)\Microsoft SQL Server\160\Tools\Binn\;C:\Program Files\Microsoft SQL Server\160\Tools\Binn\;C:\Program Files\Microsoft SQL Server\Client SDK\ODBC\170\Tools\Binn\;C:\Program Files\Microsoft SQL Server\160\DTS\Binn\;C:\Program Files\nodejs\;C:\Program Files\dotnet\;C:\Program Files\Git\cmd;C:\Users\user\AppData\Local\Programs\Python\Python314\Scripts\;C:\Users\user\AppData\Local\Programs\Python\Python314\;C:\Users\user\AppData\Local\Microsoft\WindowsApps;C:\Users\user\AppData\Roaming\npm;C:\Users\user\AppData\Local\Programs\Antigravity\bin;C:\Users\user\Desktop;
USERNAME=user
OS=Windows_NT
PROCESSOR_IDENTIFIER=Intel64 Family 6 Model 140 Stepping 1, GenuineIntel
TMP=C:\Users\user\AppData\Local\Temp
TEMP=C:\Users\user\AppData\Local\Temp




Periodic native trim disabled

---------------  S Y S T E M  ---------------

OS:
 Windows 11 , 64 bit Build 26100 (10.0.26100.7309)
OS uptime: 0 days 2:39 hours
Hyper-V role detected

CPU: total 4 (initial active 4) (2 cores per cpu, 2 threads per core) family 6 model 140 stepping 1 microcode 0x86, cx8, cmov, fxsr, ht, mmx, 3dnowpref, sse, sse2, sse3, ssse3, sse4.1, sse4.2, popcnt, lzcnt, tsc, tscinvbit, avx, avx2, aes, erms, clmul, bmi1, bmi2, adx, avx512f, avx512dq, avx512cd, avx512bw, avx512vl, sha, fma, vzeroupper, avx512_vpopcntdq, avx512_vpclmulqdq, avx512_vaes, avx512_vnni, clflush, clflushopt, clwb, avx512_vbmi2, avx512_vbmi, hv, rdtscp, rdpid, fsrm, gfni, avx512_bitalg, f16c, cet_ibt, cet_ss, avx512_ifma
Processor Information for the first 4 processors :
  Max Mhz: 2995, Current Mhz: 2995, Mhz Limit: 2995

Memory: 4k page, system-wide physical 3790M (224M free)
TotalPageFile size 15566M (AvailPageFile size 0M)
current process WorkingSet (physical memory assigned to process): 223M, peak: 238M
current process commit charge ("private bytes"): 496M, peak: 504M

vm_info: OpenJDK 64-Bit Server VM (21.0.8+9-LTS) for windows-amd64 JRE (21.0.8+9-LTS), built on 2025-07-15T00:00:00Z by "admin" with MS VC++ 17.7 (VS2022)

END.
