#
# There is insufficient memory for the Java Runtime Environment to continue.
# Native memory allocation (malloc) failed to allocate 1908736 bytes. Error detail: Chunk::new
# Possible reasons:
#   The system is out of physical RAM or swap space
#   This process is running with CompressedOops enabled, and the Java Heap may be blocking the growth of the native heap
# Possible solutions:
#   Reduce memory load on the system
#   Increase physical memory or swap space
#   Check if swap backing store is full
#   Decrease Java heap size (-Xmx/-Xms)
#   Decrease number of Java threads
#   Decrease Java thread stack sizes (-Xss)
#   Set larger code cache with -XX:ReservedCodeCacheSize=
#   JVM is running with Unscaled Compressed Oops mode in which the Java heap is
#     placed in the first 4GB address space. The Java Heap base address is the
#     maximum limit for the native heap growth. Please use -XX:HeapBaseMinAddress
#     to set the Java Heap base and to place the Java Heap above 4GB virtual address.
# This output file may be truncated or incomplete.
#
#  Out of Memory Error (arena.cpp:168), pid=13508, tid=1732
#
# JRE version: OpenJDK Runtime Environment Temurin-21.0.8+9 (21.0.8+9) (build 21.0.8+9-LTS)
# Java VM: OpenJDK 64-Bit Server VM Temurin-21.0.8+9 (21.0.8+9-LTS, mixed mode, sharing, tiered, compressed oops, compressed class ptrs, g1 gc, windows-amd64)
# No core dump will be written. Minidumps are not enabled by default on client versions of Windows
#

---------------  S U M M A R Y ------------

Command Line: --module-path=C:\Users\user\Downloads\openjfx-21.0.9_windows-x64_bin-sdk\javafx-sdk-21.0.9\lib --add-modules=javafx.controls,javafx.fxml -Dfile.encoding=UTF-8 -Dstdout.encoding=UTF-8 -Dstderr.encoding=UTF-8 --module-path=C:\Users\user\Downloads\openjfx-21.0.9_windows-x64_bin-sdk\javafx-sdk-21.0.9\lib\javafx-swt.jar;C:\Users\user\Downloads\openjfx-21.0.9_windows-x64_bin-sdk\javafx-sdk-21.0.9\lib\javafx.base.jar;C:\Users\user\Downloads\openjfx-21.0.9_windows-x64_bin-sdk\javafx-sdk-21.0.9\lib\javafx.controls.jar;C:\Users\user\Downloads\openjfx-21.0.9_windows-x64_bin-sdk\javafx-sdk-21.0.9\lib\javafx.fxml.jar;C:\Users\user\Downloads\openjfx-21.0.9_windows-x64_bin-sdk\javafx-sdk-21.0.9\lib\javafx.graphics.jar;C:\Users\user\Downloads\openjfx-21.0.9_windows-x64_bin-sdk\javafx-sdk-21.0.9\lib\javafx.media.jar;C:\Users\user\Downloads\openjfx-21.0.9_windows-x64_bin-sdk\javafx-sdk-21.0.9\lib\javafx.swing.jar;C:\Users\user\Downloads\openjfx-21.0.9_windows-x64_bin-sdk\javafx-sdk-21.0.9\lib\javafx.web.jar;C:\Users\user\.p2\pool\plugins\org.eclipse.fx.ide.css.jfx8_3.8.0.202204150904.jar -XX:+ShowCodeDetailsInExceptionMessages application.Main

Host: 11th Gen Intel(R) Core(TM) i3-1115G4 @ 3.00GHz, 4 cores, 3G,  Windows 11 , 64 bit Build 26100 (10.0.26100.7309)
Time: Thu Jan  1 01:45:40 2026 Pacific Standard Time elapsed time: 38.590566 seconds (0d 0h 0m 38s)

---------------  T H R E A D  ---------------

Current thread (0x0000027b66cdaaf0):  JavaThread "C2 CompilerThread0" daemon [_thread_in_native, id=1732, stack(0x0000009a23400000,0x0000009a23500000) (1024K)]


Current CompileTask:
C2:38590 6752   !   4       javafx.scene.CssStyleHelper::transitionToState (1039 bytes)

Stack: [0x0000009a23400000,0x0000009a23500000]
Native frames: (J=compiled Java code, j=interpreted, Vv=VM code, C=native code)
V  [jvm.dll+0x6d2449]
V  [jvm.dll+0x8ae341]
V  [jvm.dll+0x8b08be]
V  [jvm.dll+0x8b0fa3]
V  [jvm.dll+0x280c96]
V  [jvm.dll+0xc581d]
V  [jvm.dll+0xc5d53]
V  [jvm.dll+0x3b919c]
V  [jvm.dll+0x1e1213]
V  [jvm.dll+0x249022]
V  [jvm.dll+0x2484af]
V  [jvm.dll+0x1c89ee]
V  [jvm.dll+0x257d4d]
V  [jvm.dll+0x2562ea]
V  [jvm.dll+0x3f2d16]
V  [jvm.dll+0x857e6b]
V  [jvm.dll+0x6d0b0d]
C  [ucrtbase.dll+0x37b0]
C  [KERNEL32.DLL+0x2e8d7]
C  [ntdll.dll+0x8c53c]


---------------  P R O C E S S  ---------------

Threads class SMR info:
_java_thread_list=0x0000027b6b2b62c0, length=19, elements={
0x0000027b4e8f4900, 0x0000027b66cc4950, 0x0000027b66ccc6e0, 0x0000027b66ccede0,
0x0000027b66ccf830, 0x0000027b66cd16c0, 0x0000027b66cd6a50, 0x0000027b66cdaaf0,
0x0000027b66cdeb00, 0x0000027b50cdb3d0, 0x0000027b6b8b0960, 0x0000027b6b48fc20,
0x0000027b6b751fe0, 0x0000027b6b752640, 0x0000027b6baa8cc0, 0x0000027b6baa4050,
0x0000027b6babddb0, 0x0000027b6b1e4ea0, 0x0000027b6b34e000
}

Java Threads: ( => current thread )
  0x0000027b4e8f4900 JavaThread "main"                              [_thread_blocked, id=23168, stack(0x0000009a22600000,0x0000009a22700000) (1024K)]
  0x0000027b66cc4950 JavaThread "Reference Handler"          daemon [_thread_blocked, id=1432, stack(0x0000009a22e00000,0x0000009a22f00000) (1024K)]
  0x0000027b66ccc6e0 JavaThread "Finalizer"                  daemon [_thread_blocked, id=15324, stack(0x0000009a22f00000,0x0000009a23000000) (1024K)]
  0x0000027b66ccede0 JavaThread "Signal Dispatcher"          daemon [_thread_blocked, id=15340, stack(0x0000009a23000000,0x0000009a23100000) (1024K)]
  0x0000027b66ccf830 JavaThread "Attach Listener"            daemon [_thread_blocked, id=19904, stack(0x0000009a23100000,0x0000009a23200000) (1024K)]
  0x0000027b66cd16c0 JavaThread "Service Thread"             daemon [_thread_blocked, id=11948, stack(0x0000009a23200000,0x0000009a23300000) (1024K)]
  0x0000027b66cd6a50 JavaThread "Monitor Deflation Thread"   daemon [_thread_blocked, id=18832, stack(0x0000009a23300000,0x0000009a23400000) (1024K)]
=>0x0000027b66cdaaf0 JavaThread "C2 CompilerThread0"         daemon [_thread_in_native, id=1732, stack(0x0000009a23400000,0x0000009a23500000) (1024K)]
  0x0000027b66cdeb00 JavaThread "C1 CompilerThread0"         daemon [_thread_blocked, id=24884, stack(0x0000009a23500000,0x0000009a23600000) (1024K)]
  0x0000027b50cdb3d0 JavaThread "Common-Cleaner"             daemon [_thread_blocked, id=2756, stack(0x0000009a23600000,0x0000009a23700000) (1024K)]
  0x0000027b6b8b0960 JavaThread "Notification Thread"        daemon [_thread_blocked, id=10468, stack(0x0000009a23700000,0x0000009a23800000) (1024K)]
  0x0000027b6b48fc20 JavaThread "QuantumRenderer-0"          daemon [_thread_blocked, id=25444, stack(0x0000009a23800000,0x0000009a23900000) (1024K)]
  0x0000027b6b751fe0 JavaThread "InvokeLaterDispatcher"      daemon [_thread_blocked, id=16984, stack(0x0000009a23c00000,0x0000009a23d00000) (1024K)]
  0x0000027b6b752640 JavaThread "JavaFX Application Thread"         [_thread_in_native, id=10036, stack(0x0000009a23d00000,0x0000009a23e00000) (1024K)]
  0x0000027b6baa8cc0 JavaThread "Thread-1"                   daemon [_thread_in_native, id=13972, stack(0x0000009a24100000,0x0000009a24200000) (1024K)]
  0x0000027b6baa4050 JavaThread "JavaFX-Launcher"                   [_thread_blocked, id=22808, stack(0x0000009a24200000,0x0000009a24300000) (1024K)]
  0x0000027b6babddb0 JavaThread "Prism Font Disposer"        daemon [_thread_blocked, id=18068, stack(0x0000009a24400000,0x0000009a24500000) (1024K)]
  0x0000027b6b1e4ea0 JavaThread "Cleaner-0"                  daemon [_thread_blocked, id=24028, stack(0x0000009a24800000,0x0000009a24900000) (1024K)]
  0x0000027b6b34e000 JavaThread "mysql-cj-abandoned-connection-cleanup" daemon [_thread_blocked, id=15796, stack(0x0000009a24a00000,0x0000009a24b00000) (1024K)]
Total: 19

Other Threads:
  0x0000027b50ced010 VMThread "VM Thread"                           [id=18816, stack(0x0000009a22d00000,0x0000009a22e00000) (1024K)]
  0x0000027b66cad0e0 WatcherThread "VM Periodic Task Thread"        [id=23344, stack(0x0000009a22c00000,0x0000009a22d00000) (1024K)]
  0x0000027b50c64140 WorkerThread "GC Thread#0"                     [id=20816, stack(0x0000009a22700000,0x0000009a22800000) (1024K)]
  0x0000027b6b749a40 WorkerThread "GC Thread#1"                     [id=17532, stack(0x0000009a23900000,0x0000009a23a00000) (1024K)]
  0x0000027b6b754910 WorkerThread "GC Thread#2"                     [id=6200, stack(0x0000009a23a00000,0x0000009a23b00000) (1024K)]
  0x0000027b6b754cb0 WorkerThread "GC Thread#3"                     [id=24108, stack(0x0000009a23b00000,0x0000009a23c00000) (1024K)]
  0x0000027b50c6c6b0 ConcurrentGCThread "G1 Main Marker"            [id=22752, stack(0x0000009a22800000,0x0000009a22900000) (1024K)]
  0x0000027b50c6e6e0 WorkerThread "G1 Conc#0"                       [id=1688, stack(0x0000009a22900000,0x0000009a22a00000) (1024K)]
  0x0000027b50cc6270 ConcurrentGCThread "G1 Refine#0"               [id=20620, stack(0x0000009a22a00000,0x0000009a22b00000) (1024K)]
  0x0000027b50cc9060 ConcurrentGCThread "G1 Service"                [id=23716, stack(0x0000009a22b00000,0x0000009a22c00000) (1024K)]
Total: 10

Threads with active compile tasks:
C2 CompilerThread0  38673 6752   !   4       javafx.scene.CssStyleHelper::transitionToState (1039 bytes)
Total: 1

VM state: not at safepoint (normal execution)

VM Mutex/Monitor currently owned by a thread: None

Heap address: 0x00000000c4c00000, size: 948 MB, Compressed Oops mode: 32-bit

CDS archive(s) mapped at: [0x0000027b00000000-0x0000027b00c80000-0x0000027b00c80000), size 13107200, SharedBaseAddress: 0x0000027b00000000, ArchiveRelocationMode: 1.
Compressed class space mapped at: 0x0000027b01000000-0x0000027b41000000, reserved size: 1073741824
Narrow klass base: 0x0000027b00000000, Narrow klass shift: 0, Narrow klass range: 0x100000000

GC Precious Log:
 CardTable entry size: 512
 Card Set container configuration: InlinePtr #cards 5 size 8 Array Of Cards #cards 12 size 40 Howl #buckets 4 coarsen threshold 1843 Howl Bitmap #cards 512 size 80 coarsen threshold 460 Card regions per heap region 1 cards per card region 2048
 CPUs: 4 total, 4 available
 Memory: 3790M
 Large Page Support: Disabled
 NUMA Support: Disabled
 Compressed Oops: Enabled (32-bit)
 Heap Region Size: 1M
 Heap Min Capacity: 8M
 Heap Initial Capacity: 60M
 Heap Max Capacity: 948M
 Pre-touch: Disabled
 Parallel Workers: 4
 Concurrent Workers: 1
 Concurrent Refinement Workers: 4
 Periodic GC: Disabled

Heap:
 garbage-first heap   total 302080K, used 277569K [0x00000000c4c00000, 0x0000000100000000)
  region size 1024K, 29 young (29696K), 5 survivors (5120K)
 Metaspace       used 31742K, committed 32192K, reserved 1114112K
  class space    used 4401K, committed 4608K, reserved 1048576K

Heap Regions: E=young(eden), S=young(survivor), O=old, HS=humongous(starts), HC=humongous(continues), CS=collection set, F=free, TAMS=top-at-mark-start, PB=parsable bottom
|   0|0x00000000c4c00000, 0x00000000c4d00000, 0x00000000c4d00000|100%|HS|  |TAMS 0x00000000c4c00000| PB 0x00000000c4c00000| Complete 
|   1|0x00000000c4d00000, 0x00000000c4e00000, 0x00000000c4e00000|100%|HC|  |TAMS 0x00000000c4d00000| PB 0x00000000c4d00000| Complete 
|   2|0x00000000c4e00000, 0x00000000c4e00000, 0x00000000c4f00000|  0%| F|  |TAMS 0x00000000c4e00000| PB 0x00000000c4e00000| Untracked 
|   3|0x00000000c4f00000, 0x00000000c5000000, 0x00000000c5000000|100%| O|  |TAMS 0x00000000c4f00000| PB 0x00000000c4f00000| Untracked 
|   4|0x00000000c5000000, 0x00000000c5100000, 0x00000000c5100000|100%| O|  |TAMS 0x00000000c5000000| PB 0x00000000c5000000| Untracked 
|   5|0x00000000c5100000, 0x00000000c5200000, 0x00000000c5200000|100%|HS|  |TAMS 0x00000000c5100000| PB 0x00000000c5100000| Complete 
|   6|0x00000000c5200000, 0x00000000c5300000, 0x00000000c5300000|100%|HC|  |TAMS 0x00000000c5200000| PB 0x00000000c5200000| Complete 
|   7|0x00000000c5300000, 0x00000000c5400000, 0x00000000c5400000|100%|HS|  |TAMS 0x00000000c5300000| PB 0x00000000c5300000| Complete 
|   8|0x00000000c5400000, 0x00000000c5500000, 0x00000000c5500000|100%|HC|  |TAMS 0x00000000c5400000| PB 0x00000000c5400000| Complete 
|   9|0x00000000c5500000, 0x00000000c5600000, 0x00000000c5600000|100%|HS|  |TAMS 0x00000000c5500000| PB 0x00000000c5500000| Complete 
|  10|0x00000000c5600000, 0x00000000c5700000, 0x00000000c5700000|100%|HC|  |TAMS 0x00000000c5600000| PB 0x00000000c5600000| Complete 
|  11|0x00000000c5700000, 0x00000000c5800000, 0x00000000c5800000|100%|HC|  |TAMS 0x00000000c5700000| PB 0x00000000c5700000| Complete 
|  12|0x00000000c5800000, 0x00000000c5900000, 0x00000000c5900000|100%|HC|  |TAMS 0x00000000c5800000| PB 0x00000000c5800000| Complete 
|  13|0x00000000c5900000, 0x00000000c5a00000, 0x00000000c5a00000|100%|HC|  |TAMS 0x00000000c5900000| PB 0x00000000c5900000| Complete 
|  14|0x00000000c5a00000, 0x00000000c5b00000, 0x00000000c5b00000|100%|HS|  |TAMS 0x00000000c5a00000| PB 0x00000000c5a00000| Complete 
|  15|0x00000000c5b00000, 0x00000000c5c00000, 0x00000000c5c00000|100%|HS|  |TAMS 0x00000000c5b00000| PB 0x00000000c5b00000| Complete 
|  16|0x00000000c5c00000, 0x00000000c5d00000, 0x00000000c5d00000|100%|HC|  |TAMS 0x00000000c5c00000| PB 0x00000000c5c00000| Complete 
|  17|0x00000000c5d00000, 0x00000000c5e00000, 0x00000000c5e00000|100%| O|  |TAMS 0x00000000c5d00000| PB 0x00000000c5d00000| Untracked 
|  18|0x00000000c5e00000, 0x00000000c5f00000, 0x00000000c5f00000|100%| O|  |TAMS 0x00000000c5e00000| PB 0x00000000c5e00000| Untracked 
|  19|0x00000000c5f00000, 0x00000000c6000000, 0x00000000c6000000|100%| O|  |TAMS 0x00000000c5f00000| PB 0x00000000c5f00000| Untracked 
|  20|0x00000000c6000000, 0x00000000c6100000, 0x00000000c6100000|100%| O|  |TAMS 0x00000000c6000000| PB 0x00000000c6000000| Untracked 
|  21|0x00000000c6100000, 0x00000000c6200000, 0x00000000c6200000|100%| O|  |TAMS 0x00000000c6100000| PB 0x00000000c6100000| Untracked 
|  22|0x00000000c6200000, 0x00000000c6300000, 0x00000000c6300000|100%| O|  |TAMS 0x00000000c6200000| PB 0x00000000c6200000| Untracked 
|  23|0x00000000c6300000, 0x00000000c6400000, 0x00000000c6400000|100%| O|  |TAMS 0x00000000c6300000| PB 0x00000000c6300000| Untracked 
|  24|0x00000000c6400000, 0x00000000c6500000, 0x00000000c6500000|100%| O|  |TAMS 0x00000000c6400000| PB 0x00000000c6400000| Untracked 
|  25|0x00000000c6500000, 0x00000000c6600000, 0x00000000c6600000|100%| O|  |TAMS 0x00000000c6500000| PB 0x00000000c6500000| Untracked 
|  26|0x00000000c6600000, 0x00000000c6700000, 0x00000000c6700000|100%| O|  |TAMS 0x00000000c6600000| PB 0x00000000c6600000| Untracked 
|  27|0x00000000c6700000, 0x00000000c6800000, 0x00000000c6800000|100%| O|  |TAMS 0x00000000c6700000| PB 0x00000000c6700000| Untracked 
|  28|0x00000000c6800000, 0x00000000c6900000, 0x00000000c6900000|100%| O|  |TAMS 0x00000000c6800000| PB 0x00000000c6800000| Untracked 
|  29|0x00000000c6900000, 0x00000000c6a00000, 0x00000000c6a00000|100%| O|  |TAMS 0x00000000c6900000| PB 0x00000000c6900000| Untracked 
|  30|0x00000000c6a00000, 0x00000000c6b00000, 0x00000000c6b00000|100%|HS|  |TAMS 0x00000000c6a00000| PB 0x00000000c6a00000| Complete 
|  31|0x00000000c6b00000, 0x00000000c6c00000, 0x00000000c6c00000|100%|HC|  |TAMS 0x00000000c6b00000| PB 0x00000000c6b00000| Complete 
|  32|0x00000000c6c00000, 0x00000000c6d00000, 0x00000000c6d00000|100%|HC|  |TAMS 0x00000000c6c00000| PB 0x00000000c6c00000| Complete 
|  33|0x00000000c6d00000, 0x00000000c6e00000, 0x00000000c6e00000|100%|HS|  |TAMS 0x00000000c6d00000| PB 0x00000000c6d00000| Complete 
|  34|0x00000000c6e00000, 0x00000000c6f00000, 0x00000000c6f00000|100%|HC|  |TAMS 0x00000000c6e00000| PB 0x00000000c6e00000| Complete 
|  35|0x00000000c6f00000, 0x00000000c7000000, 0x00000000c7000000|100%|HC|  |TAMS 0x00000000c6f00000| PB 0x00000000c6f00000| Complete 
|  36|0x00000000c7000000, 0x00000000c7100000, 0x00000000c7100000|100%|HC|  |TAMS 0x00000000c7000000| PB 0x00000000c7000000| Complete 
|  37|0x00000000c7100000, 0x00000000c7200000, 0x00000000c7200000|100%|HC|  |TAMS 0x00000000c7100000| PB 0x00000000c7100000| Complete 
|  38|0x00000000c7200000, 0x00000000c7300000, 0x00000000c7300000|100%|HC|  |TAMS 0x00000000c7200000| PB 0x00000000c7200000| Complete 
|  39|0x00000000c7300000, 0x00000000c7400000, 0x00000000c7400000|100%|HS|  |TAMS 0x00000000c7300000| PB 0x00000000c7300000| Complete 
|  40|0x00000000c7400000, 0x00000000c7500000, 0x00000000c7500000|100%|HC|  |TAMS 0x00000000c7400000| PB 0x00000000c7400000| Complete 
|  41|0x00000000c7500000, 0x00000000c7600000, 0x00000000c7600000|100%|HS|  |TAMS 0x00000000c7500000| PB 0x00000000c7500000| Complete 
|  42|0x00000000c7600000, 0x00000000c7700000, 0x00000000c7700000|100%|HC|  |TAMS 0x00000000c7600000| PB 0x00000000c7600000| Complete 
|  43|0x00000000c7700000, 0x00000000c7800000, 0x00000000c7800000|100%|HC|  |TAMS 0x00000000c7700000| PB 0x00000000c7700000| Complete 
|  44|0x00000000c7800000, 0x00000000c7900000, 0x00000000c7900000|100%|HS|  |TAMS 0x00000000c7800000| PB 0x00000000c7800000| Complete 
|  45|0x00000000c7900000, 0x00000000c7a00000, 0x00000000c7a00000|100%|HC|  |TAMS 0x00000000c7900000| PB 0x00000000c7900000| Complete 
|  46|0x00000000c7a00000, 0x00000000c7b00000, 0x00000000c7b00000|100%|HC|  |TAMS 0x00000000c7a00000| PB 0x00000000c7a00000| Complete 
|  47|0x00000000c7b00000, 0x00000000c7c00000, 0x00000000c7c00000|100%|HC|  |TAMS 0x00000000c7b00000| PB 0x00000000c7b00000| Complete 
|  48|0x00000000c7c00000, 0x00000000c7d00000, 0x00000000c7d00000|100%|HS|  |TAMS 0x00000000c7c00000| PB 0x00000000c7c00000| Complete 
|  49|0x00000000c7d00000, 0x00000000c7e00000, 0x00000000c7e00000|100%|HC|  |TAMS 0x00000000c7d00000| PB 0x00000000c7d00000| Complete 
|  50|0x00000000c7e00000, 0x00000000c7f00000, 0x00000000c7f00000|100%|HC|  |TAMS 0x00000000c7e00000| PB 0x00000000c7e00000| Complete 
|  51|0x00000000c7f00000, 0x00000000c8000000, 0x00000000c8000000|100%|HC|  |TAMS 0x00000000c7f00000| PB 0x00000000c7f00000| Complete 
|  52|0x00000000c8000000, 0x00000000c8100000, 0x00000000c8100000|100%|HC|  |TAMS 0x00000000c8000000| PB 0x00000000c8000000| Complete 
|  53|0x00000000c8100000, 0x00000000c8200000, 0x00000000c8200000|100%|HC|  |TAMS 0x00000000c8100000| PB 0x00000000c8100000| Complete 
|  54|0x00000000c8200000, 0x00000000c8300000, 0x00000000c8300000|100%|HC|  |TAMS 0x00000000c8200000| PB 0x00000000c8200000| Complete 
|  55|0x00000000c8300000, 0x00000000c8400000, 0x00000000c8400000|100%|HC|  |TAMS 0x00000000c8300000| PB 0x00000000c8300000| Complete 
|  56|0x00000000c8400000, 0x00000000c8500000, 0x00000000c8500000|100%|HC|  |TAMS 0x00000000c8400000| PB 0x00000000c8400000| Complete 
|  57|0x00000000c8500000, 0x00000000c8600000, 0x00000000c8600000|100%|HS|  |TAMS 0x00000000c8500000| PB 0x00000000c8500000| Complete 
|  58|0x00000000c8600000, 0x00000000c8700000, 0x00000000c8700000|100%|HC|  |TAMS 0x00000000c8600000| PB 0x00000000c8600000| Complete 
|  59|0x00000000c8700000, 0x00000000c87106c0, 0x00000000c8800000|  6%| O|  |TAMS 0x00000000c8700000| PB 0x00000000c8700000| Untracked 
|  60|0x00000000c8800000, 0x00000000c8800000, 0x00000000c8900000|  0%| F|  |TAMS 0x00000000c8800000| PB 0x00000000c8800000| Untracked 
|  61|0x00000000c8900000, 0x00000000c8a00000, 0x00000000c8a00000|100%|HS|  |TAMS 0x00000000c8900000| PB 0x00000000c8900000| Complete 
|  62|0x00000000c8a00000, 0x00000000c8b00000, 0x00000000c8b00000|100%|HC|  |TAMS 0x00000000c8a00000| PB 0x00000000c8a00000| Complete 
|  63|0x00000000c8b00000, 0x00000000c8c00000, 0x00000000c8c00000|100%|HC|  |TAMS 0x00000000c8b00000| PB 0x00000000c8b00000| Complete 
|  64|0x00000000c8c00000, 0x00000000c8d00000, 0x00000000c8d00000|100%|HC|  |TAMS 0x00000000c8c00000| PB 0x00000000c8c00000| Complete 
|  65|0x00000000c8d00000, 0x00000000c8e00000, 0x00000000c8e00000|100%|HC|  |TAMS 0x00000000c8d00000| PB 0x00000000c8d00000| Complete 
|  66|0x00000000c8e00000, 0x00000000c8f00000, 0x00000000c8f00000|100%|HC|  |TAMS 0x00000000c8e00000| PB 0x00000000c8e00000| Complete 
|  67|0x00000000c8f00000, 0x00000000c9000000, 0x00000000c9000000|100%|HC|  |TAMS 0x00000000c8f00000| PB 0x00000000c8f00000| Complete 
|  68|0x00000000c9000000, 0x00000000c9100000, 0x00000000c9100000|100%|HC|  |TAMS 0x00000000c9000000| PB 0x00000000c9000000| Complete 
|  69|0x00000000c9100000, 0x00000000c9200000, 0x00000000c9200000|100%|HC|  |TAMS 0x00000000c9100000| PB 0x00000000c9100000| Complete 
|  70|0x00000000c9200000, 0x00000000c9300000, 0x00000000c9300000|100%|HC|  |TAMS 0x00000000c9200000| PB 0x00000000c9200000| Complete 
|  71|0x00000000c9300000, 0x00000000c9400000, 0x00000000c9400000|100%|HC|  |TAMS 0x00000000c9300000| PB 0x00000000c9300000| Complete 
|  72|0x00000000c9400000, 0x00000000c9500000, 0x00000000c9500000|100%|HC|  |TAMS 0x00000000c9400000| PB 0x00000000c9400000| Complete 
|  73|0x00000000c9500000, 0x00000000c9600000, 0x00000000c9600000|100%|HC|  |TAMS 0x00000000c9500000| PB 0x00000000c9500000| Complete 
|  74|0x00000000c9600000, 0x00000000c9700000, 0x00000000c9700000|100%|HC|  |TAMS 0x00000000c9600000| PB 0x00000000c9600000| Complete 
|  75|0x00000000c9700000, 0x00000000c9800000, 0x00000000c9800000|100%|HC|  |TAMS 0x00000000c9700000| PB 0x00000000c9700000| Complete 
|  76|0x00000000c9800000, 0x00000000c9900000, 0x00000000c9900000|100%|HC|  |TAMS 0x00000000c9800000| PB 0x00000000c9800000| Complete 
|  77|0x00000000c9900000, 0x00000000c9a00000, 0x00000000c9a00000|100%|HC|  |TAMS 0x00000000c9900000| PB 0x00000000c9900000| Complete 
|  78|0x00000000c9a00000, 0x00000000c9b00000, 0x00000000c9b00000|100%|HC|  |TAMS 0x00000000c9a00000| PB 0x00000000c9a00000| Complete 
|  79|0x00000000c9b00000, 0x00000000c9c00000, 0x00000000c9c00000|100%|HC|  |TAMS 0x00000000c9b00000| PB 0x00000000c9b00000| Complete 
|  80|0x00000000c9c00000, 0x00000000c9d00000, 0x00000000c9d00000|100%|HC|  |TAMS 0x00000000c9c00000| PB 0x00000000c9c00000| Complete 
|  81|0x00000000c9d00000, 0x00000000c9e00000, 0x00000000c9e00000|100%|HC|  |TAMS 0x00000000c9d00000| PB 0x00000000c9d00000| Complete 
|  82|0x00000000c9e00000, 0x00000000c9f00000, 0x00000000c9f00000|100%|HC|  |TAMS 0x00000000c9e00000| PB 0x00000000c9e00000| Complete 
|  83|0x00000000c9f00000, 0x00000000ca000000, 0x00000000ca000000|100%|HC|  |TAMS 0x00000000c9f00000| PB 0x00000000c9f00000| Complete 
|  84|0x00000000ca000000, 0x00000000ca100000, 0x00000000ca100000|100%|HC|  |TAMS 0x00000000ca000000| PB 0x00000000ca000000| Complete 
|  85|0x00000000ca100000, 0x00000000ca200000, 0x00000000ca200000|100%|HC|  |TAMS 0x00000000ca100000| PB 0x00000000ca100000| Complete 
|  86|0x00000000ca200000, 0x00000000ca300000, 0x00000000ca300000|100%|HC|  |TAMS 0x00000000ca200000| PB 0x00000000ca200000| Complete 
|  87|0x00000000ca300000, 0x00000000ca400000, 0x00000000ca400000|100%|HC|  |TAMS 0x00000000ca300000| PB 0x00000000ca300000| Complete 
|  88|0x00000000ca400000, 0x00000000ca500000, 0x00000000ca500000|100%|HC|  |TAMS 0x00000000ca400000| PB 0x00000000ca400000| Complete 
|  89|0x00000000ca500000, 0x00000000ca600000, 0x00000000ca600000|100%|HC|  |TAMS 0x00000000ca500000| PB 0x00000000ca500000| Complete 
|  90|0x00000000ca600000, 0x00000000ca700000, 0x00000000ca700000|100%|HC|  |TAMS 0x00000000ca600000| PB 0x00000000ca600000| Complete 
|  91|0x00000000ca700000, 0x00000000ca800000, 0x00000000ca800000|100%|HC|  |TAMS 0x00000000ca700000| PB 0x00000000ca700000| Complete 
|  92|0x00000000ca800000, 0x00000000ca900000, 0x00000000ca900000|100%|HC|  |TAMS 0x00000000ca800000| PB 0x00000000ca800000| Complete 
|  93|0x00000000ca900000, 0x00000000caa00000, 0x00000000caa00000|100%|HC|  |TAMS 0x00000000ca900000| PB 0x00000000ca900000| Complete 
|  94|0x00000000caa00000, 0x00000000cab00000, 0x00000000cab00000|100%|HS|  |TAMS 0x00000000caa00000| PB 0x00000000caa00000| Complete 
|  95|0x00000000cab00000, 0x00000000cac00000, 0x00000000cac00000|100%|HC|  |TAMS 0x00000000cab00000| PB 0x00000000cab00000| Complete 
|  96|0x00000000cac00000, 0x00000000cad00000, 0x00000000cad00000|100%|HC|  |TAMS 0x00000000cac00000| PB 0x00000000cac00000| Complete 
|  97|0x00000000cad00000, 0x00000000cae00000, 0x00000000cae00000|100%|HC|  |TAMS 0x00000000cad00000| PB 0x00000000cad00000| Complete 
|  98|0x00000000cae00000, 0x00000000caf00000, 0x00000000caf00000|100%|HC|  |TAMS 0x00000000cae00000| PB 0x00000000cae00000| Complete 
|  99|0x00000000caf00000, 0x00000000cb000000, 0x00000000cb000000|100%|HC|  |TAMS 0x00000000caf00000| PB 0x00000000caf00000| Complete 
| 100|0x00000000cb000000, 0x00000000cb100000, 0x00000000cb100000|100%|HC|  |TAMS 0x00000000cb000000| PB 0x00000000cb000000| Complete 
| 101|0x00000000cb100000, 0x00000000cb200000, 0x00000000cb200000|100%|HC|  |TAMS 0x00000000cb100000| PB 0x00000000cb100000| Complete 
| 102|0x00000000cb200000, 0x00000000cb300000, 0x00000000cb300000|100%|HC|  |TAMS 0x00000000cb200000| PB 0x00000000cb200000| Complete 
| 103|0x00000000cb300000, 0x00000000cb400000, 0x00000000cb400000|100%|HS|  |TAMS 0x00000000cb300000| PB 0x00000000cb300000| Complete 
| 104|0x00000000cb400000, 0x00000000cb500000, 0x00000000cb500000|100%|HC|  |TAMS 0x00000000cb400000| PB 0x00000000cb400000| Complete 
| 105|0x00000000cb500000, 0x00000000cb600000, 0x00000000cb600000|100%|HC|  |TAMS 0x00000000cb500000| PB 0x00000000cb500000| Complete 
| 106|0x00000000cb600000, 0x00000000cb700000, 0x00000000cb700000|100%|HS|  |TAMS 0x00000000cb600000| PB 0x00000000cb600000| Complete 
| 107|0x00000000cb700000, 0x00000000cb800000, 0x00000000cb800000|100%|HC|  |TAMS 0x00000000cb700000| PB 0x00000000cb700000| Complete 
| 108|0x00000000cb800000, 0x00000000cb900000, 0x00000000cb900000|100%|HC|  |TAMS 0x00000000cb800000| PB 0x00000000cb800000| Complete 
| 109|0x00000000cb900000, 0x00000000cba00000, 0x00000000cba00000|100%|HC|  |TAMS 0x00000000cb900000| PB 0x00000000cb900000| Complete 
| 110|0x00000000cba00000, 0x00000000cba00000, 0x00000000cbb00000|  0%| F|  |TAMS 0x00000000cba00000| PB 0x00000000cba00000| Untracked 
| 111|0x00000000cbb00000, 0x00000000cbb00000, 0x00000000cbc00000|  0%| F|  |TAMS 0x00000000cbb00000| PB 0x00000000cbb00000| Untracked 
| 112|0x00000000cbc00000, 0x00000000cbc00000, 0x00000000cbd00000|  0%| F|  |TAMS 0x00000000cbc00000| PB 0x00000000cbc00000| Untracked 
| 113|0x00000000cbd00000, 0x00000000cbd00000, 0x00000000cbe00000|  0%| F|  |TAMS 0x00000000cbd00000| PB 0x00000000cbd00000| Untracked 
| 114|0x00000000cbe00000, 0x00000000cbe00000, 0x00000000cbf00000|  0%| F|  |TAMS 0x00000000cbe00000| PB 0x00000000cbe00000| Untracked 
| 115|0x00000000cbf00000, 0x00000000cbf00000, 0x00000000cc000000|  0%| F|  |TAMS 0x00000000cbf00000| PB 0x00000000cbf00000| Untracked 
| 116|0x00000000cc000000, 0x00000000cc000000, 0x00000000cc100000|  0%| F|  |TAMS 0x00000000cc000000| PB 0x00000000cc000000| Untracked 
| 117|0x00000000cc100000, 0x00000000cc200000, 0x00000000cc200000|100%| S|CS|TAMS 0x00000000cc100000| PB 0x00000000cc100000| Complete 
| 118|0x00000000cc200000, 0x00000000cc300000, 0x00000000cc300000|100%| S|CS|TAMS 0x00000000cc200000| PB 0x00000000cc200000| Complete 
| 119|0x00000000cc300000, 0x00000000cc400000, 0x00000000cc400000|100%| S|CS|TAMS 0x00000000cc300000| PB 0x00000000cc300000| Complete 
| 120|0x00000000cc400000, 0x00000000cc500000, 0x00000000cc500000|100%| S|CS|TAMS 0x00000000cc400000| PB 0x00000000cc400000| Complete 
| 121|0x00000000cc500000, 0x00000000cc600000, 0x00000000cc600000|100%| S|CS|TAMS 0x00000000cc500000| PB 0x00000000cc500000| Complete 
| 122|0x00000000cc600000, 0x00000000cc600000, 0x00000000cc700000|  0%| F|  |TAMS 0x00000000cc600000| PB 0x00000000cc600000| Untracked 
| 123|0x00000000cc700000, 0x00000000cc700000, 0x00000000cc800000|  0%| F|  |TAMS 0x00000000cc700000| PB 0x00000000cc700000| Untracked 
| 124|0x00000000cc800000, 0x00000000cc800000, 0x00000000cc900000|  0%| F|  |TAMS 0x00000000cc800000| PB 0x00000000cc800000| Untracked 
| 125|0x00000000cc900000, 0x00000000cc900000, 0x00000000cca00000|  0%| F|  |TAMS 0x00000000cc900000| PB 0x00000000cc900000| Untracked 
| 126|0x00000000cca00000, 0x00000000cca00000, 0x00000000ccb00000|  0%| F|  |TAMS 0x00000000cca00000| PB 0x00000000cca00000| Untracked 
| 127|0x00000000ccb00000, 0x00000000ccb00000, 0x00000000ccc00000|  0%| F|  |TAMS 0x00000000ccb00000| PB 0x00000000ccb00000| Untracked 
| 128|0x00000000ccc00000, 0x00000000ccd00000, 0x00000000ccd00000|100%|HS|  |TAMS 0x00000000ccc00000| PB 0x00000000ccc00000| Complete 
| 129|0x00000000ccd00000, 0x00000000cce00000, 0x00000000cce00000|100%|HC|  |TAMS 0x00000000ccd00000| PB 0x00000000ccd00000| Complete 
| 130|0x00000000cce00000, 0x00000000ccf00000, 0x00000000ccf00000|100%|HC|  |TAMS 0x00000000cce00000| PB 0x00000000cce00000| Complete 
| 131|0x00000000ccf00000, 0x00000000cd000000, 0x00000000cd000000|100%|HC|  |TAMS 0x00000000ccf00000| PB 0x00000000ccf00000| Complete 
| 132|0x00000000cd000000, 0x00000000cd100000, 0x00000000cd100000|100%|HC|  |TAMS 0x00000000cd000000| PB 0x00000000cd000000| Complete 
| 133|0x00000000cd100000, 0x00000000cd200000, 0x00000000cd200000|100%|HC|  |TAMS 0x00000000cd100000| PB 0x00000000cd100000| Complete 
| 134|0x00000000cd200000, 0x00000000cd300000, 0x00000000cd300000|100%|HC|  |TAMS 0x00000000cd200000| PB 0x00000000cd200000| Complete 
| 135|0x00000000cd300000, 0x00000000cd400000, 0x00000000cd400000|100%|HC|  |TAMS 0x00000000cd300000| PB 0x00000000cd300000| Complete 
| 136|0x00000000cd400000, 0x00000000cd500000, 0x00000000cd500000|100%|HC|  |TAMS 0x00000000cd400000| PB 0x00000000cd400000| Complete 
| 137|0x00000000cd500000, 0x00000000cd500000, 0x00000000cd600000|  0%| F|  |TAMS 0x00000000cd500000| PB 0x00000000cd500000| Untracked 
| 138|0x00000000cd600000, 0x00000000cd700000, 0x00000000cd700000|100%|HS|  |TAMS 0x00000000cd600000| PB 0x00000000cd600000| Complete 
| 139|0x00000000cd700000, 0x00000000cd800000, 0x00000000cd800000|100%|HC|  |TAMS 0x00000000cd700000| PB 0x00000000cd700000| Complete 
| 140|0x00000000cd800000, 0x00000000cd900000, 0x00000000cd900000|100%|HC|  |TAMS 0x00000000cd800000| PB 0x00000000cd800000| Complete 
| 141|0x00000000cd900000, 0x00000000cda00000, 0x00000000cda00000|100%|HC|  |TAMS 0x00000000cd900000| PB 0x00000000cd900000| Complete 
| 142|0x00000000cda00000, 0x00000000cdb00000, 0x00000000cdb00000|100%|HC|  |TAMS 0x00000000cda00000| PB 0x00000000cda00000| Complete 
| 143|0x00000000cdb00000, 0x00000000cdc00000, 0x00000000cdc00000|100%|HC|  |TAMS 0x00000000cdb00000| PB 0x00000000cdb00000| Complete 
| 144|0x00000000cdc00000, 0x00000000cdd00000, 0x00000000cdd00000|100%|HC|  |TAMS 0x00000000cdc00000| PB 0x00000000cdc00000| Complete 
| 145|0x00000000cdd00000, 0x00000000cde00000, 0x00000000cde00000|100%|HC|  |TAMS 0x00000000cdd00000| PB 0x00000000cdd00000| Complete 
| 146|0x00000000cde00000, 0x00000000cdf00000, 0x00000000cdf00000|100%|HC|  |TAMS 0x00000000cde00000| PB 0x00000000cde00000| Complete 
| 147|0x00000000cdf00000, 0x00000000ce000000, 0x00000000ce000000|100%|HC|  |TAMS 0x00000000cdf00000| PB 0x00000000cdf00000| Complete 
| 148|0x00000000ce000000, 0x00000000ce100000, 0x00000000ce100000|100%|HC|  |TAMS 0x00000000ce000000| PB 0x00000000ce000000| Complete 
| 149|0x00000000ce100000, 0x00000000ce200000, 0x00000000ce200000|100%|HC|  |TAMS 0x00000000ce100000| PB 0x00000000ce100000| Complete 
| 150|0x00000000ce200000, 0x00000000ce300000, 0x00000000ce300000|100%|HC|  |TAMS 0x00000000ce200000| PB 0x00000000ce200000| Complete 
| 151|0x00000000ce300000, 0x00000000ce400000, 0x00000000ce400000|100%|HC|  |TAMS 0x00000000ce300000| PB 0x00000000ce300000| Complete 
| 152|0x00000000ce400000, 0x00000000ce500000, 0x00000000ce500000|100%|HC|  |TAMS 0x00000000ce400000| PB 0x00000000ce400000| Complete 
| 153|0x00000000ce500000, 0x00000000ce600000, 0x00000000ce600000|100%|HC|  |TAMS 0x00000000ce500000| PB 0x00000000ce500000| Complete 
| 154|0x00000000ce600000, 0x00000000ce700000, 0x00000000ce700000|100%|HC|  |TAMS 0x00000000ce600000| PB 0x00000000ce600000| Complete 
| 155|0x00000000ce700000, 0x00000000ce800000, 0x00000000ce800000|100%|HC|  |TAMS 0x00000000ce700000| PB 0x00000000ce700000| Complete 
| 156|0x00000000ce800000, 0x00000000ce900000, 0x00000000ce900000|100%|HC|  |TAMS 0x00000000ce800000| PB 0x00000000ce800000| Complete 
| 157|0x00000000ce900000, 0x00000000cea00000, 0x00000000cea00000|100%|HC|  |TAMS 0x00000000ce900000| PB 0x00000000ce900000| Complete 
| 158|0x00000000cea00000, 0x00000000ceb00000, 0x00000000ceb00000|100%|HC|  |TAMS 0x00000000cea00000| PB 0x00000000cea00000| Complete 
| 159|0x00000000ceb00000, 0x00000000cec00000, 0x00000000cec00000|100%|HC|  |TAMS 0x00000000ceb00000| PB 0x00000000ceb00000| Complete 
| 160|0x00000000cec00000, 0x00000000ced00000, 0x00000000ced00000|100%|HC|  |TAMS 0x00000000cec00000| PB 0x00000000cec00000| Complete 
| 161|0x00000000ced00000, 0x00000000cee00000, 0x00000000cee00000|100%|HC|  |TAMS 0x00000000ced00000| PB 0x00000000ced00000| Complete 
| 162|0x00000000cee00000, 0x00000000cef00000, 0x00000000cef00000|100%|HC|  |TAMS 0x00000000cee00000| PB 0x00000000cee00000| Complete 
| 163|0x00000000cef00000, 0x00000000cf000000, 0x00000000cf000000|100%|HC|  |TAMS 0x00000000cef00000| PB 0x00000000cef00000| Complete 
| 164|0x00000000cf000000, 0x00000000cf100000, 0x00000000cf100000|100%|HC|  |TAMS 0x00000000cf000000| PB 0x00000000cf000000| Complete 
| 165|0x00000000cf100000, 0x00000000cf200000, 0x00000000cf200000|100%|HS|  |TAMS 0x00000000cf100000| PB 0x00000000cf100000| Complete 
| 166|0x00000000cf200000, 0x00000000cf300000, 0x00000000cf300000|100%|HC|  |TAMS 0x00000000cf200000| PB 0x00000000cf200000| Complete 
| 167|0x00000000cf300000, 0x00000000cf400000, 0x00000000cf400000|100%|HC|  |TAMS 0x00000000cf300000| PB 0x00000000cf300000| Complete 
| 168|0x00000000cf400000, 0x00000000cf500000, 0x00000000cf500000|100%|HS|  |TAMS 0x00000000cf400000| PB 0x00000000cf400000| Complete 
| 169|0x00000000cf500000, 0x00000000cf600000, 0x00000000cf600000|100%|HC|  |TAMS 0x00000000cf500000| PB 0x00000000cf500000| Complete 
| 170|0x00000000cf600000, 0x00000000cf700000, 0x00000000cf700000|100%|HC|  |TAMS 0x00000000cf600000| PB 0x00000000cf600000| Complete 
| 171|0x00000000cf700000, 0x00000000cf800000, 0x00000000cf800000|100%|HC|  |TAMS 0x00000000cf700000| PB 0x00000000cf700000| Complete 
| 172|0x00000000cf800000, 0x00000000cf900000, 0x00000000cf900000|100%|HS|  |TAMS 0x00000000cf800000| PB 0x00000000cf800000| Complete 
| 173|0x00000000cf900000, 0x00000000cfa00000, 0x00000000cfa00000|100%|HC|  |TAMS 0x00000000cf900000| PB 0x00000000cf900000| Complete 
| 174|0x00000000cfa00000, 0x00000000cfb00000, 0x00000000cfb00000|100%|HC|  |TAMS 0x00000000cfa00000| PB 0x00000000cfa00000| Complete 
| 175|0x00000000cfb00000, 0x00000000cfc00000, 0x00000000cfc00000|100%|HC|  |TAMS 0x00000000cfb00000| PB 0x00000000cfb00000| Complete 
| 176|0x00000000cfc00000, 0x00000000cfd00000, 0x00000000cfd00000|100%|HC|  |TAMS 0x00000000cfc00000| PB 0x00000000cfc00000| Complete 
| 177|0x00000000cfd00000, 0x00000000cfe00000, 0x00000000cfe00000|100%|HS|  |TAMS 0x00000000cfd00000| PB 0x00000000cfd00000| Complete 
| 178|0x00000000cfe00000, 0x00000000cff00000, 0x00000000cff00000|100%|HC|  |TAMS 0x00000000cfe00000| PB 0x00000000cfe00000| Complete 
| 179|0x00000000cff00000, 0x00000000d0000000, 0x00000000d0000000|100%|HC|  |TAMS 0x00000000cff00000| PB 0x00000000cff00000| Complete 
| 180|0x00000000d0000000, 0x00000000d0100000, 0x00000000d0100000|100%|HC|  |TAMS 0x00000000d0000000| PB 0x00000000d0000000| Complete 
| 181|0x00000000d0100000, 0x00000000d0200000, 0x00000000d0200000|100%|HC|  |TAMS 0x00000000d0100000| PB 0x00000000d0100000| Complete 
| 182|0x00000000d0200000, 0x00000000d0300000, 0x00000000d0300000|100%|HC|  |TAMS 0x00000000d0200000| PB 0x00000000d0200000| Complete 
| 183|0x00000000d0300000, 0x00000000d0400000, 0x00000000d0400000|100%|HS|  |TAMS 0x00000000d0300000| PB 0x00000000d0300000| Complete 
| 184|0x00000000d0400000, 0x00000000d0500000, 0x00000000d0500000|100%|HC|  |TAMS 0x00000000d0400000| PB 0x00000000d0400000| Complete 
| 185|0x00000000d0500000, 0x00000000d0600000, 0x00000000d0600000|100%|HC|  |TAMS 0x00000000d0500000| PB 0x00000000d0500000| Complete 
| 186|0x00000000d0600000, 0x00000000d0700000, 0x00000000d0700000|100%|HC|  |TAMS 0x00000000d0600000| PB 0x00000000d0600000| Complete 
| 187|0x00000000d0700000, 0x00000000d0800000, 0x00000000d0800000|100%|HC|  |TAMS 0x00000000d0700000| PB 0x00000000d0700000| Complete 
| 188|0x00000000d0800000, 0x00000000d0900000, 0x00000000d0900000|100%|HC|  |TAMS 0x00000000d0800000| PB 0x00000000d0800000| Complete 
| 189|0x00000000d0900000, 0x00000000d0a00000, 0x00000000d0a00000|100%|HC|  |TAMS 0x00000000d0900000| PB 0x00000000d0900000| Complete 
| 190|0x00000000d0a00000, 0x00000000d0b00000, 0x00000000d0b00000|100%|HC|  |TAMS 0x00000000d0a00000| PB 0x00000000d0a00000| Complete 
| 191|0x00000000d0b00000, 0x00000000d0c00000, 0x00000000d0c00000|100%|HC|  |TAMS 0x00000000d0b00000| PB 0x00000000d0b00000| Complete 
| 192|0x00000000d0c00000, 0x00000000d0d00000, 0x00000000d0d00000|100%|HC|  |TAMS 0x00000000d0c00000| PB 0x00000000d0c00000| Complete 
| 193|0x00000000d0d00000, 0x00000000d0e00000, 0x00000000d0e00000|100%|HC|  |TAMS 0x00000000d0d00000| PB 0x00000000d0d00000| Complete 
| 194|0x00000000d0e00000, 0x00000000d0f00000, 0x00000000d0f00000|100%|HC|  |TAMS 0x00000000d0e00000| PB 0x00000000d0e00000| Complete 
| 195|0x00000000d0f00000, 0x00000000d1000000, 0x00000000d1000000|100%|HC|  |TAMS 0x00000000d0f00000| PB 0x00000000d0f00000| Complete 
| 196|0x00000000d1000000, 0x00000000d1100000, 0x00000000d1100000|100%|HC|  |TAMS 0x00000000d1000000| PB 0x00000000d1000000| Complete 
| 197|0x00000000d1100000, 0x00000000d1200000, 0x00000000d1200000|100%|HC|  |TAMS 0x00000000d1100000| PB 0x00000000d1100000| Complete 
| 198|0x00000000d1200000, 0x00000000d1300000, 0x00000000d1300000|100%|HC|  |TAMS 0x00000000d1200000| PB 0x00000000d1200000| Complete 
| 199|0x00000000d1300000, 0x00000000d1400000, 0x00000000d1400000|100%|HC|  |TAMS 0x00000000d1300000| PB 0x00000000d1300000| Complete 
| 200|0x00000000d1400000, 0x00000000d1500000, 0x00000000d1500000|100%|HC|  |TAMS 0x00000000d1400000| PB 0x00000000d1400000| Complete 
| 201|0x00000000d1500000, 0x00000000d1600000, 0x00000000d1600000|100%|HC|  |TAMS 0x00000000d1500000| PB 0x00000000d1500000| Complete 
| 202|0x00000000d1600000, 0x00000000d1700000, 0x00000000d1700000|100%|HC|  |TAMS 0x00000000d1600000| PB 0x00000000d1600000| Complete 
| 203|0x00000000d1700000, 0x00000000d1800000, 0x00000000d1800000|100%|HC|  |TAMS 0x00000000d1700000| PB 0x00000000d1700000| Complete 
| 204|0x00000000d1800000, 0x00000000d1900000, 0x00000000d1900000|100%|HC|  |TAMS 0x00000000d1800000| PB 0x00000000d1800000| Complete 
| 205|0x00000000d1900000, 0x00000000d1a00000, 0x00000000d1a00000|100%|HC|  |TAMS 0x00000000d1900000| PB 0x00000000d1900000| Complete 
| 206|0x00000000d1a00000, 0x00000000d1b00000, 0x00000000d1b00000|100%|HC|  |TAMS 0x00000000d1a00000| PB 0x00000000d1a00000| Complete 
| 207|0x00000000d1b00000, 0x00000000d1c00000, 0x00000000d1c00000|100%|HC|  |TAMS 0x00000000d1b00000| PB 0x00000000d1b00000| Complete 
| 208|0x00000000d1c00000, 0x00000000d1d00000, 0x00000000d1d00000|100%|HC|  |TAMS 0x00000000d1c00000| PB 0x00000000d1c00000| Complete 
| 209|0x00000000d1d00000, 0x00000000d1e00000, 0x00000000d1e00000|100%|HC|  |TAMS 0x00000000d1d00000| PB 0x00000000d1d00000| Complete 
| 210|0x00000000d1e00000, 0x00000000d1f00000, 0x00000000d1f00000|100%|HC|  |TAMS 0x00000000d1e00000| PB 0x00000000d1e00000| Complete 
| 211|0x00000000d1f00000, 0x00000000d2000000, 0x00000000d2000000|100%|HC|  |TAMS 0x00000000d1f00000| PB 0x00000000d1f00000| Complete 
| 212|0x00000000d2000000, 0x00000000d2100000, 0x00000000d2100000|100%|HC|  |TAMS 0x00000000d2000000| PB 0x00000000d2000000| Complete 
| 213|0x00000000d2100000, 0x00000000d2200000, 0x00000000d2200000|100%|HC|  |TAMS 0x00000000d2100000| PB 0x00000000d2100000| Complete 
| 214|0x00000000d2200000, 0x00000000d2300000, 0x00000000d2300000|100%|HC|  |TAMS 0x00000000d2200000| PB 0x00000000d2200000| Complete 
| 215|0x00000000d2300000, 0x00000000d2400000, 0x00000000d2400000|100%|HC|  |TAMS 0x00000000d2300000| PB 0x00000000d2300000| Complete 
| 216|0x00000000d2400000, 0x00000000d2500000, 0x00000000d2500000|100%|HS|  |TAMS 0x00000000d2400000| PB 0x00000000d2400000| Complete 
| 217|0x00000000d2500000, 0x00000000d2600000, 0x00000000d2600000|100%|HC|  |TAMS 0x00000000d2500000| PB 0x00000000d2500000| Complete 
| 218|0x00000000d2600000, 0x00000000d2700000, 0x00000000d2700000|100%|HS|  |TAMS 0x00000000d2600000| PB 0x00000000d2600000| Complete 
| 219|0x00000000d2700000, 0x00000000d2800000, 0x00000000d2800000|100%|HC|  |TAMS 0x00000000d2700000| PB 0x00000000d2700000| Complete 
| 220|0x00000000d2800000, 0x00000000d2900000, 0x00000000d2900000|100%|HC|  |TAMS 0x00000000d2800000| PB 0x00000000d2800000| Complete 
| 221|0x00000000d2900000, 0x00000000d2a00000, 0x00000000d2a00000|100%|HC|  |TAMS 0x00000000d2900000| PB 0x00000000d2900000| Complete 
| 222|0x00000000d2a00000, 0x00000000d2b00000, 0x00000000d2b00000|100%|HC|  |TAMS 0x00000000d2a00000| PB 0x00000000d2a00000| Complete 
| 223|0x00000000d2b00000, 0x00000000d2c00000, 0x00000000d2c00000|100%|HC|  |TAMS 0x00000000d2b00000| PB 0x00000000d2b00000| Complete 
| 224|0x00000000d2c00000, 0x00000000d2d00000, 0x00000000d2d00000|100%|HC|  |TAMS 0x00000000d2c00000| PB 0x00000000d2c00000| Complete 
| 225|0x00000000d2d00000, 0x00000000d2e00000, 0x00000000d2e00000|100%|HS|  |TAMS 0x00000000d2d00000| PB 0x00000000d2d00000| Complete 
| 226|0x00000000d2e00000, 0x00000000d2f00000, 0x00000000d2f00000|100%|HC|  |TAMS 0x00000000d2e00000| PB 0x00000000d2e00000| Complete 
| 227|0x00000000d2f00000, 0x00000000d3000000, 0x00000000d3000000|100%|HC|  |TAMS 0x00000000d2f00000| PB 0x00000000d2f00000| Complete 
| 228|0x00000000d3000000, 0x00000000d3100000, 0x00000000d3100000|100%|HC|  |TAMS 0x00000000d3000000| PB 0x00000000d3000000| Complete 
| 229|0x00000000d3100000, 0x00000000d3200000, 0x00000000d3200000|100%|HS|  |TAMS 0x00000000d3100000| PB 0x00000000d3100000| Complete 
| 230|0x00000000d3200000, 0x00000000d3300000, 0x00000000d3300000|100%|HS|  |TAMS 0x00000000d3200000| PB 0x00000000d3200000| Complete 
| 231|0x00000000d3300000, 0x00000000d3400000, 0x00000000d3400000|100%|HC|  |TAMS 0x00000000d3300000| PB 0x00000000d3300000| Complete 
| 232|0x00000000d3400000, 0x00000000d3500000, 0x00000000d3500000|100%|HC|  |TAMS 0x00000000d3400000| PB 0x00000000d3400000| Complete 
| 233|0x00000000d3500000, 0x00000000d3600000, 0x00000000d3600000|100%|HS|  |TAMS 0x00000000d3500000| PB 0x00000000d3500000| Complete 
| 234|0x00000000d3600000, 0x00000000d3700000, 0x00000000d3700000|100%|HC|  |TAMS 0x00000000d3600000| PB 0x00000000d3600000| Complete 
| 235|0x00000000d3700000, 0x00000000d3800000, 0x00000000d3800000|100%|HC|  |TAMS 0x00000000d3700000| PB 0x00000000d3700000| Complete 
| 236|0x00000000d3800000, 0x00000000d3900000, 0x00000000d3900000|100%|HC|  |TAMS 0x00000000d3800000| PB 0x00000000d3800000| Complete 
| 237|0x00000000d3900000, 0x00000000d3a00000, 0x00000000d3a00000|100%|HC|  |TAMS 0x00000000d3900000| PB 0x00000000d3900000| Complete 
| 238|0x00000000d3a00000, 0x00000000d3b00000, 0x00000000d3b00000|100%|HC|  |TAMS 0x00000000d3a00000| PB 0x00000000d3a00000| Complete 
| 239|0x00000000d3b00000, 0x00000000d3c00000, 0x00000000d3c00000|100%|HC|  |TAMS 0x00000000d3b00000| PB 0x00000000d3b00000| Complete 
| 240|0x00000000d3c00000, 0x00000000d3d00000, 0x00000000d3d00000|100%|HC|  |TAMS 0x00000000d3c00000| PB 0x00000000d3c00000| Complete 
| 241|0x00000000d3d00000, 0x00000000d3e00000, 0x00000000d3e00000|100%|HC|  |TAMS 0x00000000d3d00000| PB 0x00000000d3d00000| Complete 
| 242|0x00000000d3e00000, 0x00000000d3f00000, 0x00000000d3f00000|100%|HC|  |TAMS 0x00000000d3e00000| PB 0x00000000d3e00000| Complete 
| 243|0x00000000d3f00000, 0x00000000d4000000, 0x00000000d4000000|100%|HC|  |TAMS 0x00000000d3f00000| PB 0x00000000d3f00000| Complete 
| 244|0x00000000d4000000, 0x00000000d4100000, 0x00000000d4100000|100%|HC|  |TAMS 0x00000000d4000000| PB 0x00000000d4000000| Complete 
| 245|0x00000000d4100000, 0x00000000d4200000, 0x00000000d4200000|100%|HC|  |TAMS 0x00000000d4100000| PB 0x00000000d4100000| Complete 
| 246|0x00000000d4200000, 0x00000000d4300000, 0x00000000d4300000|100%|HC|  |TAMS 0x00000000d4200000| PB 0x00000000d4200000| Complete 
| 247|0x00000000d4300000, 0x00000000d4400000, 0x00000000d4400000|100%|HC|  |TAMS 0x00000000d4300000| PB 0x00000000d4300000| Complete 
| 248|0x00000000d4400000, 0x00000000d4500000, 0x00000000d4500000|100%|HC|  |TAMS 0x00000000d4400000| PB 0x00000000d4400000| Complete 
| 249|0x00000000d4500000, 0x00000000d4600000, 0x00000000d4600000|100%|HC|  |TAMS 0x00000000d4500000| PB 0x00000000d4500000| Complete 
| 250|0x00000000d4600000, 0x00000000d4700000, 0x00000000d4700000|100%|HC|  |TAMS 0x00000000d4600000| PB 0x00000000d4600000| Complete 
| 251|0x00000000d4700000, 0x00000000d4800000, 0x00000000d4800000|100%|HC|  |TAMS 0x00000000d4700000| PB 0x00000000d4700000| Complete 
| 252|0x00000000d4800000, 0x00000000d4900000, 0x00000000d4900000|100%|HC|  |TAMS 0x00000000d4800000| PB 0x00000000d4800000| Complete 
| 253|0x00000000d4900000, 0x00000000d4a00000, 0x00000000d4a00000|100%|HC|  |TAMS 0x00000000d4900000| PB 0x00000000d4900000| Complete 
| 254|0x00000000d4a00000, 0x00000000d4b00000, 0x00000000d4b00000|100%|HC|  |TAMS 0x00000000d4a00000| PB 0x00000000d4a00000| Complete 
| 255|0x00000000d4b00000, 0x00000000d4c00000, 0x00000000d4c00000|100%|HC|  |TAMS 0x00000000d4b00000| PB 0x00000000d4b00000| Complete 
| 256|0x00000000d4c00000, 0x00000000d4d00000, 0x00000000d4d00000|100%|HC|  |TAMS 0x00000000d4c00000| PB 0x00000000d4c00000| Complete 
| 257|0x00000000d4d00000, 0x00000000d4e00000, 0x00000000d4e00000|100%|HC|  |TAMS 0x00000000d4d00000| PB 0x00000000d4d00000| Complete 
| 258|0x00000000d4e00000, 0x00000000d4f00000, 0x00000000d4f00000|100%|HC|  |TAMS 0x00000000d4e00000| PB 0x00000000d4e00000| Complete 
| 259|0x00000000d4f00000, 0x00000000d5000000, 0x00000000d5000000|100%|HC|  |TAMS 0x00000000d4f00000| PB 0x00000000d4f00000| Complete 
| 260|0x00000000d5000000, 0x00000000d5000000, 0x00000000d5100000|  0%| F|  |TAMS 0x00000000d5000000| PB 0x00000000d5000000| Untracked 
| 261|0x00000000d5100000, 0x00000000d5100000, 0x00000000d5200000|  0%| F|  |TAMS 0x00000000d5100000| PB 0x00000000d5100000| Untracked 
| 262|0x00000000d5200000, 0x00000000d5200000, 0x00000000d5300000|  0%| F|  |TAMS 0x00000000d5200000| PB 0x00000000d5200000| Untracked 
| 263|0x00000000d5300000, 0x00000000d5300000, 0x00000000d5400000|  0%| F|  |TAMS 0x00000000d5300000| PB 0x00000000d5300000| Untracked 
| 264|0x00000000d5400000, 0x00000000d5400000, 0x00000000d5500000|  0%| F|  |TAMS 0x00000000d5400000| PB 0x00000000d5400000| Untracked 
| 265|0x00000000d5500000, 0x00000000d5500000, 0x00000000d5600000|  0%| F|  |TAMS 0x00000000d5500000| PB 0x00000000d5500000| Untracked 
| 266|0x00000000d5600000, 0x00000000d5685748, 0x00000000d5700000| 52%| E|  |TAMS 0x00000000d5600000| PB 0x00000000d5600000| Complete 
| 267|0x00000000d5700000, 0x00000000d5800000, 0x00000000d5800000|100%| E|CS|TAMS 0x00000000d5700000| PB 0x00000000d5700000| Complete 
| 268|0x00000000d5800000, 0x00000000d5900000, 0x00000000d5900000|100%| E|CS|TAMS 0x00000000d5800000| PB 0x00000000d5800000| Complete 
| 269|0x00000000d5900000, 0x00000000d5a00000, 0x00000000d5a00000|100%| E|CS|TAMS 0x00000000d5900000| PB 0x00000000d5900000| Complete 
| 270|0x00000000d5a00000, 0x00000000d5b00000, 0x00000000d5b00000|100%| E|CS|TAMS 0x00000000d5a00000| PB 0x00000000d5a00000| Complete 
| 271|0x00000000d5b00000, 0x00000000d5c00000, 0x00000000d5c00000|100%| E|CS|TAMS 0x00000000d5b00000| PB 0x00000000d5b00000| Complete 
| 272|0x00000000d5c00000, 0x00000000d5d00000, 0x00000000d5d00000|100%| E|CS|TAMS 0x00000000d5c00000| PB 0x00000000d5c00000| Complete 
| 273|0x00000000d5d00000, 0x00000000d5e00000, 0x00000000d5e00000|100%| E|CS|TAMS 0x00000000d5d00000| PB 0x00000000d5d00000| Complete 
| 274|0x00000000d5e00000, 0x00000000d5f00000, 0x00000000d5f00000|100%| E|CS|TAMS 0x00000000d5e00000| PB 0x00000000d5e00000| Complete 
| 275|0x00000000d5f00000, 0x00000000d6000000, 0x00000000d6000000|100%| E|CS|TAMS 0x00000000d5f00000| PB 0x00000000d5f00000| Complete 
| 276|0x00000000d6000000, 0x00000000d6100000, 0x00000000d6100000|100%| E|CS|TAMS 0x00000000d6000000| PB 0x00000000d6000000| Complete 
| 277|0x00000000d6100000, 0x00000000d6200000, 0x00000000d6200000|100%| E|CS|TAMS 0x00000000d6100000| PB 0x00000000d6100000| Complete 
| 278|0x00000000d6200000, 0x00000000d6300000, 0x00000000d6300000|100%| E|CS|TAMS 0x00000000d6200000| PB 0x00000000d6200000| Complete 
| 279|0x00000000d6300000, 0x00000000d6400000, 0x00000000d6400000|100%| E|CS|TAMS 0x00000000d6300000| PB 0x00000000d6300000| Complete 
| 280|0x00000000d6400000, 0x00000000d6500000, 0x00000000d6500000|100%| E|CS|TAMS 0x00000000d6400000| PB 0x00000000d6400000| Complete 
| 281|0x00000000d6500000, 0x00000000d6600000, 0x00000000d6600000|100%| E|CS|TAMS 0x00000000d6500000| PB 0x00000000d6500000| Complete 
| 282|0x00000000d6600000, 0x00000000d6700000, 0x00000000d6700000|100%| E|CS|TAMS 0x00000000d6600000| PB 0x00000000d6600000| Complete 
| 283|0x00000000d6700000, 0x00000000d6800000, 0x00000000d6800000|100%| E|CS|TAMS 0x00000000d6700000| PB 0x00000000d6700000| Complete 
| 284|0x00000000d6800000, 0x00000000d6900000, 0x00000000d6900000|100%| E|CS|TAMS 0x00000000d6800000| PB 0x00000000d6800000| Complete 
| 285|0x00000000d6900000, 0x00000000d6a00000, 0x00000000d6a00000|100%| E|CS|TAMS 0x00000000d6900000| PB 0x00000000d6900000| Complete 
| 286|0x00000000d6a00000, 0x00000000d6b00000, 0x00000000d6b00000|100%| E|CS|TAMS 0x00000000d6a00000| PB 0x00000000d6a00000| Complete 
| 287|0x00000000d6b00000, 0x00000000d6c00000, 0x00000000d6c00000|100%| E|CS|TAMS 0x00000000d6b00000| PB 0x00000000d6b00000| Complete 
| 288|0x00000000d6c00000, 0x00000000d6d00000, 0x00000000d6d00000|100%| E|CS|TAMS 0x00000000d6c00000| PB 0x00000000d6c00000| Complete 
| 942|0x00000000ffa00000, 0x00000000ffb00000, 0x00000000ffb00000|100%| O|  |TAMS 0x00000000ffa00000| PB 0x00000000ffa00000| Untracked 
| 943|0x00000000ffb00000, 0x00000000ffc00000, 0x00000000ffc00000|100%| O|  |TAMS 0x00000000ffb00000| PB 0x00000000ffb00000| Untracked 
| 944|0x00000000ffc00000, 0x00000000ffd00000, 0x00000000ffd00000|100%| O|  |TAMS 0x00000000ffc00000| PB 0x00000000ffc00000| Untracked 
| 945|0x00000000ffd00000, 0x00000000ffe00000, 0x00000000ffe00000|100%| O|  |TAMS 0x00000000ffd00000| PB 0x00000000ffd00000| Untracked 
| 946|0x00000000ffe00000, 0x00000000fff00000, 0x00000000fff00000|100%| E|CS|TAMS 0x00000000ffe00000| PB 0x00000000ffe00000| Complete 
| 947|0x00000000fff00000, 0x0000000100000000, 0x0000000100000000|100%| O|  |TAMS 0x00000000fff00000| PB 0x00000000fff00000| Untracked 

Card table byte_map: [0x0000027b637b0000,0x0000027b63990000] _byte_map_base: 0x0000027b6318a000

Marking Bits: (CMBitMap*) 0x0000027b50c64750
 Bits: [0x0000027b63990000, 0x0000027b64860000)

Polling page: 0x0000027b4eb00000

Metaspace:

Usage:
  Non-class:     26.70 MB used.
      Class:      4.30 MB used.
       Both:     31.00 MB used.

Virtual space:
  Non-class space:       64.00 MB reserved,      26.94 MB ( 42%) committed,  1 nodes.
      Class space:        1.00 GB reserved,       4.50 MB ( <1%) committed,  1 nodes.
             Both:        1.06 GB reserved,      31.44 MB (  3%) committed. 

Chunk freelists:
   Non-Class:  4.45 MB
       Class:  11.52 MB
        Both:  15.97 MB

MaxMetaspaceSize: unlimited
CompressedClassSpaceSize: 1.00 GB
Initial GC threshold: 21.00 MB
Current GC threshold: 47.31 MB
CDS: on
 - commit_granule_bytes: 65536.
 - commit_granule_words: 8192.
 - virtual_space_node_default_size: 8388608.
 - enlarge_chunks_in_place: 1.
 - use_allocation_guard: 0.


Internal statistics:

num_allocs_failed_limit: 3.
num_arena_births: 466.
num_arena_deaths: 0.
num_vsnodes_births: 2.
num_vsnodes_deaths: 0.
num_space_committed: 503.
num_space_uncommitted: 0.
num_chunks_returned_to_freelist: 3.
num_chunks_taken_from_freelist: 1416.
num_chunk_merges: 0.
num_chunk_splits: 987.
num_chunks_enlarged: 735.
num_inconsistent_stats: 0.

CodeHeap 'non-profiled nmethods': size=120000Kb used=2560Kb max_used=2560Kb free=117439Kb
 bounds [0x0000027b5c0a0000, 0x0000027b5c330000, 0x0000027b635d0000]
CodeHeap 'profiled nmethods': size=120000Kb used=13001Kb max_used=13001Kb free=106998Kb
 bounds [0x0000027b545d0000, 0x0000027b55290000, 0x0000027b5bb00000]
CodeHeap 'non-nmethods': size=5760Kb used=2239Kb max_used=2274Kb free=3520Kb
 bounds [0x0000027b5bb00000, 0x0000027b5bd70000, 0x0000027b5c0a0000]
CodeCache: size=245760Kb, used=17800Kb, max_used=17835Kb, free=227957Kb
 total_blobs=7287, nmethods=6347, adapters=844, full_count=0
Compilation: enabled, stopped_count=0, restarted_count=0

Compilation events (20 events):
Event: 38.145 Thread 0x0000027b66cdeb00 6853       1       com.sun.scenario.effect.impl.EffectPeer::getFilterContext (5 bytes)
Event: 38.145 Thread 0x0000027b66cdeb00 nmethod 6853 0x0000027b5c314390 code [0x0000027b5c314520, 0x0000027b5c3145e8]
Event: 38.145 Thread 0x0000027b66cdeb00 6854       2       com.sun.scenario.effect.impl.prism.PrTexture::unlock (17 bytes)
Event: 38.145 Thread 0x0000027b66cdeb00 nmethod 6854 0x0000027b55280690 code [0x0000027b55280840, 0x0000027b55280980]
Event: 38.145 Thread 0x0000027b66cdeb00 6856       2       com.sun.marlin.ArrayCacheIntClean$Reference::doSetRef (14 bytes)
Event: 38.146 Thread 0x0000027b66cdeb00 nmethod 6856 0x0000027b55280a10 code [0x0000027b55280ba0, 0x0000027b55280cb8]
Event: 38.146 Thread 0x0000027b66cdeb00 6855       2       com.sun.marlin.TransformingPathConsumer2D$PathClipFilter::clip (144 bytes)
Event: 38.146 Thread 0x0000027b66cdeb00 nmethod 6855 0x0000027b55280d90 code [0x0000027b55280f80, 0x0000027b55281250]
Event: 38.185 Thread 0x0000027b66cdaaf0 nmethod 6742% 0x0000027b5c314690 code [0x0000027b5c314ce0, 0x0000027b5c31a3e0]
Event: 38.186 Thread 0x0000027b66cdaaf0 6836       4       com.sun.marlin.MaskMarlinAlphaConsumer::setAndClearRelativeAlphas (641 bytes)
Event: 38.203 Thread 0x0000027b66cdaaf0 nmethod 6836 0x0000027b5c31c910 code [0x0000027b5c31cae0, 0x0000027b5c31d490]
Event: 38.203 Thread 0x0000027b66cdaaf0 6758       4       com.sun.javafx.css.StyleCacheEntry$Key::hashCode (84 bytes)
Event: 38.212 Thread 0x0000027b66cdaaf0 nmethod 6758 0x0000027b5c31dc90 code [0x0000027b5c31de60, 0x0000027b5c31e430]
Event: 38.212 Thread 0x0000027b66cdaaf0 6753       4       com.sun.javafx.css.StyleCacheEntry$Key::<init> (83 bytes)
Event: 38.219 Thread 0x0000027b66cdaaf0 nmethod 6753 0x0000027b5c31ea10 code [0x0000027b5c31ec00, 0x0000027b5c31f230]
Event: 38.219 Thread 0x0000027b66cdaaf0 6751       4       com.sun.javafx.css.StyleCacheEntry$Key::equals (190 bytes)
Event: 38.225 Thread 0x0000027b66cdaaf0 nmethod 6751 0x0000027b5c31f510 code [0x0000027b5c31f740, 0x0000027b5c31fce0]
Event: 38.225 Thread 0x0000027b66cdaaf0 6752   !   4       javafx.scene.CssStyleHelper::transitionToState (1039 bytes)
Event: 38.289 Thread 0x0000027b66cdeb00 6858       2       javafx.scene.Scene$ScenePulseListener::focusCleanup (95 bytes)
Event: 38.291 Thread 0x0000027b66cdeb00 nmethod 6858 0x0000027b55281410 code [0x0000027b552816c0, 0x0000027b55281fc8]

GC Heap History (20 events):
Event: 2.859 GC heap before
{Heap before GC invocations=0 (full 0):
 garbage-first heap   total 61440K, used 12288K [0x00000000c4c00000, 0x0000000100000000)
  region size 1024K, 13 young (13312K), 0 survivors (0K)
 Metaspace       used 2198K, committed 2432K, reserved 1114112K
  class space    used 227K, committed 320K, reserved 1048576K
}
Event: 2.887 GC heap after
{Heap after GC invocations=1 (full 0):
 garbage-first heap   total 61440K, used 1552K [0x00000000c4c00000, 0x0000000100000000)
  region size 1024K, 2 young (2048K), 2 survivors (2048K)
 Metaspace       used 2198K, committed 2432K, reserved 1114112K
  class space    used 227K, committed 320K, reserved 1048576K
}
Event: 6.490 GC heap before
{Heap before GC invocations=1 (full 0):
 garbage-first heap   total 61440K, used 27152K [0x00000000c4c00000, 0x0000000100000000)
  region size 1024K, 25 young (25600K), 2 survivors (2048K)
 Metaspace       used 8444K, committed 8704K, reserved 1114112K
  class space    used 1097K, committed 1216K, reserved 1048576K
}
Event: 6.496 GC heap after
{Heap after GC invocations=2 (full 0):
 garbage-first heap   total 61440K, used 8321K [0x00000000c4c00000, 0x0000000100000000)
  region size 1024K, 4 young (4096K), 4 survivors (4096K)
 Metaspace       used 8444K, committed 8704K, reserved 1114112K
  class space    used 1097K, committed 1216K, reserved 1048576K
}
Event: 14.702 GC heap before
{Heap before GC invocations=2 (full 0):
 garbage-first heap   total 61440K, used 53377K [0x00000000c4c00000, 0x0000000100000000)
  region size 1024K, 36 young (36864K), 4 survivors (4096K)
 Metaspace       used 15495K, committed 15872K, reserved 1114112K
  class space    used 2189K, committed 2368K, reserved 1048576K
}
Event: 14.723 GC heap after
{Heap after GC invocations=3 (full 0):
 garbage-first heap   total 64512K, used 26068K [0x00000000c4c00000, 0x0000000100000000)
  region size 1024K, 5 young (5120K), 5 survivors (5120K)
 Metaspace       used 15495K, committed 15872K, reserved 1114112K
  class space    used 2189K, committed 2368K, reserved 1048576K
}
Event: 27.440 GC heap before
{Heap before GC invocations=3 (full 0):
 garbage-first heap   total 64512K, used 46548K [0x00000000c4c00000, 0x0000000100000000)
  region size 1024K, 25 young (25600K), 5 survivors (5120K)
 Metaspace       used 21187K, committed 21504K, reserved 1114112K
  class space    used 2972K, committed 3136K, reserved 1048576K
}
Event: 27.448 GC heap after
{Heap after GC invocations=4 (full 0):
 garbage-first heap   total 64512K, used 31163K [0x00000000c4c00000, 0x0000000100000000)
  region size 1024K, 4 young (4096K), 4 survivors (4096K)
 Metaspace       used 21187K, committed 21504K, reserved 1114112K
  class space    used 2972K, committed 3136K, reserved 1048576K
}
Event: 28.569 GC heap before
{Heap before GC invocations=5 (full 0):
 garbage-first heap   total 64512K, used 37307K [0x00000000c4c00000, 0x0000000100000000)
  region size 1024K, 12 young (12288K), 4 survivors (4096K)
 Metaspace       used 25957K, committed 26368K, reserved 1114112K
  class space    used 3517K, committed 3712K, reserved 1048576K
}
Event: 28.573 GC heap after
{Heap after GC invocations=6 (full 0):
 garbage-first heap   total 64512K, used 32145K [0x00000000c4c00000, 0x0000000100000000)
  region size 1024K, 2 young (2048K), 2 survivors (2048K)
 Metaspace       used 25957K, committed 26368K, reserved 1114112K
  class space    used 3517K, committed 3712K, reserved 1048576K
}
Event: 32.734 GC heap before
{Heap before GC invocations=7 (full 0):
 garbage-first heap   total 141312K, used 137617K [0x00000000c4c00000, 0x0000000100000000)
  region size 1024K, 23 young (23552K), 2 survivors (2048K)
 Metaspace       used 28401K, committed 28800K, reserved 1114112K
  class space    used 3912K, committed 4096K, reserved 1048576K
}
Event: 32.742 GC heap after
{Heap after GC invocations=8 (full 0):
 garbage-first heap   total 143360K, used 119416K [0x00000000c4c00000, 0x0000000100000000)
  region size 1024K, 3 young (3072K), 3 survivors (3072K)
 Metaspace       used 28401K, committed 28800K, reserved 1114112K
  class space    used 3912K, committed 4096K, reserved 1048576K
}
Event: 33.857 GC heap before
{Heap before GC invocations=8 (full 0):
 garbage-first heap   total 240640K, used 240248K [0x00000000c4c00000, 0x0000000100000000)
  region size 1024K, 6 young (6144K), 3 survivors (3072K)
 Metaspace       used 28569K, committed 28928K, reserved 1114112K
  class space    used 3916K, committed 4096K, reserved 1048576K
}
Event: 33.869 GC heap after
{Heap after GC invocations=9 (full 0):
 garbage-first heap   total 246784K, used 238367K [0x00000000c4c00000, 0x0000000100000000)
  region size 1024K, 2 young (2048K), 2 survivors (2048K)
 Metaspace       used 28569K, committed 28928K, reserved 1114112K
  class space    used 3916K, committed 4096K, reserved 1048576K
}
Event: 34.168 GC heap before
{Heap before GC invocations=9 (full 0):
 garbage-first heap   total 246784K, used 239391K [0x00000000c4c00000, 0x0000000100000000)
  region size 1024K, 4 young (4096K), 2 survivors (2048K)
 Metaspace       used 28671K, committed 29056K, reserved 1114112K
  class space    used 3919K, committed 4096K, reserved 1048576K
}
Event: 34.170 GC heap after
{Heap after GC invocations=10 (full 0):
 garbage-first heap   total 246784K, used 238255K [0x00000000c4c00000, 0x0000000100000000)
  region size 1024K, 1 young (1024K), 1 survivors (1024K)
 Metaspace       used 28671K, committed 29056K, reserved 1114112K
  class space    used 3919K, committed 4096K, reserved 1048576K
}
Event: 35.751 GC heap before
{Heap before GC invocations=11 (full 0):
 garbage-first heap   total 302080K, used 256687K [0x00000000c4c00000, 0x0000000100000000)
  region size 1024K, 7 young (7168K), 1 survivors (1024K)
 Metaspace       used 28989K, committed 29312K, reserved 1114112K
  class space    used 3960K, committed 4096K, reserved 1048576K
}
Event: 35.754 GC heap after
{Heap after GC invocations=12 (full 0):
 garbage-first heap   total 302080K, used 247393K [0x00000000c4c00000, 0x0000000100000000)
  region size 1024K, 1 young (1024K), 1 survivors (1024K)
 Metaspace       used 28989K, committed 29312K, reserved 1114112K
  class space    used 3960K, committed 4096K, reserved 1048576K
}
Event: 36.374 GC heap before
{Heap before GC invocations=12 (full 0):
 garbage-first heap   total 302080K, used 282209K [0x00000000c4c00000, 0x0000000100000000)
  region size 1024K, 36 young (36864K), 1 survivors (1024K)
 Metaspace       used 31077K, committed 31424K, reserved 1114112K
  class space    used 4349K, committed 4480K, reserved 1048576K
}
Event: 36.391 GC heap after
{Heap after GC invocations=13 (full 0):
 garbage-first heap   total 302080K, used 254017K [0x00000000c4c00000, 0x0000000100000000)
  region size 1024K, 5 young (5120K), 5 survivors (5120K)
 Metaspace       used 31077K, committed 31424K, reserved 1114112K
  class space    used 4349K, committed 4480K, reserved 1048576K
}

Dll operation events (20 events):
Event: 1.792 Loaded shared library C:\Users\user\Downloads\openjfx-21.0.9_windows-x64_bin-sdk\javafx-sdk-21.0.9\bin\api-ms-win-crt-private-l1-1-0.dll
Event: 1.878 Loaded shared library C:\Users\user\Downloads\openjfx-21.0.9_windows-x64_bin-sdk\javafx-sdk-21.0.9\bin\api-ms-win-crt-process-l1-1-0.dll
Event: 1.885 Loaded shared library C:\Users\user\Downloads\openjfx-21.0.9_windows-x64_bin-sdk\javafx-sdk-21.0.9\bin\api-ms-win-crt-runtime-l1-1-0.dll
Event: 1.892 Loaded shared library C:\Users\user\Downloads\openjfx-21.0.9_windows-x64_bin-sdk\javafx-sdk-21.0.9\bin\api-ms-win-crt-stdio-l1-1-0.dll
Event: 1.903 Loaded shared library C:\Users\user\Downloads\openjfx-21.0.9_windows-x64_bin-sdk\javafx-sdk-21.0.9\bin\api-ms-win-crt-string-l1-1-0.dll
Event: 1.909 Loaded shared library C:\Users\user\Downloads\openjfx-21.0.9_windows-x64_bin-sdk\javafx-sdk-21.0.9\bin\api-ms-win-crt-time-l1-1-0.dll
Event: 1.918 Loaded shared library C:\Users\user\Downloads\openjfx-21.0.9_windows-x64_bin-sdk\javafx-sdk-21.0.9\bin\api-ms-win-crt-utility-l1-1-0.dll
Event: 1.951 Loaded shared library C:\Users\user\Downloads\openjfx-21.0.9_windows-x64_bin-sdk\javafx-sdk-21.0.9\bin\ucrtbase.dll
Event: 1.994 Loaded shared library C:\Users\user\Downloads\openjfx-21.0.9_windows-x64_bin-sdk\javafx-sdk-21.0.9\bin\vcruntime140.dll
Event: 2.003 Loaded shared library C:\Users\user\Downloads\openjfx-21.0.9_windows-x64_bin-sdk\javafx-sdk-21.0.9\bin\vcruntime140_1.dll
Event: 2.023 Loaded shared library C:\Users\user\Downloads\openjfx-21.0.9_windows-x64_bin-sdk\javafx-sdk-21.0.9\bin\msvcp140.dll
Event: 2.037 Loaded shared library C:\Users\user\Downloads\openjfx-21.0.9_windows-x64_bin-sdk\javafx-sdk-21.0.9\bin\msvcp140_1.dll
Event: 2.051 Loaded shared library C:\Users\user\Downloads\openjfx-21.0.9_windows-x64_bin-sdk\javafx-sdk-21.0.9\bin\msvcp140_2.dll
Event: 2.291 Loaded shared library C:\Users\user\Downloads\openjfx-21.0.9_windows-x64_bin-sdk\javafx-sdk-21.0.9\bin\prism_d3d.dll
Event: 3.040 Loaded shared library C:\Users\user\Downloads\openjfx-21.0.9_windows-x64_bin-sdk\javafx-sdk-21.0.9\bin\glass.dll
Event: 4.252 Loaded shared library C:\Users\user\.p2\pool\plugins\org.eclipse.justj.openjdk.hotspot.jre.full.win32.x86_64_21.0.8.v20250724-1412\jre\bin\jimage.dll
Event: 5.720 Loaded shared library C:\Users\user\Downloads\openjfx-21.0.9_windows-x64_bin-sdk\javafx-sdk-21.0.9\bin\javafx_iio.dll
Event: 6.163 Loaded shared library C:\Users\user\Downloads\openjfx-21.0.9_windows-x64_bin-sdk\javafx-sdk-21.0.9\bin\javafx_font.dll
Event: 27.170 Loaded shared library C:\Users\user\.p2\pool\plugins\org.eclipse.justj.openjdk.hotspot.jre.full.win32.x86_64_21.0.8.v20250724-1412\jre\bin\extnet.dll
Event: 27.386 Loaded shared library C:\Users\user\.p2\pool\plugins\org.eclipse.justj.openjdk.hotspot.jre.full.win32.x86_64_21.0.8.v20250724-1412\jre\bin\sunmscapi.dll

Deoptimization events (20 events):
Event: 38.118 Thread 0x0000027b6b48fc20 DEOPT PACKING pc=0x0000027b55237e4f sp=0x0000009a238fd840
Event: 38.118 Thread 0x0000027b6b48fc20 DEOPT UNPACKING pc=0x0000027b5bb588e2 sp=0x0000009a238fcc98 mode 0
Event: 38.118 Thread 0x0000027b6b48fc20 DEOPT PACKING pc=0x0000027b55237e4f sp=0x0000009a238fd840
Event: 38.118 Thread 0x0000027b6b48fc20 DEOPT UNPACKING pc=0x0000027b5bb588e2 sp=0x0000009a238fcc98 mode 0
Event: 38.118 Thread 0x0000027b6b48fc20 DEOPT PACKING pc=0x0000027b55237e4f sp=0x0000009a238fd840
Event: 38.118 Thread 0x0000027b6b48fc20 DEOPT UNPACKING pc=0x0000027b5bb588e2 sp=0x0000009a238fcc98 mode 0
Event: 38.118 Thread 0x0000027b6b48fc20 DEOPT PACKING pc=0x0000027b55237f0c sp=0x0000009a238fd400
Event: 38.118 Thread 0x0000027b6b48fc20 DEOPT UNPACKING pc=0x0000027b5bb588e2 sp=0x0000009a238fc868 mode 0
Event: 38.120 Thread 0x0000027b6b48fc20 Uncommon trap: trap_request=0xffffff45 fr.pc=0x0000027b5c14f27c relative=0x000000000000013c
Event: 38.120 Thread 0x0000027b6b48fc20 Uncommon trap: reason=unstable_if action=reinterpret pc=0x0000027b5c14f27c method=com.sun.prism.impl.BaseGraphics.validateTransformAndPaint()V @ 20 c2
Event: 38.120 Thread 0x0000027b6b48fc20 DEOPT PACKING pc=0x0000027b5c14f27c sp=0x0000009a238fd800
Event: 38.120 Thread 0x0000027b6b48fc20 DEOPT UNPACKING pc=0x0000027b5bb57da2 sp=0x0000009a238fd7a0 mode 2
Event: 38.121 Thread 0x0000027b6b48fc20 Uncommon trap: trap_request=0xffffff45 fr.pc=0x0000027b5c0c5d9c relative=0x00000000000001bc
Event: 38.121 Thread 0x0000027b6b48fc20 Uncommon trap: reason=unstable_if action=reinterpret pc=0x0000027b5c0c5d9c method=com.sun.javafx.geom.transform.AffineBase.updateState2D()V @ 33 c2
Event: 38.121 Thread 0x0000027b6b48fc20 DEOPT PACKING pc=0x0000027b5c0c5d9c sp=0x0000009a238fd0b0
Event: 38.121 Thread 0x0000027b6b48fc20 DEOPT UNPACKING pc=0x0000027b5bb57da2 sp=0x0000009a238fcfe8 mode 2
Event: 38.144 Thread 0x0000027b6b48fc20 Uncommon trap: trap_request=0xffffff45 fr.pc=0x0000027b5c2b883c relative=0x000000000000033c
Event: 38.144 Thread 0x0000027b6b48fc20 Uncommon trap: reason=unstable_if action=reinterpret pc=0x0000027b5c2b883c method=java.util.WeakHashMap.matchesKey(Ljava/util/WeakHashMap$Entry;Ljava/lang/Object;)Z @ 5 c2
Event: 38.144 Thread 0x0000027b6b48fc20 DEOPT PACKING pc=0x0000027b5c2b883c sp=0x0000009a238fd920
Event: 38.144 Thread 0x0000027b6b48fc20 DEOPT UNPACKING pc=0x0000027b5bb57da2 sp=0x0000009a238fd870 mode 2

Classes loaded (20 events):
Event: 36.688 Loading class sun/util/locale/provider/BaseLocaleDataMetaInfo
Event: 36.688 Loading class sun/util/locale/provider/BaseLocaleDataMetaInfo done
Event: 36.698 Loading class sun/util/locale/provider/BreakIteratorProviderImpl$GraphemeBreakIterator
Event: 36.698 Loading class sun/util/locale/provider/BreakIteratorProviderImpl$GraphemeBreakIterator done
Event: 36.698 Loading class java/text/StringCharacterIterator
Event: 36.698 Loading class java/text/StringCharacterIterator done
Event: 36.699 Loading class sun/util/locale/provider/BreakIteratorProviderImpl$CharacterIteratorCharSequence
Event: 36.699 Loading class sun/util/locale/provider/BreakIteratorProviderImpl$CharacterIteratorCharSequence done
Event: 36.699 Loading class java/text/BreakIterator$BreakIteratorCache
Event: 36.699 Loading class java/text/BreakIterator$BreakIteratorCache done
Event: 36.699 Loading class jdk/internal/util/regex/Grapheme
Event: 36.700 Loading class jdk/internal/util/regex/Grapheme done
Event: 36.866 Loading class java/lang/FdLibm$Atan2
Event: 36.868 Loading class java/lang/FdLibm$Atan2 done
Event: 36.868 Loading class java/lang/FdLibm$Atan
Event: 36.869 Loading class java/lang/FdLibm$Atan done
Event: 37.779 Loading class java/lang/Throwable$WrappedPrintStream
Event: 37.786 Loading class java/lang/Throwable$PrintStreamOrWriter
Event: 37.788 Loading class java/lang/Throwable$PrintStreamOrWriter done
Event: 37.788 Loading class java/lang/Throwable$WrappedPrintStream done

Classes unloaded (0 events):
No events

Classes redefined (0 events):
No events

Internal exceptions (20 events):
Event: 34.891 Thread 0x0000027b6b752640 Exception <a 'java/io/FileNotFoundException'{0x00000000d6c4ced8}> (0x00000000d6c4ced8) 
thrown [s\src\hotspot\share\prims\jni.cpp, line 520]
Event: 34.894 Thread 0x0000027b6b752640 Exception <a 'java/io/FileNotFoundException'{0x00000000d6c58c48}> (0x00000000d6c58c48) 
thrown [s\src\hotspot\share\prims\jni.cpp, line 520]
Event: 34.902 Thread 0x0000027b6b752640 Exception <a 'java/io/FileNotFoundException'{0x00000000d6c893f0}> (0x00000000d6c893f0) 
thrown [s\src\hotspot\share\prims\jni.cpp, line 520]
Event: 34.922 Thread 0x0000027b6b752640 Exception <a 'java/io/FileNotFoundException'{0x00000000d6c97ca8}> (0x00000000d6c97ca8) 
thrown [s\src\hotspot\share\prims\jni.cpp, line 520]
Event: 34.985 Thread 0x0000027b6b752640 Exception <a 'java/io/FileNotFoundException'{0x00000000d6b0fe60}> (0x00000000d6b0fe60) 
thrown [s\src\hotspot\share\prims\jni.cpp, line 520]
Event: 35.124 Thread 0x0000027b6b752640 Exception <a 'java/io/FileNotFoundException'{0x00000000d6b2e8f8}> (0x00000000d6b2e8f8) 
thrown [s\src\hotspot\share\prims\jni.cpp, line 520]
Event: 35.330 Thread 0x0000027b6b752640 Implicit null exception at 0x0000027b5c243ec4 to 0x0000027b5c2446d8
Event: 35.366 Thread 0x0000027b6b752640 Exception <a 'java/io/FileNotFoundException'{0x00000000d6a09b50}> (0x00000000d6a09b50) 
thrown [s\src\hotspot\share\prims\jni.cpp, line 520]
Event: 35.508 Thread 0x0000027b6b752640 Exception <a 'java/io/FileNotFoundException'{0x00000000d6a17c08}> (0x00000000d6a17c08) 
thrown [s\src\hotspot\share\prims\jni.cpp, line 520]
Event: 35.651 Thread 0x0000027b6b752640 Implicit null exception at 0x0000027b5c2040c0 to 0x0000027b5c2048cc
Event: 36.004 Thread 0x0000027b6b752640 Exception <a 'java/lang/ClassNotFoundException'{0x00000000d5e32728}: com/sun/javafx/scene/control/skin/resources/controls-nt> (0x00000000d5e32728) 
thrown [s\src\hotspot\share\prims\jni.cpp, line 539]
Event: 36.005 Thread 0x0000027b6b752640 Exception <a 'java/lang/ClassNotFoundException'{0x00000000d5e37570}: com/sun/javafx/scene/control/skin/resources/controls-nt_en> (0x00000000d5e37570) 
thrown [s\src\hotspot\share\prims\jni.cpp, line 539]
Event: 36.005 Thread 0x0000027b6b752640 Exception <a 'java/lang/ClassNotFoundException'{0x00000000d5e3d558}: com/sun/javafx/scene/control/skin/resources/controls-nt_en_US> (0x00000000d5e3d558) 
thrown [s\src\hotspot\share\prims\jni.cpp, line 539]
Event: 36.244 Thread 0x0000027b6b752640 Implicit null exception at 0x0000027b5c2ce9a1 to 0x0000027b5c2d181c
Event: 36.249 Thread 0x0000027b6b752640 Implicit null exception at 0x0000027b5c2ce9a1 to 0x0000027b5c2d181c
Event: 36.249 Thread 0x0000027b6b752640 Implicit null exception at 0x0000027b5c2ce9a1 to 0x0000027b5c2d181c
Event: 36.249 Thread 0x0000027b6b752640 Implicit null exception at 0x0000027b5c2ce9a1 to 0x0000027b5c2d181c
Event: 37.772 Thread 0x0000027b6b48fc20 Implicit null exception at 0x0000027b54ae22a4 to 0x0000027b54ae2c53
Event: 37.777 Thread 0x0000027b6b48fc20 Exception <a 'java/lang/NullPointerException'{0x00000000d5e7b9d0}> (0x00000000d5e7b9d0) 
thrown [s\src\hotspot\share\runtime\sharedRuntime.cpp, line 625]
Event: 38.054 Thread 0x0000027b6b752640 Implicit null exception at 0x0000027b5c2efb31 to 0x0000027b5c2f2e60

ZGC Phase Switch (0 events):
No events

VM Operations (20 events):
Event: 35.799 Executing VM operation: HandshakeAllThreads (Deoptimize)
Event: 35.799 Executing VM operation: HandshakeAllThreads (Deoptimize) done
Event: 35.816 Executing VM operation: HandshakeAllThreads (Deoptimize)
Event: 35.816 Executing VM operation: HandshakeAllThreads (Deoptimize) done
Event: 35.872 Executing VM operation: HandshakeAllThreads (Deoptimize)
Event: 35.872 Executing VM operation: HandshakeAllThreads (Deoptimize) done
Event: 35.969 Executing VM operation: ICBufferFull
Event: 35.969 Executing VM operation: ICBufferFull done
Event: 36.025 Executing VM operation: HandshakeAllThreads (Deoptimize)
Event: 36.025 Executing VM operation: HandshakeAllThreads (Deoptimize) done
Event: 36.334 Executing VM operation: ICBufferFull
Event: 36.334 Executing VM operation: ICBufferFull done
Event: 36.374 Executing VM operation: G1CollectForAllocation (G1 Evacuation Pause)
Event: 36.391 Executing VM operation: G1CollectForAllocation (G1 Evacuation Pause) done
Event: 36.536 Executing VM operation: ICBufferFull
Event: 36.536 Executing VM operation: ICBufferFull done
Event: 37.315 Executing VM operation: HandshakeAllThreads (Deoptimize)
Event: 37.315 Executing VM operation: HandshakeAllThreads (Deoptimize) done
Event: 37.965 Executing VM operation: ICBufferFull
Event: 37.966 Executing VM operation: ICBufferFull done

Memory protections (0 events):
No events

Nmethod flushes (20 events):
Event: 34.211 Thread 0x0000027b50ced010 flushing  nmethod 0x0000027b54cb9e10
Event: 34.211 Thread 0x0000027b50ced010 flushing  nmethod 0x0000027b54cba410
Event: 34.211 Thread 0x0000027b50ced010 flushing  nmethod 0x0000027b54cbaa10
Event: 34.211 Thread 0x0000027b50ced010 flushing  nmethod 0x0000027b54cbb010
Event: 34.211 Thread 0x0000027b50ced010 flushing  nmethod 0x0000027b54cbb310
Event: 34.211 Thread 0x0000027b50ced010 flushing  nmethod 0x0000027b54cbb910
Event: 34.211 Thread 0x0000027b50ced010 flushing  nmethod 0x0000027b54cbd810
Event: 34.211 Thread 0x0000027b50ced010 flushing  nmethod 0x0000027b546aeb90
Event: 34.211 Thread 0x0000027b50ced010 flushing  nmethod 0x0000027b54728c10
Event: 34.211 Thread 0x0000027b50ced010 flushing  nmethod 0x0000027b5488d890
Event: 34.211 Thread 0x0000027b50ced010 flushing  nmethod 0x0000027b5490b510
Event: 34.211 Thread 0x0000027b50ced010 flushing  nmethod 0x0000027b549fae10
Event: 34.211 Thread 0x0000027b50ced010 flushing  nmethod 0x0000027b54bd8d90
Event: 34.211 Thread 0x0000027b50ced010 flushing  nmethod 0x0000027b54c28390
Event: 34.211 Thread 0x0000027b50ced010 flushing  nmethod 0x0000027b54c28d10
Event: 34.211 Thread 0x0000027b50ced010 flushing  nmethod 0x0000027b54c29c90
Event: 34.211 Thread 0x0000027b50ced010 flushing  nmethod 0x0000027b54c2a510
Event: 34.211 Thread 0x0000027b50ced010 flushing  nmethod 0x0000027b54c9be90
Event: 34.211 Thread 0x0000027b50ced010 flushing  nmethod 0x0000027b54c9e290
Event: 34.211 Thread 0x0000027b50ced010 flushing  nmethod 0x0000027b54ca4e90

Events (19 events):
Event: 0.127 Thread 0x0000027b4e8f4900 Thread added: 0x0000027b4e8f4900
Event: 0.172 Thread 0x0000027b4e8f4900 Thread added: 0x0000027b66cc4950
Event: 0.172 Thread 0x0000027b4e8f4900 Thread added: 0x0000027b66ccc6e0
Event: 0.172 Thread 0x0000027b4e8f4900 Thread added: 0x0000027b66ccede0
Event: 0.172 Thread 0x0000027b4e8f4900 Thread added: 0x0000027b66ccf830
Event: 0.172 Thread 0x0000027b4e8f4900 Thread added: 0x0000027b66cd16c0
Event: 0.172 Thread 0x0000027b4e8f4900 Thread added: 0x0000027b66cd6a50
Event: 0.172 Thread 0x0000027b4e8f4900 Thread added: 0x0000027b66cdaaf0
Event: 0.172 Thread 0x0000027b4e8f4900 Thread added: 0x0000027b66cdeb00
Event: 0.273 Thread 0x0000027b4e8f4900 Thread added: 0x0000027b50cdb3d0
Event: 0.623 Thread 0x0000027b4e8f4900 Thread added: 0x0000027b6b8b0960
Event: 2.224 Thread 0x0000027b4e8f4900 Thread added: 0x0000027b6b48fc20
Event: 3.067 Thread 0x0000027b4e8f4900 Thread added: 0x0000027b6b751fe0
Event: 3.094 Thread 0x0000027b4e8f4900 Thread added: 0x0000027b6b752640
Event: 4.033 Thread 0x0000027b6baa8cc0 Thread added: 0x0000027b6baa8cc0
Event: 4.075 Thread 0x0000027b4e8f4900 Thread added: 0x0000027b6baa4050
Event: 9.619 Thread 0x0000027b6b752640 Thread added: 0x0000027b6babddb0
Event: 11.336 Thread 0x0000027b6b48fc20 Thread added: 0x0000027b6b1e4ea0
Event: 26.811 Thread 0x0000027b6b752640 Thread added: 0x0000027b6b34e000


Dynamic libraries:
0x00007ff70b2a0000 - 0x00007ff70b2ae000 	C:\Users\user\.p2\pool\plugins\org.eclipse.justj.openjdk.hotspot.jre.full.win32.x86_64_21.0.8.v20250724-1412\jre\bin\javaw.exe
0x00007ffc5c2c0000 - 0x00007ffc5c527000 	C:\WINDOWS\SYSTEM32\ntdll.dll
0x00007ffc5b460000 - 0x00007ffc5b529000 	C:\WINDOWS\System32\KERNEL32.DLL
0x00007ffc596b0000 - 0x00007ffc59a9f000 	C:\WINDOWS\System32\KERNELBASE.dll
0x00007ffc59b70000 - 0x00007ffc59cbb000 	C:\WINDOWS\System32\ucrtbase.dll
0x00007ffc42a40000 - 0x00007ffc42a58000 	C:\Users\user\.p2\pool\plugins\org.eclipse.justj.openjdk.hotspot.jre.full.win32.x86_64_21.0.8.v20250724-1412\jre\bin\jli.dll
0x00007ffc482e0000 - 0x00007ffc482fe000 	C:\Users\user\.p2\pool\plugins\org.eclipse.justj.openjdk.hotspot.jre.full.win32.x86_64_21.0.8.v20250724-1412\jre\bin\VCRUNTIME140.dll
0x00007ffc5beb0000 - 0x00007ffc5c075000 	C:\WINDOWS\System32\USER32.dll
0x00007ffc59b40000 - 0x00007ffc59b67000 	C:\WINDOWS\System32\win32u.dll
0x00007ffc5b7f0000 - 0x00007ffc5b81b000 	C:\WINDOWS\System32\GDI32.dll
0x00007ffc594c0000 - 0x00007ffc595ec000 	C:\WINDOWS\System32\gdi32full.dll
0x00007ffc59410000 - 0x00007ffc594b3000 	C:\WINDOWS\System32\msvcp_win.dll
0x00007ffc41680000 - 0x00007ffc41913000 	C:\WINDOWS\WinSxS\amd64_microsoft.windows.common-controls_6595b64144ccf1df_6.0.26100.7309_none_3e05feeae336a044\COMCTL32.dll
0x00007ffc5c180000 - 0x00007ffc5c229000 	C:\WINDOWS\System32\msvcrt.dll
0x00007ffc5a060000 - 0x00007ffc5a091000 	C:\WINDOWS\System32\IMM32.DLL
0x00007ffc50a30000 - 0x00007ffc50a3c000 	C:\Users\user\.p2\pool\plugins\org.eclipse.justj.openjdk.hotspot.jre.full.win32.x86_64_21.0.8.v20250724-1412\jre\bin\vcruntime140_1.dll
0x00007ffc429b0000 - 0x00007ffc42a3d000 	C:\Users\user\.p2\pool\plugins\org.eclipse.justj.openjdk.hotspot.jre.full.win32.x86_64_21.0.8.v20250724-1412\jre\bin\msvcp140.dll
0x00007ffbe3da0000 - 0x00007ffbe4b37000 	C:\Users\user\.p2\pool\plugins\org.eclipse.justj.openjdk.hotspot.jre.full.win32.x86_64_21.0.8.v20250724-1412\jre\bin\server\jvm.dll
0x00007ffc5a0a0000 - 0x00007ffc5a154000 	C:\WINDOWS\System32\ADVAPI32.dll
0x00007ffc5bae0000 - 0x00007ffc5bb86000 	C:\WINDOWS\System32\sechost.dll
0x00007ffc5b9c0000 - 0x00007ffc5bad8000 	C:\WINDOWS\System32\RPCRT4.dll
0x00007ffc5b930000 - 0x00007ffc5b9a4000 	C:\WINDOWS\System32\WS2_32.dll
0x00007ffc58b30000 - 0x00007ffc58b8e000 	C:\WINDOWS\SYSTEM32\POWRPROF.dll
0x00007ffc44a90000 - 0x00007ffc44a9b000 	C:\WINDOWS\SYSTEM32\VERSION.dll
0x00007ffc4e960000 - 0x00007ffc4e995000 	C:\WINDOWS\SYSTEM32\WINMM.dll
0x00007ffc58ab0000 - 0x00007ffc58ac4000 	C:\WINDOWS\SYSTEM32\UMPDC.dll
0x00007ffc581c0000 - 0x00007ffc581db000 	C:\WINDOWS\SYSTEM32\kernel.appcore.dll
0x00007ffc484d0000 - 0x00007ffc484da000 	C:\Users\user\.p2\pool\plugins\org.eclipse.justj.openjdk.hotspot.jre.full.win32.x86_64_21.0.8.v20250724-1412\jre\bin\jimage.dll
0x00007ffc55650000 - 0x00007ffc55892000 	C:\WINDOWS\SYSTEM32\DBGHELP.DLL
0x00007ffc5b0d0000 - 0x00007ffc5b455000 	C:\WINDOWS\System32\combase.dll
0x00007ffc5b850000 - 0x00007ffc5b926000 	C:\WINDOWS\System32\OLEAUT32.dll
0x00007ffc37b80000 - 0x00007ffc37bbc000 	C:\WINDOWS\SYSTEM32\dbgcore.DLL
0x00007ffc59fb0000 - 0x00007ffc5a055000 	C:\WINDOWS\System32\bcryptPrimitives.dll
0x00007ffc42990000 - 0x00007ffc429af000 	C:\Users\user\.p2\pool\plugins\org.eclipse.justj.openjdk.hotspot.jre.full.win32.x86_64_21.0.8.v20250724-1412\jre\bin\java.dll
0x00007ffc5a1e0000 - 0x00007ffc5a933000 	C:\WINDOWS\System32\SHELL32.dll
0x00007ffc59e40000 - 0x00007ffc59faa000 	C:\WINDOWS\System32\wintypes.dll
0x00007ffc56ff0000 - 0x00007ffc5784e000 	C:\WINDOWS\SYSTEM32\windows.storage.dll
0x00007ffc5bd70000 - 0x00007ffc5be65000 	C:\WINDOWS\System32\SHCORE.dll
0x00007ffc5abd0000 - 0x00007ffc5ac36000 	C:\WINDOWS\System32\shlwapi.dll
0x00007ffc59330000 - 0x00007ffc59359000 	C:\WINDOWS\SYSTEM32\profapi.dll
0x00007ffc42970000 - 0x00007ffc42988000 	C:\Users\user\.p2\pool\plugins\org.eclipse.justj.openjdk.hotspot.jre.full.win32.x86_64_21.0.8.v20250724-1412\jre\bin\zip.dll
0x00007ffc482d0000 - 0x00007ffc482e0000 	C:\Users\user\.p2\pool\plugins\org.eclipse.justj.openjdk.hotspot.jre.full.win32.x86_64_21.0.8.v20250724-1412\jre\bin\net.dll
0x00007ffc496b0000 - 0x00007ffc497d8000 	C:\WINDOWS\SYSTEM32\WINHTTP.dll
0x00007ffc587a0000 - 0x00007ffc5880b000 	C:\WINDOWS\system32\mswsock.dll
0x00007ffc42950000 - 0x00007ffc42966000 	C:\Users\user\.p2\pool\plugins\org.eclipse.justj.openjdk.hotspot.jre.full.win32.x86_64_21.0.8.v20250724-1412\jre\bin\nio.dll
0x0000027b50b70000 - 0x0000027b50b73000 	C:\Users\user\Downloads\openjfx-21.0.9_windows-x64_bin-sdk\javafx-sdk-21.0.9\bin\api-ms-win-core-console-l1-1-0.dll
0x0000027b50b80000 - 0x0000027b50b83000 	C:\Users\user\Downloads\openjfx-21.0.9_windows-x64_bin-sdk\javafx-sdk-21.0.9\bin\api-ms-win-core-console-l1-2-0.dll
0x0000027b50b90000 - 0x0000027b50b93000 	C:\Users\user\Downloads\openjfx-21.0.9_windows-x64_bin-sdk\javafx-sdk-21.0.9\bin\api-ms-win-core-datetime-l1-1-0.dll
0x0000027b50ba0000 - 0x0000027b50ba3000 	C:\Users\user\Downloads\openjfx-21.0.9_windows-x64_bin-sdk\javafx-sdk-21.0.9\bin\api-ms-win-core-debug-l1-1-0.dll
0x0000027b50bb0000 - 0x0000027b50bb3000 	C:\Users\user\Downloads\openjfx-21.0.9_windows-x64_bin-sdk\javafx-sdk-21.0.9\bin\api-ms-win-core-errorhandling-l1-1-0.dll
0x0000027b50bc0000 - 0x0000027b50bc4000 	C:\Users\user\Downloads\openjfx-21.0.9_windows-x64_bin-sdk\javafx-sdk-21.0.9\bin\api-ms-win-core-file-l1-1-0.dll
0x0000027b50bd0000 - 0x0000027b50bd3000 	C:\Users\user\Downloads\openjfx-21.0.9_windows-x64_bin-sdk\javafx-sdk-21.0.9\bin\api-ms-win-core-file-l1-2-0.dll
0x0000027b50be0000 - 0x0000027b50be3000 	C:\Users\user\Downloads\openjfx-21.0.9_windows-x64_bin-sdk\javafx-sdk-21.0.9\bin\api-ms-win-core-file-l2-1-0.dll
0x0000027b66d90000 - 0x0000027b66d93000 	C:\Users\user\Downloads\openjfx-21.0.9_windows-x64_bin-sdk\javafx-sdk-21.0.9\bin\api-ms-win-core-handle-l1-1-0.dll
0x0000027b66da0000 - 0x0000027b66da3000 	C:\Users\user\Downloads\openjfx-21.0.9_windows-x64_bin-sdk\javafx-sdk-21.0.9\bin\api-ms-win-core-heap-l1-1-0.dll
0x0000027b66db0000 - 0x0000027b66db3000 	C:\Users\user\Downloads\openjfx-21.0.9_windows-x64_bin-sdk\javafx-sdk-21.0.9\bin\api-ms-win-core-interlocked-l1-1-0.dll
0x0000027b66dc0000 - 0x0000027b66dc3000 	C:\Users\user\Downloads\openjfx-21.0.9_windows-x64_bin-sdk\javafx-sdk-21.0.9\bin\api-ms-win-core-libraryloader-l1-1-0.dll
0x0000027b66dd0000 - 0x0000027b66dd3000 	C:\Users\user\Downloads\openjfx-21.0.9_windows-x64_bin-sdk\javafx-sdk-21.0.9\bin\api-ms-win-core-localization-l1-2-0.dll
0x0000027b66de0000 - 0x0000027b66de3000 	C:\Users\user\Downloads\openjfx-21.0.9_windows-x64_bin-sdk\javafx-sdk-21.0.9\bin\api-ms-win-core-memory-l1-1-0.dll
0x0000027b66df0000 - 0x0000027b66df3000 	C:\Users\user\Downloads\openjfx-21.0.9_windows-x64_bin-sdk\javafx-sdk-21.0.9\bin\api-ms-win-core-namedpipe-l1-1-0.dll
0x0000027b66e00000 - 0x0000027b66e03000 	C:\Users\user\Downloads\openjfx-21.0.9_windows-x64_bin-sdk\javafx-sdk-21.0.9\bin\api-ms-win-core-processenvironment-l1-1-0.dll
0x0000027b66e10000 - 0x0000027b66e13000 	C:\Users\user\Downloads\openjfx-21.0.9_windows-x64_bin-sdk\javafx-sdk-21.0.9\bin\api-ms-win-core-processthreads-l1-1-0.dll
0x0000027b66e20000 - 0x0000027b66e23000 	C:\Users\user\Downloads\openjfx-21.0.9_windows-x64_bin-sdk\javafx-sdk-21.0.9\bin\api-ms-win-core-processthreads-l1-1-1.dll
0x0000027b66e30000 - 0x0000027b66e33000 	C:\Users\user\Downloads\openjfx-21.0.9_windows-x64_bin-sdk\javafx-sdk-21.0.9\bin\api-ms-win-core-profile-l1-1-0.dll
0x0000027b66e40000 - 0x0000027b66e43000 	C:\Users\user\Downloads\openjfx-21.0.9_windows-x64_bin-sdk\javafx-sdk-21.0.9\bin\api-ms-win-core-rtlsupport-l1-1-0.dll
0x0000027b66e50000 - 0x0000027b66e53000 	C:\Users\user\Downloads\openjfx-21.0.9_windows-x64_bin-sdk\javafx-sdk-21.0.9\bin\api-ms-win-core-string-l1-1-0.dll
0x0000027b66e60000 - 0x0000027b66e63000 	C:\Users\user\Downloads\openjfx-21.0.9_windows-x64_bin-sdk\javafx-sdk-21.0.9\bin\api-ms-win-core-synch-l1-1-0.dll
0x0000027b66e70000 - 0x0000027b66e73000 	C:\Users\user\Downloads\openjfx-21.0.9_windows-x64_bin-sdk\javafx-sdk-21.0.9\bin\api-ms-win-core-synch-l1-2-0.dll
0x0000027b66e80000 - 0x0000027b66e83000 	C:\Users\user\Downloads\openjfx-21.0.9_windows-x64_bin-sdk\javafx-sdk-21.0.9\bin\api-ms-win-core-sysinfo-l1-1-0.dll
0x0000027b66e90000 - 0x0000027b66e93000 	C:\Users\user\Downloads\openjfx-21.0.9_windows-x64_bin-sdk\javafx-sdk-21.0.9\bin\api-ms-win-core-timezone-l1-1-0.dll
0x0000027b66ea0000 - 0x0000027b66ea3000 	C:\Users\user\Downloads\openjfx-21.0.9_windows-x64_bin-sdk\javafx-sdk-21.0.9\bin\api-ms-win-core-util-l1-1-0.dll
0x0000027b66eb0000 - 0x0000027b66eb3000 	C:\Users\user\Downloads\openjfx-21.0.9_windows-x64_bin-sdk\javafx-sdk-21.0.9\bin\api-ms-win-crt-conio-l1-1-0.dll
0x0000027b66ec0000 - 0x0000027b66ec4000 	C:\Users\user\Downloads\openjfx-21.0.9_windows-x64_bin-sdk\javafx-sdk-21.0.9\bin\api-ms-win-crt-convert-l1-1-0.dll
0x0000027b66ed0000 - 0x0000027b66ed3000 	C:\Users\user\Downloads\openjfx-21.0.9_windows-x64_bin-sdk\javafx-sdk-21.0.9\bin\api-ms-win-crt-environment-l1-1-0.dll
0x0000027b66ee0000 - 0x0000027b66ee3000 	C:\Users\user\Downloads\openjfx-21.0.9_windows-x64_bin-sdk\javafx-sdk-21.0.9\bin\api-ms-win-crt-filesystem-l1-1-0.dll
0x0000027b66ef0000 - 0x0000027b66ef3000 	C:\Users\user\Downloads\openjfx-21.0.9_windows-x64_bin-sdk\javafx-sdk-21.0.9\bin\api-ms-win-crt-heap-l1-1-0.dll
0x0000027b66f00000 - 0x0000027b66f03000 	C:\Users\user\Downloads\openjfx-21.0.9_windows-x64_bin-sdk\javafx-sdk-21.0.9\bin\api-ms-win-crt-locale-l1-1-0.dll
0x0000027b66f10000 - 0x0000027b66f15000 	C:\Users\user\Downloads\openjfx-21.0.9_windows-x64_bin-sdk\javafx-sdk-21.0.9\bin\api-ms-win-crt-math-l1-1-0.dll
0x0000027b66f20000 - 0x0000027b66f25000 	C:\Users\user\Downloads\openjfx-21.0.9_windows-x64_bin-sdk\javafx-sdk-21.0.9\bin\api-ms-win-crt-multibyte-l1-1-0.dll
0x0000027b66f30000 - 0x0000027b66f40000 	C:\Users\user\Downloads\openjfx-21.0.9_windows-x64_bin-sdk\javafx-sdk-21.0.9\bin\api-ms-win-crt-private-l1-1-0.dll
0x0000027b66f40000 - 0x0000027b66f43000 	C:\Users\user\Downloads\openjfx-21.0.9_windows-x64_bin-sdk\javafx-sdk-21.0.9\bin\api-ms-win-crt-process-l1-1-0.dll
0x0000027b66f50000 - 0x0000027b66f54000 	C:\Users\user\Downloads\openjfx-21.0.9_windows-x64_bin-sdk\javafx-sdk-21.0.9\bin\api-ms-win-crt-runtime-l1-1-0.dll
0x0000027b66f60000 - 0x0000027b66f64000 	C:\Users\user\Downloads\openjfx-21.0.9_windows-x64_bin-sdk\javafx-sdk-21.0.9\bin\api-ms-win-crt-stdio-l1-1-0.dll
0x0000027b66f70000 - 0x0000027b66f74000 	C:\Users\user\Downloads\openjfx-21.0.9_windows-x64_bin-sdk\javafx-sdk-21.0.9\bin\api-ms-win-crt-string-l1-1-0.dll
0x0000027b66f80000 - 0x0000027b66f83000 	C:\Users\user\Downloads\openjfx-21.0.9_windows-x64_bin-sdk\javafx-sdk-21.0.9\bin\api-ms-win-crt-time-l1-1-0.dll
0x0000027b66f90000 - 0x0000027b66f93000 	C:\Users\user\Downloads\openjfx-21.0.9_windows-x64_bin-sdk\javafx-sdk-21.0.9\bin\api-ms-win-crt-utility-l1-1-0.dll
0x00007ffc05e60000 - 0x00007ffc05f5c000 	C:\Users\user\Downloads\openjfx-21.0.9_windows-x64_bin-sdk\javafx-sdk-21.0.9\bin\ucrtbase.dll
0x00007ffc40f40000 - 0x00007ffc40f5b000 	C:\Users\user\Downloads\openjfx-21.0.9_windows-x64_bin-sdk\javafx-sdk-21.0.9\bin\vcruntime140.dll
0x00007ffc47ec0000 - 0x00007ffc47ecc000 	C:\Users\user\Downloads\openjfx-21.0.9_windows-x64_bin-sdk\javafx-sdk-21.0.9\bin\vcruntime140_1.dll
0x00007ffc0c9a0000 - 0x00007ffc0ca2e000 	C:\Users\user\Downloads\openjfx-21.0.9_windows-x64_bin-sdk\javafx-sdk-21.0.9\bin\msvcp140.dll
0x00007ffc47e40000 - 0x00007ffc47e49000 	C:\Users\user\Downloads\openjfx-21.0.9_windows-x64_bin-sdk\javafx-sdk-21.0.9\bin\msvcp140_1.dll
0x00007ffc25e90000 - 0x00007ffc25ed1000 	C:\Users\user\Downloads\openjfx-21.0.9_windows-x64_bin-sdk\javafx-sdk-21.0.9\bin\msvcp140_2.dll
0x00007ffc40f10000 - 0x00007ffc40f40000 	C:\Users\user\Downloads\openjfx-21.0.9_windows-x64_bin-sdk\javafx-sdk-21.0.9\bin\prism_d3d.dll
0x00007ffbe5150000 - 0x00007ffbe5303000 	C:\WINDOWS\system32\d3d9.dll
0x00007ffc568d0000 - 0x00007ffc56900000 	C:\WINDOWS\SYSTEM32\dwmapi.dll
0x00007ffc56910000 - 0x00007ffc56954000 	C:\WINDOWS\SYSTEM32\dxcore.dll
0x00007ffc56650000 - 0x00007ffc566fb000 	C:\WINDOWS\system32\uxtheme.dll
0x00007ffc045f0000 - 0x00007ffc0480c000 	C:\WINDOWS\System32\DriverStore\FileRepository\iigd_dch.inf_amd64_9741ef1f4093481f\igdumdim64.dll
0x00007ffc5b530000 - 0x00007ffc5b6c7000 	C:\WINDOWS\System32\ole32.dll
0x00007ffbe0f00000 - 0x00007ffbe2273000 	C:\WINDOWS\System32\DriverStore\FileRepository\iigd_dch.inf_amd64_9741ef1f4093481f\igd9dxva64.dll
0x00007ffc5ac40000 - 0x00007ffc5b0ca000 	C:\WINDOWS\System32\SETUPAPI.dll
0x00007ffc590a0000 - 0x00007ffc590f7000 	C:\WINDOWS\SYSTEM32\cfgmgr32.dll
0x00007ffc070b0000 - 0x00007ffc08dd0000 	C:\WINDOWS\System32\DriverStore\FileRepository\iigd_dch.inf_amd64_9741ef1f4093481f\media_bin_64.dll
0x00007ffc4e250000 - 0x00007ffc4e667000 	C:\WINDOWS\System32\DriverStore\FileRepository\iigd_dch.inf_amd64_9741ef1f4093481f\igdgmm64.dll
0x00007ffc51600000 - 0x00007ffc51663000 	C:\WINDOWS\SYSTEM32\directxdatabasehelper.dll
0x00007ffc1bd50000 - 0x00007ffc1bd92000 	C:\Users\user\Downloads\openjfx-21.0.9_windows-x64_bin-sdk\javafx-sdk-21.0.9\bin\glass.dll
0x00007ffc5c080000 - 0x00007ffc5c170000 	C:\WINDOWS\System32\COMDLG32.dll
0x00007ffc5a9e0000 - 0x00007ffc5ab3e000 	C:\WINDOWS\System32\MSCTF.dll
0x00007ffc20870000 - 0x00007ffc20897000 	C:\WINDOWS\System32\DriverStore\FileRepository\iigd_dch.inf_amd64_9741ef1f4093481f\igdinfo64.dll
0x00007ffc4a530000 - 0x00007ffc4e22c000 	C:\WINDOWS\System32\DriverStore\FileRepository\iigd_dch.inf_amd64_9741ef1f4093481f\igc64.dll
0x00007ffc40eb0000 - 0x00007ffc40edd000 	C:\Users\user\Downloads\openjfx-21.0.9_windows-x64_bin-sdk\javafx-sdk-21.0.9\bin\javafx_iio.dll
0x00007ffc40e70000 - 0x00007ffc40e85000 	C:\Users\user\Downloads\openjfx-21.0.9_windows-x64_bin-sdk\javafx-sdk-21.0.9\bin\javafx_font.dll
0x00007ffc54a70000 - 0x00007ffc54cd7000 	C:\WINDOWS\SYSTEM32\dwrite.dll
0x00007ffc58a80000 - 0x00007ffc58a9b000 	C:\WINDOWS\SYSTEM32\CRYPTSP.dll
0x00007ffc58120000 - 0x00007ffc5815a000 	C:\WINDOWS\system32\rsaenh.dll
0x00007ffc58850000 - 0x00007ffc5887b000 	C:\WINDOWS\SYSTEM32\USERENV.dll
0x00007ffc59300000 - 0x00007ffc5932a000 	C:\WINDOWS\SYSTEM32\bcrypt.dll
0x00007ffc58aa0000 - 0x00007ffc58aac000 	C:\WINDOWS\SYSTEM32\CRYPTBASE.dll
0x00007ffc57c60000 - 0x00007ffc57c94000 	C:\WINDOWS\SYSTEM32\IPHLPAPI.DLL
0x00007ffc5b9b0000 - 0x00007ffc5b9ba000 	C:\WINDOWS\System32\NSI.dll
0x00007ffc5b6d0000 - 0x00007ffc5b780000 	C:\WINDOWS\System32\clbcatq.dll
0x00007ffc54830000 - 0x00007ffc54a60000 	C:\WINDOWS\SYSTEM32\WindowsCodecs.dll
0x00007ffc296f0000 - 0x00007ffc2974a000 	C:\WINDOWS\system32\dataexchange.dll
0x00007ffc464c0000 - 0x00007ffc46704000 	C:\WINDOWS\system32\twinapi.appcore.dll
0x00007ffc26f00000 - 0x00007ffc26f2c000 	C:\Program Files\Common Files\Microsoft Shared\Ink\rtscom.dll
0x00007ffc40b40000 - 0x00007ffc40c88000 	C:\WINDOWS\SYSTEM32\textinputframework.dll
0x00007ffc55f10000 - 0x00007ffc56037000 	C:\WINDOWS\SYSTEM32\CoreMessaging.dll
0x00007ffc50b50000 - 0x00007ffc50e32000 	C:\WINDOWS\SYSTEM32\CoreUIComponents.dll

JVMTI agents: none

dbghelp: loaded successfully - version: 4.0.5 - missing functions: none
symbol engine: initialized successfully - sym options: 0x614 - pdb path: .;C:\Users\user\.p2\pool\plugins\org.eclipse.justj.openjdk.hotspot.jre.full.win32.x86_64_21.0.8.v20250724-1412\jre\bin;C:\WINDOWS\SYSTEM32;C:\WINDOWS\WinSxS\amd64_microsoft.windows.common-controls_6595b64144ccf1df_6.0.26100.7309_none_3e05feeae336a044;C:\Users\user\.p2\pool\plugins\org.eclipse.justj.openjdk.hotspot.jre.full.win32.x86_64_21.0.8.v20250724-1412\jre\bin\server;C:\Users\user\Downloads\openjfx-21.0.9_windows-x64_bin-sdk\javafx-sdk-21.0.9\bin;C:\WINDOWS\System32\DriverStore\FileRepository\iigd_dch.inf_amd64_9741ef1f4093481f;C:\Program Files\Common Files\Microsoft Shared\Ink

VM Arguments:
jvm_args: --module-path=C:\Users\user\Downloads\openjfx-21.0.9_windows-x64_bin-sdk\javafx-sdk-21.0.9\lib --add-modules=javafx.controls,javafx.fxml -Dfile.encoding=UTF-8 -Dstdout.encoding=UTF-8 -Dstderr.encoding=UTF-8 --module-path=C:\Users\user\Downloads\openjfx-21.0.9_windows-x64_bin-sdk\javafx-sdk-21.0.9\lib\javafx-swt.jar;C:\Users\user\Downloads\openjfx-21.0.9_windows-x64_bin-sdk\javafx-sdk-21.0.9\lib\javafx.base.jar;C:\Users\user\Downloads\openjfx-21.0.9_windows-x64_bin-sdk\javafx-sdk-21.0.9\lib\javafx.controls.jar;C:\Users\user\Downloads\openjfx-21.0.9_windows-x64_bin-sdk\javafx-sdk-21.0.9\lib\javafx.fxml.jar;C:\Users\user\Downloads\openjfx-21.0.9_windows-x64_bin-sdk\javafx-sdk-21.0.9\lib\javafx.graphics.jar;C:\Users\user\Downloads\openjfx-21.0.9_windows-x64_bin-sdk\javafx-sdk-21.0.9\lib\javafx.media.jar;C:\Users\user\Downloads\openjfx-21.0.9_windows-x64_bin-sdk\javafx-sdk-21.0.9\lib\javafx.swing.jar;C:\Users\user\Downloads\openjfx-21.0.9_windows-x64_bin-sdk\javafx-sdk-21.0.9\lib\javafx.web.jar;C:\Users\user\.p2\pool\plugins\org.eclipse.fx.ide.css.jfx8_3.8.0.202204150904.jar -XX:+ShowCodeDetailsInExceptionMessages 
java_command: application.Main
java_class_path (initial): C:\Users\user\git\repository\CinemaTicketing\bin;C:\Users\user\Downloads\core-3.5.3.jar;C:\Users\user\Downloads\openjfx-21.0.9_windows-x64_bin-sdk\javafx-sdk-21.0.9\lib\javafx.base.jar;C:\Users\user\Downloads\openjfx-21.0.9_windows-x64_bin-sdk\javafx-sdk-21.0.9\lib\javafx.controls.jar;C:\Users\user\Downloads\openjfx-21.0.9_windows-x64_bin-sdk\javafx-sdk-21.0.9\lib\javafx.fxml.jar;C:\Users\user\Downloads\openjfx-21.0.9_windows-x64_bin-sdk\javafx-sdk-21.0.9\lib\javafx.graphics.jar;C:\Users\user\Downloads\openjfx-21.0.9_windows-x64_bin-sdk\javafx-sdk-21.0.9\lib\javafx.media.jar;C:\Users\user\Downloads\openjfx-21.0.9_windows-x64_bin-sdk\javafx-sdk-21.0.9\lib\javafx.swing.jar;C:\Users\user\Downloads\openjfx-21.0.9_windows-x64_bin-sdk\javafx-sdk-21.0.9\lib\javafx.web.jar;C:\Users\user\Downloads\openjfx-21.0.9_windows-x64_bin-sdk\javafx-sdk-21.0.9\lib\javafx-swt.jar;C:\Users\user\Downloads\javase-3.5.3.jar;C:\Users\user\Downloads\mysql-connector-j-9.5.0\mysql-connector-j-9.5.0\mysql-connector-j-9.5.0.jar;C:\Users\user\Downloads\jfoenix-9.0.10.jar;C:\Users\user\Downloads\mysql-connector-j-9.4.0\mysql-connector-j-9.4.0\mysql-connector-j-9.4.0.jar;C:\Users\user\Downloads\fontawesomefx-8.2.jar;C:\Users\user\Downloads\jbcrypt-0.4.jar
Launcher Type: SUN_STANDARD

[Global flags]
     intx CICompilerCount                          = 3                                         {product} {ergonomic}
     uint ConcGCThreads                            = 1                                         {product} {ergonomic}
     uint G1ConcRefinementThreads                  = 4                                         {product} {ergonomic}
   size_t G1HeapRegionSize                         = 1048576                                   {product} {ergonomic}
    uintx GCDrainStackTargetSize                   = 64                                        {product} {ergonomic}
   size_t InitialHeapSize                          = 62914560                                  {product} {ergonomic}
   size_t MarkStackSize                            = 4194304                                   {product} {ergonomic}
   size_t MaxHeapSize                              = 994050048                                 {product} {ergonomic}
   size_t MaxNewSize                               = 595591168                                 {product} {ergonomic}
   size_t MinHeapDeltaBytes                        = 1048576                                   {product} {ergonomic}
   size_t MinHeapSize                              = 8388608                                   {product} {ergonomic}
    uintx NonNMethodCodeHeapSize                   = 5832780                                {pd product} {ergonomic}
    uintx NonProfiledCodeHeapSize                  = 122912730                              {pd product} {ergonomic}
    uintx ProfiledCodeHeapSize                     = 122912730                              {pd product} {ergonomic}
    uintx ReservedCodeCacheSize                    = 251658240                              {pd product} {ergonomic}
     bool SegmentedCodeCache                       = true                                      {product} {ergonomic}
     bool ShowCodeDetailsInExceptionMessages       = true                                   {manageable} {command line}
   size_t SoftMaxHeapSize                          = 994050048                              {manageable} {ergonomic}
     bool UseCompressedOops                        = true                           {product lp64_product} {ergonomic}
     bool UseG1GC                                  = true                                      {product} {ergonomic}
     bool UseLargePagesIndividualAllocation        = false                                  {pd product} {ergonomic}

Logging:
Log output configuration:
 #0: stdout all=warning uptime,level,tags foldmultilines=false
 #1: stderr all=off uptime,level,tags foldmultilines=false

Environment Variables:
PATH=C:/Users/user/.p2/pool/plugins/org.eclipse.justj.openjdk.hotspot.jre.full.win32.x86_64_21.0.9.v20251105-0741/jre/bin/server;C:/Users/user/.p2/pool/plugins/org.eclipse.justj.openjdk.hotspot.jre.full.win32.x86_64_21.0.9.v20251105-0741/jre/bin;C:\Program Files\Common Files\Oracle\Java\javapath;C:\WINDOWS\system32;C:\WINDOWS;C:\WINDOWS\System32\Wbem;C:\WINDOWS\System32\WindowsPowerShell\v1.0\;C:\WINDOWS\System32\OpenSSH\;C:\Program Files\Microsoft VS Code\bin;C:\Program Files\Java\jdk-24\bin;C:\Program Files\Java\jdk-24\bin;C:\Program Files (x86)\Microsoft SQL Server\160\DTS\Binn\;C:\Program Files (x86)\Microsoft SQL Server\160\Tools\Binn\;C:\Program Files\Microsoft SQL Server\160\Tools\Binn\;C:\Program Files\Microsoft SQL Server\Client SDK\ODBC\170\Tools\Binn\;C:\Program Files\Microsoft SQL Server\160\DTS\Binn\;C:\Program Files\nodejs\;C:\Program Files\dotnet\;C:\Program Files\Git\cmd;C:\Users\user\AppData\Local\Programs\Python\Python314\Scripts\;C:\Users\user\AppData\Local\Programs\Python\Python314\;C:\Users\user\AppData\Local\Microsoft\WindowsApps;C:\Users\user\AppData\Roaming\npm;C:\Users\user\AppData\Local\Programs\Antigravity\bin;C:\Users\user\Desktop;
USERNAME=user
OS=Windows_NT
PROCESSOR_IDENTIFIER=Intel64 Family 6 Model 140 Stepping 1, GenuineIntel
TMP=C:\Users\user\AppData\Local\Temp
TEMP=C:\Users\user\AppData\Local\Temp




Periodic native trim disabled

---------------  S Y S T E M  ---------------

OS:
 Windows 11 , 64 bit Build 26100 (10.0.26100.7309)
OS uptime: 0 days 14:51 hours
Hyper-V role detected

CPU: total 4 (initial active 4) (2 cores per cpu, 2 threads per core) family 6 model 140 stepping 1 microcode 0x86, cx8, cmov, fxsr, ht, mmx, 3dnowpref, sse, sse2, sse3, ssse3, sse4.1, sse4.2, popcnt, lzcnt, tsc, tscinvbit, avx, avx2, aes, erms, clmul, bmi1, bmi2, adx, avx512f, avx512dq, avx512cd, avx512bw, avx512vl, sha, fma, vzeroupper, avx512_vpopcntdq, avx512_vpclmulqdq, avx512_vaes, avx512_vnni, clflush, clflushopt, clwb, avx512_vbmi2, avx512_vbmi, hv, rdtscp, rdpid, fsrm, gfni, avx512_bitalg, f16c, cet_ibt, cet_ss, avx512_ifma
Processor Information for the first 4 processors :
  Max Mhz: 2995, Current Mhz: 2995, Mhz Limit: 2995

Memory: 4k page, system-wide physical 3790M (300M free)
TotalPageFile size 15566M (AvailPageFile size 6M)
current process WorkingSet (physical memory assigned to process): 371M, peak: 373M
current process commit charge ("private bytes"): 699M, peak: 734M

vm_info: OpenJDK 64-Bit Server VM (21.0.8+9-LTS) for windows-amd64 JRE (21.0.8+9-LTS), built on 2025-07-15T00:00:00Z by "admin" with MS VC++ 17.7 (VS2022)

END.
